========== nv_optimize_wysiwyg (PINK SNAKE = WHITE MASK) ==========
[1/174] DSC_0018_segment_1_segmented_smoothed.tif: ok score=15.868462340724653
[2/174] DSC_0024_segment_1_segmented_smoothed.tif: ok score=14.303289515578054
[3/174] DSC_0034_segment_1_segmented_smoothed.tif: ok score=13.629852642420014
[4/174] DSC_0036_segment_1_segmented_smoothed.tif: ok score=15.125279571902682
[5/174] DSC_0037_segment_1_segmented_smoothed.tif: ok score=17.55816599669229
[6/174] DSC_0040_segment_1_segmented_smoothed.tif: ok score=12.893525968972366
[7/174] DSC_0044_segment_1_segmented_smoothed.tif: ok score=17.487761025438942
[8/174] DSC_0050_segment_1_segmented_smoothed.tif: ok score=15.223401356823583
[9/174] DSC_0057_segment_1_segmented_smoothed.tif: ok score=13.474513243215574
[10/174] DSC_0059_segment_1_segmented_smoothed.tif: ok score=16.100492700629573
[11/174] DSC_0060_segment_1_segmented_smoothed.tif: ok score=14.820567546870752
[12/174] DSC_0064_segment_1_segmented_smoothed.tif: ok score=16.04838445386953
[13/174] DSC_0068_segment_1_segmented_smoothed.tif: ok score=16.899247169705163
[14/174] DSC_0069_segment_1_segmented_smoothed.tif: ok score=17.73266686446642
[15/174] DSC_0070_segment_1_segmented_smoothed.tif: ok score=13.59242454775487
[16/174] DSC_0084_segment_1_segmented_smoothed.tif: ok score=13.262434637684166
[17/174] DSC_0089_segment_1_segmented_smoothed.tif: ok score=14.654371257425762
[18/174] DSC_0090_segment_1_segmented_smoothed.tif: ok score=18.411881293323074
[19/174] DSC_0091_segment_1_segmented_smoothed.tif: ok score=22.65146062046756
[20/174] DSC_0092_segment_1_segmented_smoothed.tif: ok score=21.111375473922077
[21/174] DSC_0093_segment_1_segmented_smoothed.tif: ok score=20.885170934636644
[22/174] DSC_0094_segment_1_segmented_smoothed.tif: ok score=14.744510550797255
[23/174] DSC_0096_segment_1_segmented_smoothed.tif: ok score=31.150481510415535
[24/174] DSC_0099_segment_1_segmented_smoothed.tif: ok score=17.445401667150964
[25/174] DSC_0100_segment_1_segmented_smoothed.tif: ok score=18.305955410804145
[26/174] DSC_0103_segment_1_segmented_smoothed.tif: ok score=24.265543513359066
[27/174] DSC_0105_segment_1_segmented_smoothed.tif: ok score=23.314497349363304
[28/174] DSC_0106_segment_1_segmented_smoothed.tif: ok score=18.03315685733218
[29/174] DSC_0107_segment_1_segmented_smoothed.tif: ok score=19.39017040505854
[30/174] DSC_0109_segment_1_segmented_smoothed.tif: ok score=20.612776281117835
[31/174] DSC_0110_segment_1_segmented_smoothed.tif: ok score=16.321923522835046
[32/174] DSC_0111_segment_1_segmented_smoothed.tif: ok score=28.743162052774558
[33/174] DSC_0112_segment_1_segmented_smoothed.tif: ok score=27.9193222194926
[34/174] DSC_0113_segment_1_segmented_smoothed.tif: ok score=22.524931414586728
[35/174] DSC_0114_segment_1_segmented_smoothed.tif: ok score=17.53101478070147
[36/174] DSC_0118_segment_1_segmented_smoothed.tif: ok score=17.20355289137634
[37/174] DSC_0119_segment_1_segmented_smoothed.tif: ok score=17.144572321499208
[38/174] DSC_0120_segment_1_segmented_smoothed.tif: ok score=19.95242300629643
[39/174] DSC_0121_segment_1_segmented_smoothed.tif: ok score=18.861252922901194
[40/174] DSC_0122_segment_1_segmented_smoothed.tif: ok score=16.99169641406476
[41/174] DSC_0127_segment_1_segmented_smoothed.tif: ok score=17.787371854792546
[42/174] DSC_0128_segment_1_segmented_smoothed.tif: ok score=24.02174362741241
[43/174] DSC_0129_segment_1_segmented_smoothed.tif: ok score=22.668011446795482
[44/174] DSC_0130_segment_1_segmented_smoothed.tif: ok score=19.127411289355173
[45/174] DSC_0132_segment_1_segmented_smoothed.tif: ok score=20.64867928774725
[46/174] DSC_0133_segment_1_segmented_smoothed.tif: ok score=17.94892012994235
[47/174] DSC_0135_segment_1_segmented_smoothed.tif: ok score=16.34917741780406
[48/174] DSC_0137_segment_1_segmented_smoothed.tif: ok score=20.038216476452952
[49/174] DSC_0138_segment_1_segmented_smoothed.tif: ok score=19.975189897592713
[50/174] DSC_0139_segment_1_segmented_smoothed.tif: ok score=17.665086537303992
[51/174] DSC_0140_segment_1_segmented_smoothed.tif: ok score=14.985485646852906
[52/174] DSC_0142_segment_1_segmented_smoothed.tif: ok score=35.77173385839254
[53/174] DSC_0146_segment_1_segmented_smoothed.tif: ok score=16.99753991737229
[54/174] DSC_0147_segment_1_segmented_smoothed.tif: ok score=18.252745624284785
[55/174] DSC_0148_segment_1_segmented_smoothed.tif: ok score=22.258581028529992
[56/174] DSC_0149_segment_1_segmented_smoothed.tif: ok score=23.10729720243531
[57/174] DSC_0154_segment_1_segmented_smoothed.tif: ok score=27.743343476788777
[58/174] DSC_0156_segment_1_segmented_smoothed.tif: ok score=18.821240559074038
[59/174] DSC_0157_segment_1_segmented_smoothed.tif: ok score=18.868877954004866
[60/174] DSC_0160_segment_1_segmented_smoothed.tif: ok score=25.77888717061487
[61/174] DSC_0161_segment_1_segmented_smoothed.tif: ok score=17.520702880005793
[62/174] DSC_0162_segment_1_segmented_smoothed.tif: ok score=21.596649932572507
[63/174] DSC_0163_segment_1_segmented_smoothed.tif: ok score=45.696459055562705
[64/174] DSC_0165_segment_1_segmented_smoothed.tif: ok score=25.016877662353266
[65/174] DSC_0166_segment_1_segmented_smoothed.tif: ok score=43.42377991787699
[66/174] DSC_0171_segment_1_segmented_smoothed.tif: ok score=20.984271677074627
[67/174] DSC_0172_segment_1_segmented_smoothed.tif: ok score=32.23752917419434
[68/174] DSC_0173_segment_1_segmented_smoothed.tif: ok score=26.410803176599536
[69/174] DSC_0174_segment_1_segmented_smoothed.tif: ok score=25.10323074720584
[70/174] DSC_0175_segment_1_segmented_smoothed.tif: ok score=25.848172265928554
[71/174] DSC_0176_segment_1_segmented_smoothed.tif: ok score=17.521808668403725
[72/174] DSC_0178_segment_1_segmented_smoothed.tif: ok score=20.89795935040496
[73/174] DSC_0180_segment_1_segmented_smoothed.tif: ok score=16.946376185042173
[74/174] DSC_0181_segment_1_segmented_smoothed.tif: ok score=16.35456029572838
[75/174] DSC_0182_segment_1_segmented_smoothed.tif: ok score=25.38656439074166
[76/174] DSC_0183_segment_1_segmented_smoothed.tif: ok score=16.357170754296
[77/174] DSC_0184_segment_1_segmented_smoothed.tif: ok score=19.225422583044118
[78/174] DSC_0185_segment_1_segmented_smoothed.tif: ok score=12.397613573777653
[79/174] DSC_0186_segment_1_segmented_smoothed.tif: ok score=15.708916645307161
[80/174] DSC_0187_segment_1_segmented_smoothed.tif: ok score=22.531999872625093
[81/174] DSC_0188_segment_1_segmented_smoothed.tif: ok score=17.683135334781156
[82/174] DSC_0191_segment_1_segmented_smoothed.tif: ok score=30.88812234158999
[83/174] DSC_0192_segment_1_segmented_smoothed.tif: ok score=33.7535736867809
[84/174] DSC_0198_segment_1_segmented_smoothed.tif: ok score=40.29244381822506
[85/174] DSC_0199_segment_1_segmented_smoothed.tif: ok score=12.671207824398117
[86/174] DSC_0201_segment_1_segmented_smoothed.tif: ok score=25.66933388087116
[87/174] DSC_0203_segment_1_segmented_smoothed.tif: ok score=16.04665668003041
[88/174] DSC_0205_segment_1_segmented_smoothed.tif: ok score=19.648820594930072
[89/174] DSC_0206_segment_1_segmented_smoothed.tif: ok score=18.661354851523466
[90/174] DSC_0208_segment_1_segmented_smoothed.tif: ok score=19.31971142126172
[91/174] DSC_0209_segment_1_segmented_smoothed.tif: ok score=18.147098423202564
[92/174] DSC_0210_segment_1_segmented_smoothed.tif: ok score=18.45318071788763
[93/174] DSC_0211_segment_1_segmented_smoothed.tif: ok score=30.31675541620249
[94/174] DSC_0213_segment_1_segmented_smoothed.tif: ok score=20.546315022382213
[95/174] DSC_0217_segment_1_segmented_smoothed.tif: ok score=20.72694509004234
[96/174] DSC_0218_segment_1_segmented_smoothed.tif: ok score=15.907315263424852
[97/174] DSC_0220_segment_1_segmented_smoothed.tif: ok score=15.787607858705336
[98/174] DSC_0222_segment_1_segmented_smoothed.tif: ok score=19.048092747036662
[99/174] DSC_0223_segment_1_segmented_smoothed.tif: ok score=17.50185354020958
[100/174] DSC_0225_segment_1_segmented_smoothed.tif: ok score=16.915207666295323
[101/174] DSC_0226_segment_1_segmented_smoothed.tif: ok score=19.340234948922756
[102/174] DSC_0227_segment_1_segmented_smoothed.tif: ok score=16.593002145728796
[103/174] DSC_0232_segment_1_segmented_smoothed.tif: ok score=17.243058680782983
[104/174] DSC_0235_segment_1_segmented_smoothed.tif: ok score=18.69534306788411
[105/174] DSC_0239_segment_1_segmented_smoothed.tif: ok score=17.944802420809086
[106/174] DSC_0240_segment_1_segmented_smoothed.tif: ok score=29.091114510520534
[107/174] DSC_0241_segment_1_segmented_smoothed.tif: ok score=35.451725064236605
[108/174] DSC_0242_segment_1_segmented_smoothed.tif: ok score=28.349429819938923
[109/174] DSC_0243_segment_1_segmented_smoothed.tif: ok score=25.605075679522912
[110/174] DSC_0248_segment_1_segmented_smoothed.tif: ok score=17.475357614513484
[111/174] DSC_0249_segment_1_segmented_smoothed.tif: ok score=17.700301633551327
[112/174] DSC_0251_segment_1_segmented_smoothed.tif: ok score=21.51127848068885
[113/174] DSC_0251_segment_1_segmented_smoothed__1.tif: ok score=15.37456562629997
[114/174] DSC_0252_segment_1_segmented_smoothed.tif: ok score=22.479239588835497
[115/174] DSC_0252_segment_1_segmented_smoothed__1.tif: ok score=27.144789835525444
[116/174] DSC_0253_segment_1_segmented_smoothed.tif: ok score=26.352937748296583
[117/174] DSC_0254_segment_1_segmented_smoothed.tif: ok score=16.776509449243843
[118/174] DSC_0256_segment_1_segmented_smoothed.tif: ok score=21.100812068073967
[119/174] DSC_0256_segment_1_segmented_smoothed__1.tif: ok score=19.458701673073172
[120/174] DSC_0257_segment_1_segmented_smoothed.tif: ok score=20.63943437612167
[121/174] DSC_0257_segment_1_segmented_smoothed__1.tif: ok score=13.259593110916287
[122/174] DSC_0258_segment_1_segmented_smoothed.tif: ok score=21.834643073282145
[123/174] DSC_0260_segment_1_segmented_smoothed.tif: ok score=37.94010873532642
[124/174] DSC_0260_segment_1_segmented_smoothed__1.tif: ok score=12.839640883615981
[125/174] DSC_0261_segment_1_segmented_smoothed.tif: ok score=11.373467607907553
[126/174] DSC_0262_segment_1_segmented_smoothed.tif: ok score=18.147247113829827
[127/174] DSC_0263_segment_1_segmented_smoothed.tif: ok score=39.68686733293808
[128/174] DSC_0264_segment_1_segmented_smoothed.tif: ok score=23.080249241027378
[129/174] DSC_0265_segment_1_segmented_smoothed.tif: ok score=20.64304050708707
[130/174] DSC_0267_segment_1_segmented_smoothed.tif: ok score=16.491964522605645
[131/174] DSC_0268_segment_1_segmented_smoothed.tif: ok score=21.64281937960254
[132/174] DSC_0269_segment_1_segmented_smoothed.tif: ok score=28.293128660744667
[133/174] DSC_0270_segment_1_segmented_smoothed.tif: ok score=26.74018890896436
[134/174] DSC_0272_segment_1_segmented_smoothed.tif: ok score=20.936241214507163
[135/174] DSC_0273_segment_1_segmented_smoothed.tif: ok score=17.669973478081737
[136/174] DSC_0274_segment_1_segmented_smoothed.tif: ok score=19.600148605297942
[137/174] DSC_0275_segment_1_segmented_smoothed.tif: ok score=29.103368449111773
[138/174] DSC_0277_segment_1_segmented_smoothed.tif: ok score=23.352887217164557
[139/174] DSC_0278_segment_1_segmented_smoothed.tif: ok score=21.788824421859708
[140/174] DSC_0279_segment_1_segmented_smoothed.tif: ok score=31.710878107786797
[141/174] DSC_0283_segment_1_segmented_smoothed.tif: ok score=17.70003255011115
[142/174] DSC_0284_segment_1_segmented_smoothed.tif: ok score=20.702927188772424
[143/174] DSC_0285_segment_1_segmented_smoothed.tif: ok score=22.219609748835985
[144/174] DSC_0286_segment_1_segmented_smoothed.tif: ok score=22.92265017149258
[145/174] DSC_0287_segment_1_segmented_smoothed.tif: ok score=26.553611533645668
[146/174] DSC_0288_segment_1_segmented_smoothed.tif: ok score=18.84837316454209
[147/174] DSC_0363_segment_1_segmented_smoothed.tif: ok score=17.56839413503163
[148/174] DSC_0364_segment_1_segmented_smoothed.tif: ok score=20.360530944557706
[149/174] DSC_0365_segment_1_segmented_smoothed.tif: ok score=18.292994337093493
[150/174] DSC_0370_segment_1_segmented_smoothed.tif: ok score=22.79266694463726
[151/174] DSC_0371_segment_1_segmented_smoothed.tif: ok score=20.38689438011781
[152/174] DSC_0372_segment_1_segmented_smoothed.tif: ok score=22.14117890391805
[153/174] DSC_0374_segment_1_segmented_smoothed.tif: ok score=22.36515352473481
[154/174] DSC_0376_segment_1_segmented_smoothed.tif: ok score=23.406192066314343
[155/174] DSC_0378_segment_1_segmented_smoothed.tif: ok score=19.98871279464288
[156/174] DSC_0379_segment_1_segmented_smoothed.tif: ok score=19.581287986328775
[157/174] DSC_0380_segment_1_segmented_smoothed.tif: ok score=21.941866792304374
[158/174] DSC_0381_segment_1_segmented_smoothed.tif: ok score=16.894548746043036
[159/174] DSC_0386_segment_1_segmented_smoothed.tif: ok score=16.448805109154243
[160/174] DSC_0389_segment_1_segmented_smoothed.tif: ok score=17.489637989011964
[161/174] DSC_0394_segment_1_segmented_smoothed.tif: ok score=22.585994701149854
[162/174] DSC_0397_segment_1_segmented_smoothed.tif: ok score=16.292892301728077
[163/174] DSC_0398_segment_1_segmented_smoothed.tif: ok score=28.136559022314014
[164/174] DSC_0400_segment_1_segmented_smoothed.tif: ok score=25.200548592677936
[165/174] DSC_0401_segment_1_segmented_smoothed.tif: ok score=22.403753504963824
[166/174] DSC_0402_segment_1_segmented_smoothed.tif: ok score=39.1712686459457
[167/174] DSC_0404_segment_1_segmented_smoothed.tif: ok score=25.92375117623419
[168/174] DSC_0406_segment_1_segmented_smoothed.tif: ok score=18.119624545098585
[169/174] DSC_0407_segment_1_segmented_smoothed.tif: ok score=26.477173471397627
[170/174] DSC_0408_segment_1_segmented_smoothed.tif: ok score=22.60264517560873
[171/174] DSC_0412_segment_1_segmented_smoothed.tif: ok score=15.566788325453786
[172/174] DSC_0416_segment_1_segmented_smoothed.tif: ok score=16.495593439926843
[173/174] DSC_0417_segment_1_segmented_smoothed.tif: ok score=26.78429556206795
[174/174] DSC_0419_segment_1_segmented_smoothed.tif: ok score=19.765512982758327
Done. Log: /cluster/VAST/kazict-lab/e/lesion_phes/code/segmentors_backbones/cpu_output_3/opt_summary.csv
Training job completed!
