========== nv_optimize_inner_mask (SAVES NECROTIC MASK) ==========
Mode: fused | Workers: 1 | Budget: 64
[1/174] DSC_0018_segment_1_segmented_smoothed.tif: ok score=13.081523219024799
[2/174] DSC_0024_segment_1_segmented_smoothed.tif: ok score=13.17498233257096
[3/174] DSC_0034_segment_1_segmented_smoothed.tif: ok score=12.034539973894423
[4/174] DSC_0036_segment_1_segmented_smoothed.tif: ok score=12.572308825623729
[5/174] DSC_0037_segment_1_segmented_smoothed.tif: ok score=16.885849228249448
[6/174] DSC_0040_segment_1_segmented_smoothed.tif: ok score=10.827254243999295
[7/174] DSC_0044_segment_1_segmented_smoothed.tif: ok score=15.767240812356073
[8/174] DSC_0050_segment_1_segmented_smoothed.tif: ok score=11.691503284574395
[9/174] DSC_0057_segment_1_segmented_smoothed.tif: ok score=11.094255953609776
[10/174] DSC_0059_segment_1_segmented_smoothed.tif: ok score=15.930927976257268
[11/174] DSC_0060_segment_1_segmented_smoothed.tif: ok score=14.096986166863232
[12/174] DSC_0064_segment_1_segmented_smoothed.tif: ok score=14.803001646745676
[13/174] DSC_0068_segment_1_segmented_smoothed.tif: ok score=17.478487465606467
[14/174] DSC_0069_segment_1_segmented_smoothed.tif: ok score=18.13352184731325
[15/174] DSC_0070_segment_1_segmented_smoothed.tif: ok score=10.555158808048088
[16/174] DSC_0084_segment_1_segmented_smoothed.tif: ok score=12.050698871315568
[17/174] DSC_0089_segment_1_segmented_smoothed.tif: ok score=11.77438582893948
[18/174] DSC_0090_segment_1_segmented_smoothed.tif: ok score=18.482894596680683
[19/174] DSC_0091_segment_1_segmented_smoothed.tif: ok score=22.40431652926727
[20/174] DSC_0092_segment_1_segmented_smoothed.tif: ok score=20.6354093023227
[21/174] DSC_0093_segment_1_segmented_smoothed.tif: ok score=21.227266167968555
[22/174] DSC_0094_segment_1_segmented_smoothed.tif: ok score=13.742836468848449
[23/174] DSC_0096_segment_1_segmented_smoothed.tif: ok score=30.848529424066733
[24/174] DSC_0099_segment_1_segmented_smoothed.tif: ok score=16.932456368341768
[25/174] DSC_0100_segment_1_segmented_smoothed.tif: ok score=18.410678970847602
[26/174] DSC_0103_segment_1_segmented_smoothed.tif: ok score=24.01604910434835
[27/174] DSC_0105_segment_1_segmented_smoothed.tif: ok score=22.453883538279463
[28/174] DSC_0106_segment_1_segmented_smoothed.tif: ok score=17.14433828057893
[29/174] DSC_0107_segment_1_segmented_smoothed.tif: ok score=18.671401711295783
[30/174] DSC_0109_segment_1_segmented_smoothed.tif: ok score=19.068968439838592
[31/174] DSC_0110_segment_1_segmented_smoothed.tif: ok score=16.364809608920687
[32/174] DSC_0111_segment_1_segmented_smoothed.tif: ok score=25.87408642668865
[33/174] DSC_0112_segment_1_segmented_smoothed.tif: ok score=16.189175314065768
[34/174] DSC_0113_segment_1_segmented_smoothed.tif: ok score=23.887879625075648
[35/174] DSC_0114_segment_1_segmented_smoothed.tif: ok score=16.535189415829965
[36/174] DSC_0118_segment_1_segmented_smoothed.tif: ok score=16.894863499548542
[37/174] DSC_0119_segment_1_segmented_smoothed.tif: ok score=14.339460813494682
[38/174] DSC_0120_segment_1_segmented_smoothed.tif: ok score=18.592655807668397
[39/174] DSC_0121_segment_1_segmented_smoothed.tif: ok score=18.607007304625608
[40/174] DSC_0122_segment_1_segmented_smoothed.tif: ok score=17.38867268559058
[41/174] DSC_0127_segment_1_segmented_smoothed.tif: ok score=17.570193023767292
[42/174] DSC_0128_segment_1_segmented_smoothed.tif: ok score=19.996840299025628
[43/174] DSC_0129_segment_1_segmented_smoothed.tif: ok score=22.131564156612505
[44/174] DSC_0130_segment_1_segmented_smoothed.tif: ok score=19.42103812763882
[45/174] DSC_0132_segment_1_segmented_smoothed.tif: ok score=19.82929105730865
[46/174] DSC_0133_segment_1_segmented_smoothed.tif: ok score=18.364390349261196
[47/174] DSC_0135_segment_1_segmented_smoothed.tif: ok score=14.715770401040926
[48/174] DSC_0137_segment_1_segmented_smoothed.tif: ok score=19.880657465600546
[49/174] DSC_0138_segment_1_segmented_smoothed.tif: ok score=16.27050050444011
[50/174] DSC_0139_segment_1_segmented_smoothed.tif: ok score=15.436147763622472
[51/174] DSC_0140_segment_1_segmented_smoothed.tif: ok score=15.315364607485668
[52/174] DSC_0142_segment_1_segmented_smoothed.tif: ok score=34.549980518411274
[53/174] DSC_0146_segment_1_segmented_smoothed.tif: ok score=17.0698518339371
[54/174] DSC_0147_segment_1_segmented_smoothed.tif: ok score=17.57668340745199
[55/174] DSC_0148_segment_1_segmented_smoothed.tif: ok score=19.246697424557127
[56/174] DSC_0149_segment_1_segmented_smoothed.tif: ok score=19.718675563914182
[57/174] DSC_0154_segment_1_segmented_smoothed.tif: ok score=21.34917792438466
[58/174] DSC_0156_segment_1_segmented_smoothed.tif: ok score=18.604079949656853
[59/174] DSC_0157_segment_1_segmented_smoothed.tif: ok score=19.078755395460515
[60/174] DSC_0160_segment_1_segmented_smoothed.tif: ok score=16.870047445686083
[61/174] DSC_0161_segment_1_segmented_smoothed.tif: ok score=15.252690550344296
[62/174] DSC_0162_segment_1_segmented_smoothed.tif: ok score=20.659385374894345
[63/174] DSC_0163_segment_1_segmented_smoothed.tif: ok score=41.03985965533394
[64/174] DSC_0165_segment_1_segmented_smoothed.tif: ok score=18.531065932002154
[65/174] DSC_0166_segment_1_segmented_smoothed.tif: ok score=40.88913195917848
[66/174] DSC_0171_segment_1_segmented_smoothed.tif: ok score=18.95788102398076
[67/174] DSC_0172_segment_1_segmented_smoothed.tif: ok score=26.37427562093841
[68/174] DSC_0173_segment_1_segmented_smoothed.tif: ok score=26.129346234423835
[69/174] DSC_0174_segment_1_segmented_smoothed.tif: ok score=24.083767237892346
[70/174] DSC_0175_segment_1_segmented_smoothed.tif: ok score=22.676283679813775
[71/174] DSC_0176_segment_1_segmented_smoothed.tif: ok score=18.742641063197226
[72/174] DSC_0178_segment_1_segmented_smoothed.tif: ok score=20.39578442389555
[73/174] DSC_0180_segment_1_segmented_smoothed.tif: ok score=14.843795539991401
[74/174] DSC_0181_segment_1_segmented_smoothed.tif: ok score=15.60005638475713
[75/174] DSC_0182_segment_1_segmented_smoothed.tif: ok score=25.412867273488907
[76/174] DSC_0183_segment_1_segmented_smoothed.tif: ok score=16.019181885385663
[77/174] DSC_0184_segment_1_segmented_smoothed.tif: ok score=18.913363738490904
[78/174] DSC_0185_segment_1_segmented_smoothed.tif: ok score=12.139281870660787
[79/174] DSC_0186_segment_1_segmented_smoothed.tif: ok score=14.965906464269299
[80/174] DSC_0187_segment_1_segmented_smoothed.tif: ok score=18.937896071831997
[81/174] DSC_0188_segment_1_segmented_smoothed.tif: ok score=18.313970500564587
[82/174] DSC_0191_segment_1_segmented_smoothed.tif: ok score=28.669583393664062
[83/174] DSC_0192_segment_1_segmented_smoothed.tif: ok score=27.472135860075117
[84/174] DSC_0198_segment_1_segmented_smoothed.tif: ok score=38.39847967252715
[85/174] DSC_0199_segment_1_segmented_smoothed.tif: ok score=11.363560140537256
[86/174] DSC_0201_segment_1_segmented_smoothed.tif: ok score=22.41780991096602
[87/174] DSC_0203_segment_1_segmented_smoothed.tif: ok score=15.48610502378968
[88/174] DSC_0205_segment_1_segmented_smoothed.tif: ok score=16.861463676461657
[89/174] DSC_0206_segment_1_segmented_smoothed.tif: ok score=24.376680355358726
[90/174] DSC_0208_segment_1_segmented_smoothed.tif: ok score=18.67713264568814
[91/174] DSC_0209_segment_1_segmented_smoothed.tif: ok score=16.813872370898235
[92/174] DSC_0210_segment_1_segmented_smoothed.tif: ok score=17.175668676799287
[93/174] DSC_0211_segment_1_segmented_smoothed.tif: ok score=29.076375709065754
[94/174] DSC_0213_segment_1_segmented_smoothed.tif: ok score=18.980886085807732
[95/174] DSC_0217_segment_1_segmented_smoothed.tif: ok score=20.149317636948837
[96/174] DSC_0218_segment_1_segmented_smoothed.tif: ok score=15.153283172045645
[97/174] DSC_0220_segment_1_segmented_smoothed.tif: ok score=15.381330073142685
[98/174] DSC_0222_segment_1_segmented_smoothed.tif: ok score=18.718064096693034
[99/174] DSC_0223_segment_1_segmented_smoothed.tif: ok score=16.854353746808286
[100/174] DSC_0225_segment_1_segmented_smoothed.tif: ok score=16.83926956246814
[101/174] DSC_0226_segment_1_segmented_smoothed.tif: ok score=18.996008267913464
[102/174] DSC_0227_segment_1_segmented_smoothed.tif: ok score=15.885857582065363
[103/174] DSC_0232_segment_1_segmented_smoothed.tif: ok score=16.633215681167574
[104/174] DSC_0235_segment_1_segmented_smoothed.tif: ok score=19.625037824015333
[105/174] DSC_0239_segment_1_segmented_smoothed.tif: ok score=23.735070647471115
[106/174] DSC_0240_segment_1_segmented_smoothed.tif: ok score=28.187029051028276
[107/174] DSC_0241_segment_1_segmented_smoothed.tif: ok score=28.795727201711163
[108/174] DSC_0242_segment_1_segmented_smoothed.tif: ok score=25.94109039071001
[109/174] DSC_0243_segment_1_segmented_smoothed.tif: ok score=25.34424603701491
[110/174] DSC_0248_segment_1_segmented_smoothed.tif: ok score=12.155504127608767
[111/174] DSC_0249_segment_1_segmented_smoothed.tif: ok score=17.444145518395423
[112/174] DSC_0251_segment_1_segmented_smoothed.tif: ok score=15.141928364920744
[113/174] DSC_0251_segment_1_segmented_smoothed__1.tif: ok score=10.009049411700806
[114/174] DSC_0252_segment_1_segmented_smoothed.tif: ok score=21.596299942501794
[115/174] DSC_0252_segment_1_segmented_smoothed__1.tif: ok score=25.638776468777717
[116/174] DSC_0253_segment_1_segmented_smoothed.tif: ok score=23.66125667984819
[117/174] DSC_0254_segment_1_segmented_smoothed.tif: ok score=15.915862568983457
[118/174] DSC_0256_segment_1_segmented_smoothed.tif: ok score=19.07020000435118
[119/174] DSC_0256_segment_1_segmented_smoothed__1.tif: ok score=17.257466577665543
[120/174] DSC_0257_segment_1_segmented_smoothed.tif: ok score=20.804560618126512
[121/174] DSC_0257_segment_1_segmented_smoothed__1.tif: ok score=9.694956615553007
[122/174] DSC_0258_segment_1_segmented_smoothed.tif: ok score=17.1605187847939
[123/174] DSC_0260_segment_1_segmented_smoothed.tif: ok score=32.909804791063145
[124/174] DSC_0260_segment_1_segmented_smoothed__1.tif: ok score=11.256177079323905
[125/174] DSC_0261_segment_1_segmented_smoothed.tif: ok score=10.613205653850487
[126/174] DSC_0262_segment_1_segmented_smoothed.tif: ok score=16.68674400864526
[127/174] DSC_0263_segment_1_segmented_smoothed.tif: ok score=38.67897829920949
[128/174] DSC_0264_segment_1_segmented_smoothed.tif: ok score=18.24535382860126
[129/174] DSC_0265_segment_1_segmented_smoothed.tif: ok score=20.177051091758155
[130/174] DSC_0267_segment_1_segmented_smoothed.tif: ok score=16.666597287156346
[131/174] DSC_0268_segment_1_segmented_smoothed.tif: ok score=19.788995618963106
[132/174] DSC_0269_segment_1_segmented_smoothed.tif: ok score=25.32779082455141
[133/174] DSC_0270_segment_1_segmented_smoothed.tif: ok score=20.97531678997704
[134/174] DSC_0272_segment_1_segmented_smoothed.tif: ok score=19.060083507769388
[135/174] DSC_0273_segment_1_segmented_smoothed.tif: ok score=18.306585949420963
[136/174] DSC_0274_segment_1_segmented_smoothed.tif: ok score=17.512009327350064
[137/174] DSC_0275_segment_1_segmented_smoothed.tif: ok score=28.95429432748445
[138/174] DSC_0277_segment_1_segmented_smoothed.tif: ok score=22.989747664152535
[139/174] DSC_0278_segment_1_segmented_smoothed.tif: ok score=21.37648510036121
[140/174] DSC_0279_segment_1_segmented_smoothed.tif: ok score=30.70746491730567
[141/174] DSC_0283_segment_1_segmented_smoothed.tif: ok score=14.888970849428386
[142/174] DSC_0284_segment_1_segmented_smoothed.tif: ok score=18.405179328016903
[143/174] DSC_0285_segment_1_segmented_smoothed.tif: ok score=22.009283068313525
[144/174] DSC_0286_segment_1_segmented_smoothed.tif: ok score=21.17859846256328
[145/174] DSC_0287_segment_1_segmented_smoothed.tif: ok score=19.805466052153516
[146/174] DSC_0288_segment_1_segmented_smoothed.tif: ok score=15.279877420712355
[147/174] DSC_0363_segment_1_segmented_smoothed.tif: ok score=17.18624768632915
[148/174] DSC_0364_segment_1_segmented_smoothed.tif: ok score=20.85246466382985
[149/174] DSC_0365_segment_1_segmented_smoothed.tif: ok score=17.54587465547249
[150/174] DSC_0370_segment_1_segmented_smoothed.tif: ok score=22.290664090994863
[151/174] DSC_0371_segment_1_segmented_smoothed.tif: ok score=18.83856135017335
[152/174] DSC_0372_segment_1_segmented_smoothed.tif: ok score=22.0295512132425
[153/174] DSC_0374_segment_1_segmented_smoothed.tif: ok score=22.65078320431265
[154/174] DSC_0376_segment_1_segmented_smoothed.tif: ok score=22.50605510733691
[155/174] DSC_0378_segment_1_segmented_smoothed.tif: ok score=19.99521444078046
[156/174] DSC_0379_segment_1_segmented_smoothed.tif: ok score=19.546885665395536
[157/174] DSC_0380_segment_1_segmented_smoothed.tif: ok score=21.915886751331975
[158/174] DSC_0381_segment_1_segmented_smoothed.tif: ok score=17.097370586760263
[159/174] DSC_0386_segment_1_segmented_smoothed.tif: ok score=16.290477635168152
[160/174] DSC_0389_segment_1_segmented_smoothed.tif: ok score=17.266211216664416
[161/174] DSC_0394_segment_1_segmented_smoothed.tif: ok score=22.35225212412679
[162/174] DSC_0397_segment_1_segmented_smoothed.tif: ok score=16.54590767428632
[163/174] DSC_0398_segment_1_segmented_smoothed.tif: ok score=28.06414918129561
[164/174] DSC_0400_segment_1_segmented_smoothed.tif: ok score=24.581070787046922
[165/174] DSC_0401_segment_1_segmented_smoothed.tif: ok score=21.450227493563606
[166/174] DSC_0402_segment_1_segmented_smoothed.tif: ok score=33.28661591493088
[167/174] DSC_0404_segment_1_segmented_smoothed.tif: ok score=24.86032485060252
[168/174] DSC_0406_segment_1_segmented_smoothed.tif: ok score=17.767285311863056
[169/174] DSC_0407_segment_1_segmented_smoothed.tif: ok score=24.408216073023308
[170/174] DSC_0408_segment_1_segmented_smoothed.tif: ok score=21.64188786798114
[171/174] DSC_0412_segment_1_segmented_smoothed.tif: ok score=14.168446186130577
[172/174] DSC_0416_segment_1_segmented_smoothed.tif: ok score=15.493098106778534
[173/174] DSC_0417_segment_1_segmented_smoothed.tif: ok score=24.95940461508127
[174/174] DSC_0419_segment_1_segmented_smoothed.tif: ok score=18.144315984648482
Done. Log: /cluster/VAST/kazict-lab/e/lesion_phes/code/segmentors_backbones/cpu_output_2/opt_summary.csv
Training job completed!
