This is pdfTeX, Version 3.14159265-2.6-1.40.19 (TeX Live 2018) (preloaded format=pdflatex 2026.3.12)  30 MAR 2026 21:30
entering extended mode
 restricted \write18 enabled.
 %&-line parsing enabled.
**main_paper1_article.tex
(./main_paper1_article.tex
LaTeX2e <2017-04-15>
Babel <3.17> and hyphenation patterns for 3 language(s) loaded.
(/usr/share/texlive/texmf-dist/tex/latex/base/article.cls
Document Class: article 2014/09/29 v1.4h Standard LaTeX document class
(/usr/share/texlive/texmf-dist/tex/latex/base/size11.clo
File: size11.clo 2014/09/29 v1.4h Standard LaTeX file (size option)
)
\c@part=\count79
\c@section=\count80
\c@subsection=\count81
\c@subsubsection=\count82
\c@paragraph=\count83
\c@subparagraph=\count84
\c@figure=\count85
\c@table=\count86
\abovecaptionskip=\skip41
\belowcaptionskip=\skip42
\bibindent=\dimen102
)
(/usr/share/texlive/texmf-dist/tex/latex/geometry/geometry.sty
Package: geometry 2010/09/12 v5.6 Page Geometry

(/usr/share/texlive/texmf-dist/tex/latex/graphics/keyval.sty
Package: keyval 2014/10/28 v1.15 key=value parser (DPC)
\KV@toks@=\toks14
)
(/usr/share/texlive/texmf-dist/tex/generic/oberdiek/ifpdf.sty
Package: ifpdf 2017/03/15 v3.2 Provides the ifpdf switch
)
(/usr/share/texlive/texmf-dist/tex/generic/oberdiek/ifvtex.sty
Package: ifvtex 2016/05/16 v1.6 Detect VTeX and its facilities (HO)
Package ifvtex Info: VTeX not detected.
)
(/usr/share/texlive/texmf-dist/tex/generic/ifxetex/ifxetex.sty
Package: ifxetex 2010/09/12 v0.6 Provides ifxetex conditional
)
\Gm@cnth=\count87
\Gm@cntv=\count88
\c@Gm@tempcnt=\count89
\Gm@bindingoffset=\dimen103
\Gm@wd@mp=\dimen104
\Gm@odd@mp=\dimen105
\Gm@even@mp=\dimen106
\Gm@layoutwidth=\dimen107
\Gm@layoutheight=\dimen108
\Gm@layouthoffset=\dimen109
\Gm@layoutvoffset=\dimen110
\Gm@dimlist=\toks15
)
(/usr/share/texlive/texmf-dist/tex/latex/base/fontenc.sty
Package: fontenc 2017/04/05 v2.0i Standard LaTeX package

(/usr/share/texlive/texmf-dist/tex/latex/base/t1enc.def
File: t1enc.def 2017/04/05 v2.0i Standard LaTeX file
LaTeX Font Info:    Redeclaring font encoding T1 on input line 48.
))
(/usr/share/texlive/texmf-dist/tex/latex/amsmath/amsmath.sty
Package: amsmath 2017/09/02 v2.17a AMS math features
\@mathmargin=\skip43

For additional information on amsmath, use the `?' option.
(/usr/share/texlive/texmf-dist/tex/latex/amsmath/amstext.sty
Package: amstext 2000/06/29 v2.01 AMS text

(/usr/share/texlive/texmf-dist/tex/latex/amsmath/amsgen.sty
File: amsgen.sty 1999/11/30 v2.0 generic functions
\@emptytoks=\toks16
\ex@=\dimen111
))
(/usr/share/texlive/texmf-dist/tex/latex/amsmath/amsbsy.sty
Package: amsbsy 1999/11/29 v1.2d Bold Symbols
\pmbraise@=\dimen112
)
(/usr/share/texlive/texmf-dist/tex/latex/amsmath/amsopn.sty
Package: amsopn 2016/03/08 v2.02 operator names
)
\inf@bad=\count90
LaTeX Info: Redefining \frac on input line 213.
\uproot@=\count91
\leftroot@=\count92
LaTeX Info: Redefining \overline on input line 375.
\classnum@=\count93
\DOTSCASE@=\count94
LaTeX Info: Redefining \ldots on input line 472.
LaTeX Info: Redefining \dots on input line 475.
LaTeX Info: Redefining \cdots on input line 596.
\Mathstrutbox@=\box26
\strutbox@=\box27
\big@size=\dimen113
LaTeX Font Info:    Redeclaring font encoding OML on input line 712.
LaTeX Font Info:    Redeclaring font encoding OMS on input line 713.
\macc@depth=\count95
\c@MaxMatrixCols=\count96
\dotsspace@=\muskip10
\c@parentequation=\count97
\dspbrk@lvl=\count98
\tag@help=\toks17
\row@=\count99
\column@=\count100
\maxfields@=\count101
\andhelp@=\toks18
\eqnshift@=\dimen114
\alignsep@=\dimen115
\tagshift@=\dimen116
\tagwidth@=\dimen117
\totwidth@=\dimen118
\lineht@=\dimen119
\@envbody=\toks19
\multlinegap=\skip44
\multlinetaggap=\skip45
\mathdisplay@stack=\toks20
LaTeX Info: Redefining \[ on input line 2817.
LaTeX Info: Redefining \] on input line 2818.
)
(/usr/share/texlive/texmf-dist/tex/latex/amsfonts/amssymb.sty
Package: amssymb 2013/01/14 v3.01 AMS font symbols

(/usr/share/texlive/texmf-dist/tex/latex/amsfonts/amsfonts.sty
Package: amsfonts 2013/01/14 v3.01 Basic AMSFonts support
\symAMSa=\mathgroup4
\symAMSb=\mathgroup5
LaTeX Font Info:    Overwriting math alphabet `\mathfrak' in version `bold'
(Font)                  U/euf/m/n --> U/euf/b/n on input line 106.
))
(/usr/share/texlive/texmf-dist/tex/latex/algorithms/algorithmic.sty
Package: algorithmic 2009/08/24 v0.1 Document Style `algorithmic'

(/usr/share/texlive/texmf-dist/tex/latex/base/ifthen.sty
Package: ifthen 2014/09/29 v1.1c Standard LaTeX ifthen package (DPC)
)
\c@ALC@unique=\count102
\c@ALC@line=\count103
\c@ALC@rem=\count104
\c@ALC@depth=\count105
\ALC@tlm=\skip46
\algorithmicindent=\skip47
)
(/usr/share/texlive/texmf-dist/tex/latex/algorithms/algorithm.sty
Package: algorithm 2009/08/24 v0.1 Document Style `algorithm' - floating enviro
nment

(/usr/share/texlive/texmf-dist/tex/latex/float/float.sty
Package: float 2001/11/08 v1.3d Float enhancements (AL)
\c@float@type=\count106
\float@exts=\toks21
\float@box=\box28
\@float@everytoks=\toks22
\@floatcapt=\box29
)
\@float@every@algorithm=\toks23
\c@algorithm=\count107
)
(/usr/share/texlive/texmf-dist/tex/latex/graphics/graphicx.sty
Package: graphicx 2017/06/01 v1.1a Enhanced LaTeX Graphics (DPC,SPQR)

(/usr/share/texlive/texmf-dist/tex/latex/graphics/graphics.sty
Package: graphics 2017/06/25 v1.2c Standard LaTeX Graphics (DPC,SPQR)

(/usr/share/texlive/texmf-dist/tex/latex/graphics/trig.sty
Package: trig 2016/01/03 v1.10 sin cos tan (DPC)
)
(/usr/share/texlive/texmf-dist/tex/latex/graphics-cfg/graphics.cfg
File: graphics.cfg 2016/06/04 v1.11 sample graphics configuration
)
Package graphics Info: Driver file: pdftex.def on input line 99.

(/usr/share/texlive/texmf-dist/tex/latex/graphics-def/pdftex.def
File: pdftex.def 2017/06/24 v1.0g Graphics/color driver for pdftex
))
\Gin@req@height=\dimen120
\Gin@req@width=\dimen121
)
(/usr/share/texlive/texmf-dist/tex/latex/base/textcomp.sty
Package: textcomp 2017/04/05 v2.0i Standard LaTeX package
Package textcomp Info: Sub-encoding information:
(textcomp)               5 = only ISO-Adobe without \textcurrency
(textcomp)               4 = 5 + \texteuro
(textcomp)               3 = 4 + \textohm
(textcomp)               2 = 3 + \textestimated + \textcurrency
(textcomp)               1 = TS1 - \textcircled - \t
(textcomp)               0 = TS1 (full)
(textcomp)             Font families with sub-encoding setting implement
(textcomp)             only a restricted character set as indicated.
(textcomp)             Family '?' is the default used for unknown fonts.
(textcomp)             See the documentation for details.
Package textcomp Info: Setting ? sub-encoding to TS1/1 on input line 79.

(/usr/share/texlive/texmf-dist/tex/latex/base/ts1enc.def
File: ts1enc.def 2001/06/05 v3.0e (jk/car/fm) Standard LaTeX file
)
LaTeX Info: Redefining \oldstylenums on input line 334.
Package textcomp Info: Setting cmr sub-encoding to TS1/0 on input line 349.
Package textcomp Info: Setting cmss sub-encoding to TS1/0 on input line 350.
Package textcomp Info: Setting cmtt sub-encoding to TS1/0 on input line 351.
Package textcomp Info: Setting cmvtt sub-encoding to TS1/0 on input line 352.
Package textcomp Info: Setting cmbr sub-encoding to TS1/0 on input line 353.
Package textcomp Info: Setting cmtl sub-encoding to TS1/0 on input line 354.
Package textcomp Info: Setting ccr sub-encoding to TS1/0 on input line 355.
Package textcomp Info: Setting ptm sub-encoding to TS1/4 on input line 356.
Package textcomp Info: Setting pcr sub-encoding to TS1/4 on input line 357.
Package textcomp Info: Setting phv sub-encoding to TS1/4 on input line 358.
Package textcomp Info: Setting ppl sub-encoding to TS1/3 on input line 359.
Package textcomp Info: Setting pag sub-encoding to TS1/4 on input line 360.
Package textcomp Info: Setting pbk sub-encoding to TS1/4 on input line 361.
Package textcomp Info: Setting pnc sub-encoding to TS1/4 on input line 362.
Package textcomp Info: Setting pzc sub-encoding to TS1/4 on input line 363.
Package textcomp Info: Setting bch sub-encoding to TS1/4 on input line 364.
Package textcomp Info: Setting put sub-encoding to TS1/5 on input line 365.
Package textcomp Info: Setting uag sub-encoding to TS1/5 on input line 366.
Package textcomp Info: Setting ugq sub-encoding to TS1/5 on input line 367.
Package textcomp Info: Setting ul8 sub-encoding to TS1/4 on input line 368.
Package textcomp Info: Setting ul9 sub-encoding to TS1/4 on input line 369.
Package textcomp Info: Setting augie sub-encoding to TS1/5 on input line 370.
Package textcomp Info: Setting dayrom sub-encoding to TS1/3 on input line 371.
Package textcomp Info: Setting dayroms sub-encoding to TS1/3 on input line 372.

Package textcomp Info: Setting pxr sub-encoding to TS1/0 on input line 373.
Package textcomp Info: Setting pxss sub-encoding to TS1/0 on input line 374.
Package textcomp Info: Setting pxtt sub-encoding to TS1/0 on input line 375.
Package textcomp Info: Setting txr sub-encoding to TS1/0 on input line 376.
Package textcomp Info: Setting txss sub-encoding to TS1/0 on input line 377.
Package textcomp Info: Setting txtt sub-encoding to TS1/0 on input line 378.
Package textcomp Info: Setting lmr sub-encoding to TS1/0 on input line 379.
Package textcomp Info: Setting lmdh sub-encoding to TS1/0 on input line 380.
Package textcomp Info: Setting lmss sub-encoding to TS1/0 on input line 381.
Package textcomp Info: Setting lmssq sub-encoding to TS1/0 on input line 382.
Package textcomp Info: Setting lmvtt sub-encoding to TS1/0 on input line 383.
Package textcomp Info: Setting lmtt sub-encoding to TS1/0 on input line 384.
Package textcomp Info: Setting qhv sub-encoding to TS1/0 on input line 385.
Package textcomp Info: Setting qag sub-encoding to TS1/0 on input line 386.
Package textcomp Info: Setting qbk sub-encoding to TS1/0 on input line 387.
Package textcomp Info: Setting qcr sub-encoding to TS1/0 on input line 388.
Package textcomp Info: Setting qcs sub-encoding to TS1/0 on input line 389.
Package textcomp Info: Setting qpl sub-encoding to TS1/0 on input line 390.
Package textcomp Info: Setting qtm sub-encoding to TS1/0 on input line 391.
Package textcomp Info: Setting qzc sub-encoding to TS1/0 on input line 392.
Package textcomp Info: Setting qhvc sub-encoding to TS1/0 on input line 393.
Package textcomp Info: Setting futs sub-encoding to TS1/4 on input line 394.
Package textcomp Info: Setting futx sub-encoding to TS1/4 on input line 395.
Package textcomp Info: Setting futj sub-encoding to TS1/4 on input line 396.
Package textcomp Info: Setting hlh sub-encoding to TS1/3 on input line 397.
Package textcomp Info: Setting hls sub-encoding to TS1/3 on input line 398.
Package textcomp Info: Setting hlst sub-encoding to TS1/3 on input line 399.
Package textcomp Info: Setting hlct sub-encoding to TS1/5 on input line 400.
Package textcomp Info: Setting hlx sub-encoding to TS1/5 on input line 401.
Package textcomp Info: Setting hlce sub-encoding to TS1/5 on input line 402.
Package textcomp Info: Setting hlcn sub-encoding to TS1/5 on input line 403.
Package textcomp Info: Setting hlcw sub-encoding to TS1/5 on input line 404.
Package textcomp Info: Setting hlcf sub-encoding to TS1/5 on input line 405.
Package textcomp Info: Setting pplx sub-encoding to TS1/3 on input line 406.
Package textcomp Info: Setting pplj sub-encoding to TS1/3 on input line 407.
Package textcomp Info: Setting ptmx sub-encoding to TS1/4 on input line 408.
Package textcomp Info: Setting ptmj sub-encoding to TS1/4 on input line 409.
)
(/usr/share/texlive/texmf-dist/tex/latex/xcolor/xcolor.sty
Package: xcolor 2016/05/11 v2.12 LaTeX color extensions (UK)

(/usr/share/texlive/texmf-dist/tex/latex/graphics-cfg/color.cfg
File: color.cfg 2016/01/02 v1.6 sample color configuration
)
Package xcolor Info: Driver file: pdftex.def on input line 225.
Package xcolor Info: Model `cmy' substituted by `cmy0' on input line 1348.
Package xcolor Info: Model `hsb' substituted by `rgb' on input line 1352.
Package xcolor Info: Model `RGB' extended on input line 1364.
Package xcolor Info: Model `HTML' substituted by `rgb' on input line 1366.
Package xcolor Info: Model `Hsb' substituted by `hsb' on input line 1367.
Package xcolor Info: Model `tHsb' substituted by `hsb' on input line 1368.
Package xcolor Info: Model `HSB' substituted by `hsb' on input line 1369.
Package xcolor Info: Model `Gray' substituted by `gray' on input line 1370.
Package xcolor Info: Model `wave' substituted by `hsb' on input line 1371.
)
(/usr/share/texlive/texmf-dist/tex/latex/booktabs/booktabs.sty
Package: booktabs 2016/04/27 v1.618033 publication quality tables
\heavyrulewidth=\dimen122
\lightrulewidth=\dimen123
\cmidrulewidth=\dimen124
\belowrulesep=\dimen125
\belowbottomsep=\dimen126
\aboverulesep=\dimen127
\abovetopsep=\dimen128
\cmidrulesep=\dimen129
\cmidrulekern=\dimen130
\defaultaddspace=\dimen131
\@cmidla=\count108
\@cmidlb=\count109
\@aboverulesep=\dimen132
\@belowrulesep=\dimen133
\@thisruleclass=\count110
\@lastruleclass=\count111
\@thisrulewidth=\dimen134
)
(/usr/share/texlive/texmf-dist/tex/latex/natbib/natbib.sty
Package: natbib 2010/09/13 8.31b (PWD, AO)
\bibhang=\skip48
\bibsep=\skip49
LaTeX Info: Redefining \cite on input line 694.
\c@NAT@ctr=\count112
)
(/usr/share/texlive/texmf-dist/tex/latex/hyperref/hyperref.sty
Package: hyperref 2017/03/14 v6.85a Hypertext links for LaTeX

(/usr/share/texlive/texmf-dist/tex/generic/oberdiek/hobsub-hyperref.sty
Package: hobsub-hyperref 2016/05/16 v1.14 Bundle oberdiek, subset hyperref (HO)


(/usr/share/texlive/texmf-dist/tex/generic/oberdiek/hobsub-generic.sty
Package: hobsub-generic 2016/05/16 v1.14 Bundle oberdiek, subset generic (HO)
Package: hobsub 2016/05/16 v1.14 Construct package bundles (HO)
Package: infwarerr 2016/05/16 v1.4 Providing info/warning/error messages (HO)
Package: ltxcmds 2016/05/16 v1.23 LaTeX kernel commands for general use (HO)
Package: ifluatex 2016/05/16 v1.4 Provides the ifluatex switch (HO)
Package ifluatex Info: LuaTeX not detected.
Package hobsub Info: Skipping package `ifvtex' (already loaded).
Package: intcalc 2016/05/16 v1.2 Expandable calculations with integers (HO)
Package hobsub Info: Skipping package `ifpdf' (already loaded).
Package: etexcmds 2016/05/16 v1.6 Avoid name clashes with e-TeX commands (HO)
Package etexcmds Info: Could not find \expanded.
(etexcmds)             That can mean that you are not using pdfTeX 1.50 or
(etexcmds)             that some package has redefined \expanded.
(etexcmds)             In the latter case, load this package earlier.
Package: kvsetkeys 2016/05/16 v1.17 Key value parser (HO)
Package: kvdefinekeys 2016/05/16 v1.4 Define keys (HO)
Package: pdftexcmds 2017/03/19 v0.25 Utility functions of pdfTeX for LuaTeX (HO
)
Package pdftexcmds Info: LuaTeX not detected.
Package pdftexcmds Info: \pdf@primitive is available.
Package pdftexcmds Info: \pdf@ifprimitive is available.
Package pdftexcmds Info: \pdfdraftmode found.
Package: pdfescape 2016/05/16 v1.14 Implements pdfTeX's escape features (HO)
Package: bigintcalc 2016/05/16 v1.4 Expandable calculations on big integers (HO
)
Package: bitset 2016/05/16 v1.2 Handle bit-vector datatype (HO)
Package: uniquecounter 2016/05/16 v1.3 Provide unlimited unique counter (HO)
)
Package hobsub Info: Skipping package `hobsub' (already loaded).
Package: letltxmacro 2016/05/16 v1.5 Let assignment for LaTeX macros (HO)
Package: hopatch 2016/05/16 v1.3 Wrapper for package hooks (HO)
Package: xcolor-patch 2016/05/16 xcolor patch
Package: atveryend 2016/05/16 v1.9 Hooks at the very end of document (HO)
Package atveryend Info: \enddocument detected (standard20110627).
Package: atbegshi 2016/06/09 v1.18 At begin shipout hook (HO)
Package: refcount 2016/05/16 v3.5 Data extraction from label references (HO)
Package: hycolor 2016/05/16 v1.8 Color options for hyperref/bookmark (HO)
)
(/usr/share/texlive/texmf-dist/tex/latex/oberdiek/auxhook.sty
Package: auxhook 2016/05/16 v1.4 Hooks for auxiliary files (HO)
)
(/usr/share/texlive/texmf-dist/tex/latex/oberdiek/kvoptions.sty
Package: kvoptions 2016/05/16 v3.12 Key value format for package options (HO)
)
\@linkdim=\dimen135
\Hy@linkcounter=\count113
\Hy@pagecounter=\count114

(/usr/share/texlive/texmf-dist/tex/latex/hyperref/pd1enc.def
File: pd1enc.def 2017/03/14 v6.85a Hyperref: PDFDocEncoding definition (HO)
)
\Hy@SavedSpaceFactor=\count115

(/usr/share/texlive/texmf-dist/tex/latex/latexconfig/hyperref.cfg
File: hyperref.cfg 2002/06/06 v1.2 hyperref configuration of TeXLive
)
Package hyperref Info: Hyper figures OFF on input line 4498.
Package hyperref Info: Link nesting OFF on input line 4503.
Package hyperref Info: Hyper index ON on input line 4506.
Package hyperref Info: Plain pages OFF on input line 4513.
Package hyperref Info: Backreferencing OFF on input line 4518.
Package hyperref Info: Implicit mode ON; LaTeX internals redefined.
Package hyperref Info: Bookmarks ON on input line 4751.
\c@Hy@tempcnt=\count116

(/usr/share/texlive/texmf-dist/tex/latex/url/url.sty
\Urlmuskip=\muskip11
Package: url 2013/09/16  ver 3.4  Verb mode for urls, etc.
)
LaTeX Info: Redefining \url on input line 5104.
\XeTeXLinkMargin=\dimen136
\Fld@menulength=\count117
\Field@Width=\dimen137
\Fld@charsize=\dimen138
Package hyperref Info: Hyper figures OFF on input line 6358.
Package hyperref Info: Link nesting OFF on input line 6363.
Package hyperref Info: Hyper index ON on input line 6366.
Package hyperref Info: backreferencing OFF on input line 6373.
Package hyperref Info: Link coloring OFF on input line 6378.
Package hyperref Info: Link coloring with OCG OFF on input line 6383.
Package hyperref Info: PDF/A mode OFF on input line 6388.
LaTeX Info: Redefining \ref on input line 6428.
LaTeX Info: Redefining \pageref on input line 6432.
\Hy@abspage=\count118
\c@Item=\count119
\c@Hfootnote=\count120
)

Package hyperref Message: Driver (autodetected): hpdftex.

(/usr/share/texlive/texmf-dist/tex/latex/hyperref/hpdftex.def
File: hpdftex.def 2017/03/14 v6.85a Hyperref driver for pdfTeX
\Fld@listcount=\count121
\c@bookmark@seq@number=\count122

(/usr/share/texlive/texmf-dist/tex/latex/oberdiek/rerunfilecheck.sty
Package: rerunfilecheck 2016/05/16 v1.8 Rerun checks for auxiliary files (HO)
Package uniquecounter Info: New unique counter `rerunfilecheck' on input line 2
82.
)
\Hy@SectionHShift=\skip50
)
(/usr/share/texlive/texmf-dist/tex/latex/tools/bm.sty
Package: bm 2017/01/16 v1.2c Bold Symbol Support (DPC/FMi)
\symboldoperators=\mathgroup6
\symboldletters=\mathgroup7
\symboldsymbols=\mathgroup8
LaTeX Font Info:    Redeclaring math alphabet \mathbf on input line 141.
LaTeX Info: Redefining \bm on input line 207.
)
Package hyperref Info: Option `colorlinks' set `true' on input line 16.

(./main_paper1_article.aux)
\openout1 = `main_paper1_article.aux'.

LaTeX Font Info:    Checking defaults for OML/cmm/m/it on input line 32.
LaTeX Font Info:    ... okay on input line 32.
LaTeX Font Info:    Checking defaults for T1/cmr/m/n on input line 32.
LaTeX Font Info:    ... okay on input line 32.
LaTeX Font Info:    Checking defaults for OT1/cmr/m/n on input line 32.
LaTeX Font Info:    ... okay on input line 32.
LaTeX Font Info:    Checking defaults for OMS/cmsy/m/n on input line 32.
LaTeX Font Info:    ... okay on input line 32.
LaTeX Font Info:    Checking defaults for OMX/cmex/m/n on input line 32.
LaTeX Font Info:    ... okay on input line 32.
LaTeX Font Info:    Checking defaults for U/cmr/m/n on input line 32.
LaTeX Font Info:    ... okay on input line 32.
LaTeX Font Info:    Checking defaults for TS1/cmr/m/n on input line 32.
LaTeX Font Info:    Try loading font information for TS1+cmr on input line 32.

(/usr/share/texlive/texmf-dist/tex/latex/base/ts1cmr.fd
File: ts1cmr.fd 2014/09/29 v2.5h Standard LaTeX font definitions
)
LaTeX Font Info:    ... okay on input line 32.
LaTeX Font Info:    Checking defaults for PD1/pdf/m/n on input line 32.
LaTeX Font Info:    ... okay on input line 32.

*geometry* driver: auto-detecting
*geometry* detected driver: pdftex
*geometry* verbose mode - [ preamble ] result:
* driver: pdftex
* paper: a4paper
* layout: <same size as paper>
* layoutoffset:(h,v)=(0.0pt,0.0pt)
* modes: 
* h-part:(L,W,R)=(72.26999pt, 452.9679pt, 72.26999pt)
* v-part:(T,H,B)=(72.26999pt, 700.50687pt, 72.26999pt)
* \paperwidth=597.50787pt
* \paperheight=845.04684pt
* \textwidth=452.9679pt
* \textheight=700.50687pt
* \oddsidemargin=0.0pt
* \evensidemargin=0.0pt
* \topmargin=-37.0pt
* \headheight=12.0pt
* \headsep=25.0pt
* \topskip=11.0pt
* \footskip=30.0pt
* \marginparwidth=50.0pt
* \marginparsep=10.0pt
* \columnsep=10.0pt
* \skip\footins=10.0pt plus 4.0pt minus 2.0pt
* \hoffset=0.0pt
* \voffset=0.0pt
* \mag=1000
* \@twocolumnfalse
* \@twosidefalse
* \@mparswitchfalse
* \@reversemarginfalse
* (1in=72.27pt=25.4mm, 1cm=28.453pt)

(/usr/share/texlive/texmf-dist/tex/context/base/mkii/supp-pdf.mkii
[Loading MPS to PDF converter (version 2006.09.02).]
\scratchcounter=\count123
\scratchdimen=\dimen139
\scratchbox=\box30
\nofMPsegments=\count124
\nofMParguments=\count125
\everyMPshowfont=\toks24
\MPscratchCnt=\count126
\MPscratchDim=\dimen140
\MPnumerator=\count127
\makeMPintoPDFobject=\count128
\everyMPtoPDFconversion=\toks25
) (/usr/share/texlive/texmf-dist/tex/latex/oberdiek/epstopdf-base.sty
Package: epstopdf-base 2016/05/15 v2.6 Base part for package epstopdf

(/usr/share/texlive/texmf-dist/tex/latex/oberdiek/grfext.sty
Package: grfext 2016/05/16 v1.2 Manage graphics extensions (HO)
)
Package epstopdf-base Info: Redefining graphics rule for `.eps' on input line 4
38.
Package grfext Info: Graphics extension search list:
(grfext)             [.pdf,.png,.jpg,.mps,.jpeg,.jbig2,.jb2,.PDF,.PNG,.JPG,.JPE
G,.JBIG2,.JB2,.eps]
(grfext)             \AppendGraphicsExtensions on input line 456.

(/usr/share/texlive/texmf-dist/tex/latex/latexconfig/epstopdf-sys.cfg
File: epstopdf-sys.cfg 2010/07/13 v1.3 Configuration of (r)epstopdf for TeX Liv
e
))
\AtBeginShipoutBox=\box31
Package hyperref Info: Link coloring ON on input line 32.

(/usr/share/texlive/texmf-dist/tex/latex/hyperref/nameref.sty
Package: nameref 2016/05/21 v2.44 Cross-referencing by name of section

(/usr/share/texlive/texmf-dist/tex/generic/oberdiek/gettitlestring.sty
Package: gettitlestring 2016/05/16 v1.5 Cleanup title references (HO)
)
\c@section@level=\count129
)
LaTeX Info: Redefining \ref on input line 32.
LaTeX Info: Redefining \pageref on input line 32.
LaTeX Info: Redefining \nameref on input line 32.

(./main_paper1_article.out) (./main_paper1_article.out)
\@outlinefile=\write3
\openout3 = `main_paper1_article.out'.

LaTeX Font Info:    Try loading font information for U+msa on input line 40.

(/usr/share/texlive/texmf-dist/tex/latex/amsfonts/umsa.fd
File: umsa.fd 2013/01/14 v3.01 AMS symbols A
)
LaTeX Font Info:    Try loading font information for U+msb on input line 40.

(/usr/share/texlive/texmf-dist/tex/latex/amsfonts/umsb.fd
File: umsb.fd 2013/01/14 v3.01 AMS symbols B
) [1

{/usr/share/texlive/texmf-dist/fonts/map/pdftex/updmap/pdftex.map}] [2] [3] [4]
 [5]

Package hyperref Warning: Token not allowed in a PDF string (PDFDocEncoding):
(hyperref)                removing `math shift' on input line 204.


Package hyperref Warning: Token not allowed in a PDF string (PDFDocEncoding):
(hyperref)                removing `math shift' on input line 204.


Package hyperref Warning: Token not allowed in a PDF string (PDFDocEncoding):
(hyperref)                removing `math shift' on input line 211.


Package hyperref Warning: Token not allowed in a PDF string (PDFDocEncoding):
(hyperref)                removing `math shift' on input line 211.

[6]
Package hyperref Info: bookmark level for unknown algorithm defaults to 0 on in
put line 231.
 [7] [8]
<../figures/exp_v1/optimizer_status_bar.png, id=407, 462.528pt x 346.896pt>
File: ../figures/exp_v1/optimizer_status_bar.png Graphic file (type png)
<use ../figures/exp_v1/optimizer_status_bar.png>
Package pdftex.def Info: ../figures/exp_v1/optimizer_status_bar.png  used on in
put line 324. on input line 324.
Package pdftex.def Info: Requested size: 452.9679pt x 339.74402pt on input line
 324.
<../figures/exp_v1/optimizer_elapsed_seconds_hist.png, id=408, 462.528pt x 346.
896pt>
File: ../figures/exp_v1/optimizer_elapsed_seconds_hist.png Graphic file (type p
ng)
<use ../figures/exp_v1/optimizer_elapsed_seconds_hist.png>
Package pdftex.def Info: ../figures/exp_v1/optimizer_elapsed_seconds_hist.png  
used on input line 331. on input line 331.
Package pdftex.def Info: Requested size: 452.9679pt x 339.74402pt on input line
 331.
<../figures/exp_v1/optimizer_score_hist.png, id=409, 462.528pt x 346.896pt>
File: ../figures/exp_v1/optimizer_score_hist.png Graphic file (type png)
<use ../figures/exp_v1/optimizer_score_hist.png>
Package pdftex.def Info: ../figures/exp_v1/optimizer_score_hist.png  used on in
put line 338. on input line 338.
Package pdftex.def Info: Requested size: 452.9679pt x 339.74402pt on input line
 338.
 [9]
<../figures/exp_v1/threshold_sweep_plot.png, id=415, 462.528pt x 346.896pt>
File: ../figures/exp_v1/threshold_sweep_plot.png Graphic file (type png)
<use ../figures/exp_v1/threshold_sweep_plot.png>
Package pdftex.def Info: ../figures/exp_v1/threshold_sweep_plot.png  used on in
put line 355. on input line 355.
Package pdftex.def Info: Requested size: 452.9679pt x 339.74402pt on input line
 355.
<../figures/exp_v1/montage_teacher_student.png, id=416, 4197.6825pt x 1314.9125
pt>
File: ../figures/exp_v1/montage_teacher_student.png Graphic file (type png)
<use ../figures/exp_v1/montage_teacher_student.png>
Package pdftex.def Info: ../figures/exp_v1/montage_teacher_student.png  used on
 input line 362. on input line 362.
Package pdftex.def Info: Requested size: 452.9679pt x 141.872pt on input line 3
62.
<../figures/exp_v1/montage_disagreement_roi.png, id=417, 5519.62125pt x 2278.51
25pt>
File: ../figures/exp_v1/montage_disagreement_roi.png Graphic file (type png)
<use ../figures/exp_v1/montage_disagreement_roi.png>
Package pdftex.def Info: ../figures/exp_v1/montage_disagreement_roi.png  used o
n input line 369. on input line 369.
Package pdftex.def Info: Requested size: 452.9679pt x 186.9783pt on input line 
369.
 [10 <../figures/exp_v1/optimizer_status_bar.png (PNG copy)>]
<../figures/exp_v1/scatter_energy_threshold_vs_lesion_count.png, id=428, 361.35
pt x 289.08pt>
File: ../figures/exp_v1/scatter_energy_threshold_vs_lesion_count.png Graphic fi
le (type png)
<use ../figures/exp_v1/scatter_energy_threshold_vs_lesion_count.png>
Package pdftex.def Info: ../figures/exp_v1/scatter_energy_threshold_vs_lesion_c
ount.png  used on input line 385. on input line 385.
Package pdftex.def Info: Requested size: 452.9679pt x 362.37686pt on input line
 385.
<../figures/exp_v1/scatter_beta_vs_area_frac.png, id=429, 361.35pt x 289.08pt>
File: ../figures/exp_v1/scatter_beta_vs_area_frac.png Graphic file (type png)
<use ../figures/exp_v1/scatter_beta_vs_area_frac.png>
Package pdftex.def Info: ../figures/exp_v1/scatter_beta_vs_area_frac.png  used 
on input line 392. on input line 392.
Package pdftex.def Info: Requested size: 452.9679pt x 362.37686pt on input line
 392.

Overfull \hbox (100.12057pt too wide) in paragraph at lines 406--418
 [][] 
 []


Overfull \hbox (74.65944pt too wide) in paragraph at lines 425--436
 [][] 
 []

[11 <../figures/exp_v1/optimizer_elapsed_seconds_hist.png (PNG copy)>]
<../figures/9leaf/surface_DSC_0198_segment_1_segmented_smoothed__surface_energy
_threshold_vs_beta.png, id=445, 635.07263pt x 461.02237pt>
File: ../figures/9leaf/surface_DSC_0198_segment_1_segmented_smoothed__surface_e
nergy_threshold_vs_beta.png Graphic file (type png)
<use ../figures/9leaf/surface_DSC_0198_segment_1_segmented_smoothed__surface_en
ergy_threshold_vs_beta.png>
Package pdftex.def Info: ../figures/9leaf/surface_DSC_0198_segment_1_segmented_
smoothed__surface_energy_threshold_vs_beta.png  used on input line 451. on inpu
t line 451.
Package pdftex.def Info: Requested size: 452.9679pt x 328.82654pt on input line
 451.
<../figures/9leaf/surface_DSC_0379_segment_1_segmented_smoothed__surface_energy
_threshold_vs_beta.png, id=446, 635.07263pt x 461.02237pt>
File: ../figures/9leaf/surface_DSC_0379_segment_1_segmented_smoothed__surface_e
nergy_threshold_vs_beta.png Graphic file (type png)
<use ../figures/9leaf/surface_DSC_0379_segment_1_segmented_smoothed__surface_en
ergy_threshold_vs_beta.png>
Package pdftex.def Info: ../figures/9leaf/surface_DSC_0379_segment_1_segmented_
smoothed__surface_energy_threshold_vs_beta.png  used on input line 458. on inpu
t line 458.
Package pdftex.def Info: Requested size: 452.9679pt x 328.82654pt on input line
 458.
<../figures/9leaf/surface_DSC_0261_segment_1_segmented_smoothed__surface_energy
_threshold_vs_beta.png, id=447, 641.9985pt x 461.02237pt>
File: ../figures/9leaf/surface_DSC_0261_segment_1_segmented_smoothed__surface_e
nergy_threshold_vs_beta.png Graphic file (type png)
<use ../figures/9leaf/surface_DSC_0261_segment_1_segmented_smoothed__surface_en
ergy_threshold_vs_beta.png>
Package pdftex.def Info: ../figures/9leaf/surface_DSC_0261_segment_1_segmented_
smoothed__surface_energy_threshold_vs_beta.png  used on input line 465. on inpu
t line 465.
Package pdftex.def Info: Requested size: 452.9679pt x 325.28813pt on input line
 465.
<../figures/9leaf/traj_DSC_0198_segment_1_segmented_smoothed__trajectory_best_s
core_so_far.png, id=449, 552.56438pt x 327.92513pt>
File: ../figures/9leaf/traj_DSC_0198_segment_1_segmented_smoothed__trajectory_b
est_score_so_far.png Graphic file (type png)
<use ../figures/9leaf/traj_DSC_0198_segment_1_segmented_smoothed__trajectory_be
st_score_so_far.png>
Package pdftex.def Info: ../figures/9leaf/traj_DSC_0198_segment_1_segmented_smo
othed__trajectory_best_score_so_far.png  used on input line 475. on input line 
475.
Package pdftex.def Info: Requested size: 452.9679pt x 268.81528pt on input line
 475.
 [12 <../figures/exp_v1/optimizer_score_hist.png (PNG copy)>]
<../figures/manifold/pca2d_global_local_dD.png, id=461, 589.6575pt x 506.547pt>

File: ../figures/manifold/pca2d_global_local_dD.png Graphic file (type png)
<use ../figures/manifold/pca2d_global_local_dD.png>
Package pdftex.def Info: ../figures/manifold/pca2d_global_local_dD.png  used on
 input line 494. on input line 494.
Package pdftex.def Info: Requested size: 452.9679pt x 389.13806pt on input line
 494.
<../figures/manifold/mean_delta_parameters.png, id=463, 618.894pt x 391.9005pt>

File: ../figures/manifold/mean_delta_parameters.png Graphic file (type png)
<use ../figures/manifold/mean_delta_parameters.png>
Package pdftex.def Info: ../figures/manifold/mean_delta_parameters.png  used on
 input line 504. on input line 504.
Package pdftex.def Info: Requested size: 452.9679pt x 286.83846pt on input line
 504.
 [13 <../figures/exp_v1/threshold_sweep_plot.png (PNG copy)>]
<../figures/solid3d/pca3d_covariance_ellipsoids.png, id=473, 485.1945pt x 475.0
11pt>
File: ../figures/solid3d/pca3d_covariance_ellipsoids.png Graphic file (type png
)
<use ../figures/solid3d/pca3d_covariance_ellipsoids.png>
Package pdftex.def Info: ../figures/solid3d/pca3d_covariance_ellipsoids.png  us
ed on input line 514. on input line 514.
Package pdftex.def Info: Requested size: 452.9679pt x 443.45897pt on input line
 514.
 [14 <../figures/exp_v1/montage_teacher_student.png (PNG copy)> <../figures/exp
_v1/montage_disagreement_roi.png (PNG copy)>]
<../figures/exp_v1/qual_grid_teacher_student.png, id=481, 2031.59pt x 1256.695p
t>
File: ../figures/exp_v1/qual_grid_teacher_student.png Graphic file (type png)
<use ../figures/exp_v1/qual_grid_teacher_student.png>
Package pdftex.def Info: ../figures/exp_v1/qual_grid_teacher_student.png  used 
on input line 536. on input line 536.
Package pdftex.def Info: Requested size: 452.9679pt x 280.19382pt on input line
 536.
[15 <../figures/exp_v1/scatter_energy_threshold_vs_lesion_count.png (PNG copy)>
] [16 <../figures/exp_v1/scatter_beta_vs_area_frac.png (PNG copy)>] [17]
<../figures/exp_v1/hist_area_frac_error.png, id=518, 722.7pt x 289.08pt>
File: ../figures/exp_v1/hist_area_frac_error.png Graphic file (type png)
<use ../figures/exp_v1/hist_area_frac_error.png>
Package pdftex.def Info: ../figures/exp_v1/hist_area_frac_error.png  used on in
put line 625. on input line 625.
Package pdftex.def Info: Requested size: 452.9679pt x 181.18622pt on input line
 625.
<../figures/exp_v1/hist_count_error.png, id=519, 722.7pt x 289.08pt>
File: ../figures/exp_v1/hist_count_error.png Graphic file (type png)
<use ../figures/exp_v1/hist_count_error.png>
Package pdftex.def Info: ../figures/exp_v1/hist_count_error.png  used on input 
line 632. on input line 632.
Package pdftex.def Info: Requested size: 452.9679pt x 181.18622pt on input line
 632.
<../figures/exp_v1/scatter_teacher_vs_pred_area_frac.png, id=520, 722.7pt x 325
.215pt>
File: ../figures/exp_v1/scatter_teacher_vs_pred_area_frac.png Graphic file (typ
e png)
<use ../figures/exp_v1/scatter_teacher_vs_pred_area_frac.png>
Package pdftex.def Info: ../figures/exp_v1/scatter_teacher_vs_pred_area_frac.pn
g  used on input line 639. on input line 639.
Package pdftex.def Info: Requested size: 452.9679pt x 203.8345pt on input line 
639.

[18 <../figures/9leaf/surface_DSC_0198_segment_1_segmented_smoothed__surface_en
ergy_threshold_vs_beta.png (PNG copy)>] [19 <../figures/9leaf/surface_DSC_0379_
segment_1_segmented_smoothed__surface_energy_threshold_vs_beta.png (PNG copy)>]
[20 <../figures/9leaf/surface_DSC_0261_segment_1_segmented_smoothed__surface_en
ergy_threshold_vs_beta.png (PNG copy)>]
! Undefined control sequence.
l.667 \appendices
                 
The control sequence at the end of the top line
of your error message was never \def'ed. If you have
misspelled it (e.g., `\hobx'), type `I' and the correct
spelling (e.g., `I\hbox'). Otherwise just continue,
and I'll forget about whatever was undefined.

[21 <../figures/9leaf/traj_DSC_0198_segment_1_segmented_smoothed__trajectory_be
st_score_so_far.png (PNG copy)>]
<../figures/exp_v1/n_contours_hist.png, id=558, 462.528pt x 346.896pt>
File: ../figures/exp_v1/n_contours_hist.png Graphic file (type png)
<use ../figures/exp_v1/n_contours_hist.png>
Package pdftex.def Info: ../figures/exp_v1/n_contours_hist.png  used on input l
ine 675. on input line 675.
Package pdftex.def Info: Requested size: 221.95676pt x 166.47113pt on input lin
e 675.
<../figures/exp_v1/area_px_hist.png, id=559, 462.528pt x 346.896pt>
File: ../figures/exp_v1/area_px_hist.png Graphic file (type png)
<use ../figures/exp_v1/area_px_hist.png>
Package pdftex.def Info: ../figures/exp_v1/area_px_hist.png  used on input line
 680. on input line 680.
Package pdftex.def Info: Requested size: 221.95676pt x 166.47113pt on input lin
e 680.
<../figures/exp_v1/param_mu_hist.png, id=560, 462.528pt x 346.896pt>
File: ../figures/exp_v1/param_mu_hist.png Graphic file (type png)
<use ../figures/exp_v1/param_mu_hist.png>
Package pdftex.def Info: ../figures/exp_v1/param_mu_hist.png  used on input lin
e 690. on input line 690.
Package pdftex.def Info: Requested size: 144.95303pt x 108.71703pt on input lin
e 690.
<../figures/exp_v1/param_lambda_hist.png, id=561, 462.528pt x 346.896pt>
File: ../figures/exp_v1/param_lambda_hist.png Graphic file (type png)
<use ../figures/exp_v1/param_lambda_hist.png>
Package pdftex.def Info: ../figures/exp_v1/param_lambda_hist.png  used on input
 line 692. on input line 692.
Package pdftex.def Info: Requested size: 144.95303pt x 108.71703pt on input lin
e 692.
<../figures/exp_v1/param_diffusion_rate_hist.png, id=562, 462.528pt x 346.896pt
>
File: ../figures/exp_v1/param_diffusion_rate_hist.png Graphic file (type png)
<use ../figures/exp_v1/param_diffusion_rate_hist.png>
Package pdftex.def Info: ../figures/exp_v1/param_diffusion_rate_hist.png  used 
on input line 694. on input line 694.
Package pdftex.def Info: Requested size: 144.95303pt x 108.71703pt on input lin
e 694.
<../figures/exp_v1/param_alpha_hist.png, id=563, 462.528pt x 346.896pt>
File: ../figures/exp_v1/param_alpha_hist.png Graphic file (type png)
<use ../figures/exp_v1/param_alpha_hist.png>
Package pdftex.def Info: ../figures/exp_v1/param_alpha_hist.png  used on input 
line 699. on input line 699.
Package pdftex.def Info: Requested size: 144.95303pt x 108.71703pt on input lin
e 699.
<../figures/exp_v1/param_beta_hist.png, id=564, 462.528pt x 346.896pt>
File: ../figures/exp_v1/param_beta_hist.png Graphic file (type png)
<use ../figures/exp_v1/param_beta_hist.png>
Package pdftex.def Info: ../figures/exp_v1/param_beta_hist.png  used on input l
ine 701. on input line 701.
Package pdftex.def Info: Requested size: 144.95303pt x 108.71703pt on input lin
e 701.
<../figures/exp_v1/param_gamma_hist.png, id=565, 462.528pt x 346.896pt>
File: ../figures/exp_v1/param_gamma_hist.png Graphic file (type png)
<use ../figures/exp_v1/param_gamma_hist.png>
Package pdftex.def Info: ../figures/exp_v1/param_gamma_hist.png  used on input 
line 703. on input line 703.
Package pdftex.def Info: Requested size: 144.95303pt x 108.71703pt on input lin
e 703.
<../figures/exp_v1/param_energy_threshold_hist.png, id=566, 462.528pt x 346.896
pt>
File: ../figures/exp_v1/param_energy_threshold_hist.png Graphic file (type png)

<use ../figures/exp_v1/param_energy_threshold_hist.png>
Package pdftex.def Info: ../figures/exp_v1/param_energy_threshold_hist.png  use
d on input line 708. on input line 708.
Package pdftex.def Info: Requested size: 221.95676pt x 166.47113pt on input lin
e 708.
<../figures/9leaf/traj_DSC_0166_segment_1_segmented_smoothed__trajectory_best_s
core_so_far.png, id=568, 552.56438pt x 327.92513pt>
File: ../figures/9leaf/traj_DSC_0166_segment_1_segmented_smoothed__trajectory_b
est_score_so_far.png Graphic file (type png)
<use ../figures/9leaf/traj_DSC_0166_segment_1_segmented_smoothed__trajectory_be
st_score_so_far.png>
Package pdftex.def Info: ../figures/9leaf/traj_DSC_0166_segment_1_segmented_smo
othed__trajectory_best_score_so_far.png  used on input line 723. on input line 
723.
Package pdftex.def Info: Requested size: 221.95676pt x 131.71812pt on input lin
e 723.
<../figures/9leaf/traj_DSC_0163_segment_1_segmented_smoothed__trajectory_best_s
core_so_far.png, id=569, 552.56438pt x 327.92513pt>
File: ../figures/9leaf/traj_DSC_0163_segment_1_segmented_smoothed__trajectory_b
est_score_so_far.png Graphic file (type png)
<use ../figures/9leaf/traj_DSC_0163_segment_1_segmented_smoothed__trajectory_be
st_score_so_far.png>
Package pdftex.def Info: ../figures/9leaf/traj_DSC_0163_segment_1_segmented_smo
othed__trajectory_best_score_so_far.png  used on input line 728. on input line 
728.
Package pdftex.def Info: Requested size: 221.95676pt x 131.71812pt on input lin
e 728.
<../figures/9leaf/traj_DSC_0274_segment_1_segmented_smoothed__trajectory_best_s
core_so_far.png, id=570, 552.56438pt x 327.92513pt>
File: ../figures/9leaf/traj_DSC_0274_segment_1_segmented_smoothed__trajectory_b
est_score_so_far.png Graphic file (type png)
<use ../figures/9leaf/traj_DSC_0274_segment_1_segmented_smoothed__trajectory_be
st_score_so_far.png>
Package pdftex.def Info: ../figures/9leaf/traj_DSC_0274_segment_1_segmented_smo
othed__trajectory_best_score_so_far.png  used on input line 739. on input line 
739.
Package pdftex.def Info: Requested size: 221.95676pt x 131.71812pt on input lin
e 739.
<../figures/9leaf/traj_DSC_0205_segment_1_segmented_smoothed__trajectory_best_s
core_so_far.png, id=571, 552.56438pt x 327.92513pt>
File: ../figures/9leaf/traj_DSC_0205_segment_1_segmented_smoothed__trajectory_b
est_score_so_far.png Graphic file (type png)
<use ../figures/9leaf/traj_DSC_0205_segment_1_segmented_smoothed__trajectory_be
st_score_so_far.png>
Package pdftex.def Info: ../figures/9leaf/traj_DSC_0205_segment_1_segmented_smo
othed__trajectory_best_score_so_far.png  used on input line 744. on input line 
744.
Package pdftex.def Info: Requested size: 221.95676pt x 131.71812pt on input lin
e 744.
<../figures/9leaf/traj_DSC_0185_segment_1_segmented_smoothed__trajectory_best_s
core_so_far.png, id=572, 562.20038pt x 327.92513pt>
File: ../figures/9leaf/traj_DSC_0185_segment_1_segmented_smoothed__trajectory_b
est_score_so_far.png Graphic file (type png)
<use ../figures/9leaf/traj_DSC_0185_segment_1_segmented_smoothed__trajectory_be
st_score_so_far.png>
Package pdftex.def Info: ../figures/9leaf/traj_DSC_0185_segment_1_segmented_smo
othed__trajectory_best_score_so_far.png  used on input line 755. on input line 
755.
Package pdftex.def Info: Requested size: 221.95676pt x 129.46645pt on input lin
e 755.
<../figures/9leaf/traj_DSC_0199_segment_1_segmented_smoothed__trajectory_best_s
core_so_far.png, id=573, 568.524pt x 327.92513pt>
File: ../figures/9leaf/traj_DSC_0199_segment_1_segmented_smoothed__trajectory_b
est_score_so_far.png Graphic file (type png)
<use ../figures/9leaf/traj_DSC_0199_segment_1_segmented_smoothed__trajectory_be
st_score_so_far.png>
Package pdftex.def Info: ../figures/9leaf/traj_DSC_0199_segment_1_segmented_smo
othed__trajectory_best_score_so_far.png  used on input line 760. on input line 
760.
Package pdftex.def Info: Requested size: 221.95676pt x 128.02538pt on input lin
e 760.
<../figures/solid3d/pca3d_convex_hull_global_local.png, id=575, 1156.32pt x 925
.056pt>
File: ../figures/solid3d/pca3d_convex_hull_global_local.png Graphic file (type 
png)
<use ../figures/solid3d/pca3d_convex_hull_global_local.png>
Package pdftex.def Info: ../figures/solid3d/pca3d_convex_hull_global_local.png 
 used on input line 775. on input line 775.
Package pdftex.def Info: Requested size: 221.95676pt x 177.5551pt on input line
 775.
<../figures/solid3d/pca3d_positive_vs_negative_dD_surfaces.png, id=576, 1156.32
pt x 925.056pt>
File: ../figures/solid3d/pca3d_positive_vs_negative_dD_surfaces.png Graphic fil
e (type png)
<use ../figures/solid3d/pca3d_positive_vs_negative_dD_surfaces.png>
Package pdftex.def Info: ../figures/solid3d/pca3d_positive_vs_negative_dD_surfa
ces.png  used on input line 780. on input line 780.
Package pdftex.def Info: Requested size: 221.95676pt x 177.5551pt on input line
 780.
 [22 <../figures/manifold/pca2d_global_local_dD.png (PNG copy)>]
<../figures/manifold/tsne2d_delta_ddgroup.png, id=581, 609.696pt x 505.233pt>
File: ../figures/manifold/tsne2d_delta_ddgroup.png Graphic file (type png)
<use ../figures/manifold/tsne2d_delta_ddgroup.png>
Package pdftex.def Info: ../figures/manifold/tsne2d_delta_ddgroup.png  used on 
input line 791. on input line 791.
Package pdftex.def Info: Requested size: 221.95676pt x 183.92668pt on input lin
e 791.
<../figures/manifold/pca_centroid_shift_groups.png, id=582, 743.3955pt x 506.54
7pt>
File: ../figures/manifold/pca_centroid_shift_groups.png Graphic file (type png)

<use ../figures/manifold/pca_centroid_shift_groups.png>
Package pdftex.def Info: ../figures/manifold/pca_centroid_shift_groups.png  use
d on input line 796. on input line 796.
Package pdftex.def Info: Requested size: 221.95676pt x 151.23871pt on input lin
e 796.
 [23 <../figures/manifold/mean_delta_parameters.png (PNG copy)>] [24 <../figure
s/solid3d/pca3d_covariance_ellipsoids.png (PNG copy)>]
[25 <../figures/exp_v1/qual_grid_teacher_student.png (PNG copy)>] [26 <../figur
es/exp_v1/hist_area_frac_error.png (PNG copy)> <../figures/exp_v1/hist_count_er
ror.png (PNG copy)>] [27 <../figures/exp_v1/scatter_teacher_vs_pred_area_frac.p
ng (PNG copy)> <../figures/exp_v1/n_contours_hist.png (PNG copy)> <../figures/e
xp_v1/area_px_hist.png (PNG copy)>] [28 <../figures/exp_v1/param_mu_hist.png (P
NG copy)> <../figures/exp_v1/param_lambda_hist.png (PNG copy)> <../figures/exp_
v1/param_diffusion_rate_hist.png (PNG copy)> <../figures/exp_v1/param_alpha_his
t.png (PNG copy)> <../figures/exp_v1/param_beta_hist.png (PNG copy)> <../figure
s/exp_v1/param_gamma_hist.png (PNG copy)> <../figures/exp_v1/param_energy_thres
hold_hist.png (PNG copy)>] [29 <../figures/9leaf/traj_DSC_0166_segment_1_segmen
ted_smoothed__trajectory_best_score_so_far.png (PNG copy)> <../figures/9leaf/tr
aj_DSC_0163_segment_1_segmented_smoothed__trajectory_best_score_so_far.png (PNG
 copy)> <../figures/9leaf/traj_DSC_0274_segment_1_segmented_smoothed__trajector
y_best_score_so_far.png (PNG copy)> <../figures/9leaf/traj_DSC_0205_segment_1_s
egmented_smoothed__trajectory_best_score_so_far.png (PNG copy)> <../figures/9le
af/traj_DSC_0185_segment_1_segmented_smoothed__trajectory_best_score_so_far.png
 (PNG copy)> <../figures/9leaf/traj_DSC_0199_segment_1_segmented_smoothed__traj
ectory_best_score_so_far.png (PNG copy)>] [30 <../figures/solid3d/pca3d_convex_
hull_global_local.png (PNG copy)> <../figures/solid3d/pca3d_positive_vs_negativ
e_dD_surfaces.png (PNG copy)> <../figures/manifold/tsne2d_delta_ddgroup.png (PN
G copy)> <../figures/manifold/pca_centroid_shift_groups.png (PNG copy)>]
(./main_paper1_article.bbl [31

])
Package atveryend Info: Empty hook `BeforeClearDocument' on input line 806.
 [32]
Package atveryend Info: Empty hook `AfterLastShipout' on input line 806.
 (./main_paper1_article.aux)
Package atveryend Info: Executing hook `AtVeryEndDocument' on input line 806.
Package atveryend Info: Executing hook `AtEndAfterFileList' on input line 806.
Package rerunfilecheck Info: File `main_paper1_article.out' has not changed.
(rerunfilecheck)             Checksum: 9F4BF7DE127858810F15C74EE77CCF82;4165.
Package atveryend Info: Empty hook `AtVeryVeryEnd' on input line 806.
 ) 
Here is how much of TeX's memory you used:
 8738 strings out of 494917
 130666 string characters out of 6180699
 222288 words of memory out of 5000000
 11677 multiletter control sequences out of 15000+600000
 23790 words of font info for 64 fonts, out of 8000000 for 9000
 14 hyphenation exceptions out of 8191
 28i,13n,47p,2033b,585s stack positions out of 5000i,500n,10000p,200000b,80000s
{/usr/share/texlive/texmf-dist/fonts/enc/dvips/cm-super/cm-super-t1.enc}{/usr
/share/texlive/texmf-dist/fonts/enc/dvips/cm-super/cm-super-ts1.enc}</usr/share
/texlive/texmf-dist/fonts/type1/public/amsfonts/cm/cmbx10.pfb></usr/share/texli
ve/texmf-dist/fonts/type1/public/amsfonts/cm/cmex10.pfb></usr/share/texlive/tex
mf-dist/fonts/type1/public/amsfonts/cm/cmmi10.pfb></usr/share/texlive/texmf-dis
t/fonts/type1/public/amsfonts/cm/cmmi8.pfb></usr/share/texlive/texmf-dist/fonts
/type1/public/amsfonts/cm/cmmib10.pfb></usr/share/texlive/texmf-dist/fonts/type
1/public/amsfonts/cm/cmr10.pfb></usr/share/texlive/texmf-dist/fonts/type1/publi
c/amsfonts/cm/cmr8.pfb></usr/share/texlive/texmf-dist/fonts/type1/public/amsfon
ts/cm/cmsy10.pfb></usr/share/texlive/texmf-dist/fonts/type1/public/amsfonts/cm/
cmsy8.pfb></usr/share/texlive/texmf-dist/fonts/type1/public/amsfonts/symbols/ms
bm10.pfb></usr/share/texlive/texmf-dist/fonts/type1/public/cm-super/sfbx1000.pf
b></usr/share/texlive/texmf-dist/fonts/type1/public/cm-super/sfbx1095.pfb></usr
/share/texlive/texmf-dist/fonts/type1/public/cm-super/sfbx1200.pfb></usr/share/
texlive/texmf-dist/fonts/type1/public/cm-super/sfbx1440.pfb></usr/share/texlive
/texmf-dist/fonts/type1/public/cm-super/sfrm0800.pfb></usr/share/texlive/texmf-
dist/fonts/type1/public/cm-super/sfrm0900.pfb></usr/share/texlive/texmf-dist/fo
nts/type1/public/cm-super/sfrm1000.pfb></usr/share/texlive/texmf-dist/fonts/typ
e1/public/cm-super/sfrm1095.pfb></usr/share/texlive/texmf-dist/fonts/type1/publ
ic/cm-super/sfrm1200.pfb></usr/share/texlive/texmf-dist/fonts/type1/public/cm-s
uper/sfrm1728.pfb></usr/share/texlive/texmf-dist/fonts/type1/public/cm-super/sf
ti1095.pfb>
Output written on main_paper1_article.pdf (32 pages, 20585858 bytes).
PDF statistics:
 772 PDF objects out of 1000 (max. 8388607)
 671 compressed objects within 7 object streams
 212 named destinations out of 1000 (max. 500000)
 599 words of extra memory for PDF output out of 10000 (max. 10000000)

