\BOOKMARK [1][-]{section.1}{Introduction}{}% 1
\BOOKMARK [1][-]{section.2}{Related Work}{}% 2
\BOOKMARK [2][-]{subsection.2.1}{Amortized and Semi-Amortized Inference}{section.2}% 3
\BOOKMARK [2][-]{subsection.2.2}{Selective Prediction and Abstention}{section.2}% 4
\BOOKMARK [2][-]{subsection.2.3}{Uncertainty Quantification}{section.2}% 5
\BOOKMARK [2][-]{subsection.2.4}{Foundation Models for Visual Representation}{section.2}% 6
\BOOKMARK [2][-]{subsection.2.5}{Physics-Informed and Phenotyping Models}{section.2}% 7
\BOOKMARK [2][-]{subsection.2.6}{Cost-Sensitive and Adaptive Computation}{section.2}% 8
\BOOKMARK [1][-]{section.3}{Problem Formulation}{}% 9
\BOOKMARK [2][-]{subsection.3.1}{Physics-Based Parameter Estimation}{section.3}% 10
\BOOKMARK [2][-]{subsection.3.2}{Amortized Prediction}{section.3}% 11
\BOOKMARK [2][-]{subsection.3.3}{Selective Semi-Amortized Framework}{section.3}% 12
\BOOKMARK [2][-]{subsection.3.4}{Refinement Operator}{section.3}% 13
\BOOKMARK [1][-]{section.4}{Method}{}% 14
\BOOKMARK [2][-]{subsection.4.1}{Feature Extraction}{section.4}% 15
\BOOKMARK [2][-]{subsection.4.2}{Regression Heads}{section.4}% 16
\BOOKMARK [2][-]{subsection.4.3}{Real Short Refinement}{section.4}% 17
\BOOKMARK [2][-]{subsection.4.4}{Selective Policy}{section.4}% 18
\BOOKMARK [2][-]{subsection.4.5}{Phenotype Consistency Metrics}{section.4}% 19
\BOOKMARK [1][-]{section.5}{Experimental Setup}{}% 20
\BOOKMARK [2][-]{subsection.5.1}{Dataset}{section.5}% 21
\BOOKMARK [2][-]{subsection.5.2}{Splits and Robustness Design}{section.5}% 22
\BOOKMARK [2][-]{subsection.5.3}{Evaluation Metrics}{section.5}% 23
\BOOKMARK [1][-]{section.6}{Results}{}% 24
\BOOKMARK [2][-]{subsection.6.1}{Baseline Comparison}{section.6}% 25
\BOOKMARK [2][-]{subsection.6.2}{Real Refinement Results}{section.6}% 26
\BOOKMARK [2][-]{subsection.6.3}{Selective Policy Analysis}{section.6}% 27
\BOOKMARK [2][-]{subsection.6.4}{Qualitative Leaf Cases}{section.6}% 28
\BOOKMARK [2][-]{subsection.6.5}{Selective Policy Landscape}{section.6}% 29
\BOOKMARK [2][-]{subsection.6.6}{Calibration Analysis}{section.6}% 30
\BOOKMARK [2][-]{subsection.6.7}{Risk-Coverage Tradeoff}{section.6}% 31
\BOOKMARK [2][-]{subsection.6.8}{OOD Robustness}{section.6}% 32
\BOOKMARK [2][-]{subsection.6.9}{Score-Tier Stratification}{section.6}% 33
\BOOKMARK [2][-]{subsection.6.10}{Phenotype Consistency}{section.6}% 34
\BOOKMARK [3][-]{subsubsection.6.10.1}{Convex Hull and Centroid Analysis}{subsection.6.10}% 35
\BOOKMARK [3][-]{subsubsection.6.10.2}{Displacement Analysis}{subsection.6.10}% 36
\BOOKMARK [2][-]{subsection.6.11}{Morphology Fidelity}{section.6}% 37
\BOOKMARK [1][-]{section.7}{Ablation Studies}{}% 38
\BOOKMARK [2][-]{subsection.7.1}{Backbone Comparison}{section.7}% 39
\BOOKMARK [2][-]{subsection.7.2}{Regression Head Comparison}{section.7}% 40
\BOOKMARK [2][-]{subsection.7.3}{Ensemble Size}{section.7}% 41
\BOOKMARK [2][-]{subsection.7.4}{Refinement Budget}{section.7}% 42
\BOOKMARK [2][-]{subsection.7.5}{Learning Curve}{section.7}% 43
\BOOKMARK [2][-]{subsection.7.6}{Feature Dimensionality Reduction}{section.7}% 44
\BOOKMARK [2][-]{subsection.7.7}{Confidence-Based Subgroup Analysis}{section.7}% 45
\BOOKMARK [2][-]{subsection.7.8}{Per-Parameter Difficulty}{section.7}% 46
\BOOKMARK [2][-]{subsection.7.9}{Score-Tier Subgroups}{section.7}% 47
\BOOKMARK [1][-]{section.8}{Discussion}{}% 48
\BOOKMARK [2][-]{subsection.8.1}{The Mean-Baseline Challenge}{section.8}% 49
\BOOKMARK [2][-]{subsection.8.2}{Refinement as Deployment Intelligence}{section.8}% 50
\BOOKMARK [2][-]{subsection.8.3}{Score Recovery Relative to Stored Optimizer Results}{section.8}% 51
\BOOKMARK [2][-]{subsection.8.4}{Limitations and Future Directions}{section.8}% 52
\BOOKMARK [1][-]{section.9}{Conclusion}{}% 53
\BOOKMARK [1][-]{appendix.A}{Additional Figures}{}% 54
\BOOKMARK [1][-]{appendix.B}{Selective Policy Full Grid}{}% 55
