This is pdfTeX, Version 3.14159265-2.6-1.40.19 (TeX Live 2018) (preloaded format=pdflatex 2026.3.12)  12 MAR 2026 23:49
entering extended mode
 restricted \write18 enabled.
 %&-line parsing enabled.
**Latest_Paper_1_strengthened.tex
(./Latest_Paper_1_strengthened.tex
LaTeX2e <2017-04-15>
Babel <3.17> and hyphenation patterns for 3 language(s) loaded.
(./IEEEtran.cls
Document Class: IEEEtran 2015/08/26 V1.8b by Michael Shell
-- See the "IEEEtran_HOWTO" manual for usage information.
-- http://www.michaelshell.org/tex/ieeetran/
\@IEEEtrantmpdimenA=\dimen102
\@IEEEtrantmpdimenB=\dimen103
\@IEEEtrantmpdimenC=\dimen104
\@IEEEtrantmpcountA=\count79
\@IEEEtrantmpcountB=\count80
\@IEEEtrantmpcountC=\count81
\@IEEEtrantmptoksA=\toks14
LaTeX Font Info:    Try loading font information for OT1+ptm on input line 503.

(/usr/share/texlive/texmf-dist/tex/latex/psnfss/ot1ptm.fd
File: ot1ptm.fd 2001/06/04 font definitions for OT1/ptm.
)
-- Using 8.5in x 11in (letter) paper.
-- Using PDF output.
\@IEEEnormalsizeunitybaselineskip=\dimen105
-- This is a 10 point document.
\CLASSINFOnormalsizebaselineskip=\dimen106
\CLASSINFOnormalsizeunitybaselineskip=\dimen107
\IEEEnormaljot=\dimen108
LaTeX Font Info:    Font shape `OT1/ptm/bx/n' in size <5> not available
(Font)              Font shape `OT1/ptm/b/n' tried instead on input line 1090.
LaTeX Font Info:    Font shape `OT1/ptm/bx/it' in size <5> not available
(Font)              Font shape `OT1/ptm/b/it' tried instead on input line 1090.

LaTeX Font Info:    Font shape `OT1/ptm/bx/n' in size <7> not available
(Font)              Font shape `OT1/ptm/b/n' tried instead on input line 1090.
LaTeX Font Info:    Font shape `OT1/ptm/bx/it' in size <7> not available
(Font)              Font shape `OT1/ptm/b/it' tried instead on input line 1090.

LaTeX Font Info:    Font shape `OT1/ptm/bx/n' in size <8> not available
(Font)              Font shape `OT1/ptm/b/n' tried instead on input line 1090.
LaTeX Font Info:    Font shape `OT1/ptm/bx/it' in size <8> not available
(Font)              Font shape `OT1/ptm/b/it' tried instead on input line 1090.

LaTeX Font Info:    Font shape `OT1/ptm/bx/n' in size <9> not available
(Font)              Font shape `OT1/ptm/b/n' tried instead on input line 1090.
LaTeX Font Info:    Font shape `OT1/ptm/bx/it' in size <9> not available
(Font)              Font shape `OT1/ptm/b/it' tried instead on input line 1090.

LaTeX Font Info:    Font shape `OT1/ptm/bx/n' in size <10> not available
(Font)              Font shape `OT1/ptm/b/n' tried instead on input line 1090.
LaTeX Font Info:    Font shape `OT1/ptm/bx/it' in size <10> not available
(Font)              Font shape `OT1/ptm/b/it' tried instead on input line 1090.

LaTeX Font Info:    Font shape `OT1/ptm/bx/n' in size <11> not available
(Font)              Font shape `OT1/ptm/b/n' tried instead on input line 1090.
LaTeX Font Info:    Font shape `OT1/ptm/bx/it' in size <11> not available
(Font)              Font shape `OT1/ptm/b/it' tried instead on input line 1090.

LaTeX Font Info:    Font shape `OT1/ptm/bx/n' in size <12> not available
(Font)              Font shape `OT1/ptm/b/n' tried instead on input line 1090.
LaTeX Font Info:    Font shape `OT1/ptm/bx/it' in size <12> not available
(Font)              Font shape `OT1/ptm/b/it' tried instead on input line 1090.

LaTeX Font Info:    Font shape `OT1/ptm/bx/n' in size <17> not available
(Font)              Font shape `OT1/ptm/b/n' tried instead on input line 1090.
LaTeX Font Info:    Font shape `OT1/ptm/bx/it' in size <17> not available
(Font)              Font shape `OT1/ptm/b/it' tried instead on input line 1090.

LaTeX Font Info:    Font shape `OT1/ptm/bx/n' in size <20> not available
(Font)              Font shape `OT1/ptm/b/n' tried instead on input line 1090.
LaTeX Font Info:    Font shape `OT1/ptm/bx/it' in size <20> not available
(Font)              Font shape `OT1/ptm/b/it' tried instead on input line 1090.

LaTeX Font Info:    Font shape `OT1/ptm/bx/n' in size <24> not available
(Font)              Font shape `OT1/ptm/b/n' tried instead on input line 1090.
LaTeX Font Info:    Font shape `OT1/ptm/bx/it' in size <24> not available
(Font)              Font shape `OT1/ptm/b/it' tried instead on input line 1090.

\IEEEquantizedlength=\dimen109
\IEEEquantizedlengthdiff=\dimen110
\IEEEquantizedtextheightdiff=\dimen111
\IEEEilabelindentA=\dimen112
\IEEEilabelindentB=\dimen113
\IEEEilabelindent=\dimen114
\IEEEelabelindent=\dimen115
\IEEEdlabelindent=\dimen116
\IEEElabelindent=\dimen117
\IEEEiednormlabelsep=\dimen118
\IEEEiedmathlabelsep=\dimen119
\IEEEiedtopsep=\skip41
\c@section=\count82
\c@subsection=\count83
\c@subsubsection=\count84
\c@paragraph=\count85
\c@IEEEsubequation=\count86
\abovecaptionskip=\skip42
\belowcaptionskip=\skip43
\c@figure=\count87
\c@table=\count88
\@IEEEeqnnumcols=\count89
\@IEEEeqncolcnt=\count90
\@IEEEsubeqnnumrollback=\count91
\@IEEEquantizeheightA=\dimen120
\@IEEEquantizeheightB=\dimen121
\@IEEEquantizeheightC=\dimen122
\@IEEEquantizeprevdepth=\dimen123
\@IEEEquantizemultiple=\count92
\@IEEEquantizeboxA=\box26
\@IEEEtmpitemindent=\dimen124
\IEEEPARstartletwidth=\dimen125
\c@IEEEbiography=\count93
\@IEEEtranrubishbin=\box27
) (/usr/share/texlive/texmf-dist/tex/latex/amsmath/amsmath.sty
Package: amsmath 2017/09/02 v2.17a AMS math features
\@mathmargin=\skip44

For additional information on amsmath, use the `?' option.
(/usr/share/texlive/texmf-dist/tex/latex/amsmath/amstext.sty
Package: amstext 2000/06/29 v2.01 AMS text

(/usr/share/texlive/texmf-dist/tex/latex/amsmath/amsgen.sty
File: amsgen.sty 1999/11/30 v2.0 generic functions
\@emptytoks=\toks15
\ex@=\dimen126
))
(/usr/share/texlive/texmf-dist/tex/latex/amsmath/amsbsy.sty
Package: amsbsy 1999/11/29 v1.2d Bold Symbols
\pmbraise@=\dimen127
)
(/usr/share/texlive/texmf-dist/tex/latex/amsmath/amsopn.sty
Package: amsopn 2016/03/08 v2.02 operator names
)
\inf@bad=\count94
LaTeX Info: Redefining \frac on input line 213.
\uproot@=\count95
\leftroot@=\count96
LaTeX Info: Redefining \overline on input line 375.
\classnum@=\count97
\DOTSCASE@=\count98
LaTeX Info: Redefining \ldots on input line 472.
LaTeX Info: Redefining \dots on input line 475.
LaTeX Info: Redefining \cdots on input line 596.
\Mathstrutbox@=\box28
\strutbox@=\box29
\big@size=\dimen128
LaTeX Font Info:    Redeclaring font encoding OML on input line 712.
LaTeX Font Info:    Redeclaring font encoding OMS on input line 713.
\macc@depth=\count99
\c@MaxMatrixCols=\count100
\dotsspace@=\muskip10
\c@parentequation=\count101
\dspbrk@lvl=\count102
\tag@help=\toks16
\row@=\count103
\column@=\count104
\maxfields@=\count105
\andhelp@=\toks17
\eqnshift@=\dimen129
\alignsep@=\dimen130
\tagshift@=\dimen131
\tagwidth@=\dimen132
\totwidth@=\dimen133
\lineht@=\dimen134
\@envbody=\toks18
\multlinegap=\skip45
\multlinetaggap=\skip46
\mathdisplay@stack=\toks19
LaTeX Info: Redefining \[ on input line 2817.
LaTeX Info: Redefining \] on input line 2818.
)
(/usr/share/texlive/texmf-dist/tex/latex/amsfonts/amssymb.sty
Package: amssymb 2013/01/14 v3.01 AMS font symbols

(/usr/share/texlive/texmf-dist/tex/latex/amsfonts/amsfonts.sty
Package: amsfonts 2013/01/14 v3.01 Basic AMSFonts support
\symAMSa=\mathgroup4
\symAMSb=\mathgroup5
LaTeX Font Info:    Overwriting math alphabet `\mathfrak' in version `bold'
(Font)                  U/euf/m/n --> U/euf/b/n on input line 106.
))
(/usr/share/texlive/texmf-dist/tex/latex/algorithms/algorithmic.sty
Package: algorithmic 2009/08/24 v0.1 Document Style `algorithmic'

(/usr/share/texlive/texmf-dist/tex/latex/base/ifthen.sty
Package: ifthen 2014/09/29 v1.1c Standard LaTeX ifthen package (DPC)
)
(/usr/share/texlive/texmf-dist/tex/latex/graphics/keyval.sty
Package: keyval 2014/10/28 v1.15 key=value parser (DPC)
\KV@toks@=\toks20
)
\c@ALC@unique=\count106
\c@ALC@line=\count107
\c@ALC@rem=\count108
\c@ALC@depth=\count109
\ALC@tlm=\skip47
\algorithmicindent=\skip48
)
(/usr/share/texlive/texmf-dist/tex/latex/algorithms/algorithm.sty
Package: algorithm 2009/08/24 v0.1 Document Style `algorithm' - floating enviro
nment

(/usr/share/texlive/texmf-dist/tex/latex/float/float.sty
Package: float 2001/11/08 v1.3d Float enhancements (AL)
\c@float@type=\count110
\float@exts=\toks21
\float@box=\box30
\@float@everytoks=\toks22
\@floatcapt=\box31
)
\@float@every@algorithm=\toks23
\c@algorithm=\count111
)
(/usr/share/texlive/texmf-dist/tex/latex/graphics/graphicx.sty
Package: graphicx 2017/06/01 v1.1a Enhanced LaTeX Graphics (DPC,SPQR)

(/usr/share/texlive/texmf-dist/tex/latex/graphics/graphics.sty
Package: graphics 2017/06/25 v1.2c Standard LaTeX Graphics (DPC,SPQR)

(/usr/share/texlive/texmf-dist/tex/latex/graphics/trig.sty
Package: trig 2016/01/03 v1.10 sin cos tan (DPC)
)
(/usr/share/texlive/texmf-dist/tex/latex/graphics-cfg/graphics.cfg
File: graphics.cfg 2016/06/04 v1.11 sample graphics configuration
)
Package graphics Info: Driver file: pdftex.def on input line 99.

(/usr/share/texlive/texmf-dist/tex/latex/graphics-def/pdftex.def
File: pdftex.def 2017/06/24 v1.0g Graphics/color driver for pdftex
))
\Gin@req@height=\dimen135
\Gin@req@width=\dimen136
)
(/usr/share/texlive/texmf-dist/tex/latex/base/textcomp.sty
Package: textcomp 2017/04/05 v2.0i Standard LaTeX package
Package textcomp Info: Sub-encoding information:
(textcomp)               5 = only ISO-Adobe without \textcurrency
(textcomp)               4 = 5 + \texteuro
(textcomp)               3 = 4 + \textohm
(textcomp)               2 = 3 + \textestimated + \textcurrency
(textcomp)               1 = TS1 - \textcircled - \t
(textcomp)               0 = TS1 (full)
(textcomp)             Font families with sub-encoding setting implement
(textcomp)             only a restricted character set as indicated.
(textcomp)             Family '?' is the default used for unknown fonts.
(textcomp)             See the documentation for details.
Package textcomp Info: Setting ? sub-encoding to TS1/1 on input line 79.

(/usr/share/texlive/texmf-dist/tex/latex/base/ts1enc.def
File: ts1enc.def 2001/06/05 v3.0e (jk/car/fm) Standard LaTeX file
)
LaTeX Info: Redefining \oldstylenums on input line 334.
Package textcomp Info: Setting cmr sub-encoding to TS1/0 on input line 349.
Package textcomp Info: Setting cmss sub-encoding to TS1/0 on input line 350.
Package textcomp Info: Setting cmtt sub-encoding to TS1/0 on input line 351.
Package textcomp Info: Setting cmvtt sub-encoding to TS1/0 on input line 352.
Package textcomp Info: Setting cmbr sub-encoding to TS1/0 on input line 353.
Package textcomp Info: Setting cmtl sub-encoding to TS1/0 on input line 354.
Package textcomp Info: Setting ccr sub-encoding to TS1/0 on input line 355.
Package textcomp Info: Setting ptm sub-encoding to TS1/4 on input line 356.
Package textcomp Info: Setting pcr sub-encoding to TS1/4 on input line 357.
Package textcomp Info: Setting phv sub-encoding to TS1/4 on input line 358.
Package textcomp Info: Setting ppl sub-encoding to TS1/3 on input line 359.
Package textcomp Info: Setting pag sub-encoding to TS1/4 on input line 360.
Package textcomp Info: Setting pbk sub-encoding to TS1/4 on input line 361.
Package textcomp Info: Setting pnc sub-encoding to TS1/4 on input line 362.
Package textcomp Info: Setting pzc sub-encoding to TS1/4 on input line 363.
Package textcomp Info: Setting bch sub-encoding to TS1/4 on input line 364.
Package textcomp Info: Setting put sub-encoding to TS1/5 on input line 365.
Package textcomp Info: Setting uag sub-encoding to TS1/5 on input line 366.
Package textcomp Info: Setting ugq sub-encoding to TS1/5 on input line 367.
Package textcomp Info: Setting ul8 sub-encoding to TS1/4 on input line 368.
Package textcomp Info: Setting ul9 sub-encoding to TS1/4 on input line 369.
Package textcomp Info: Setting augie sub-encoding to TS1/5 on input line 370.
Package textcomp Info: Setting dayrom sub-encoding to TS1/3 on input line 371.
Package textcomp Info: Setting dayroms sub-encoding to TS1/3 on input line 372.

Package textcomp Info: Setting pxr sub-encoding to TS1/0 on input line 373.
Package textcomp Info: Setting pxss sub-encoding to TS1/0 on input line 374.
Package textcomp Info: Setting pxtt sub-encoding to TS1/0 on input line 375.
Package textcomp Info: Setting txr sub-encoding to TS1/0 on input line 376.
Package textcomp Info: Setting txss sub-encoding to TS1/0 on input line 377.
Package textcomp Info: Setting txtt sub-encoding to TS1/0 on input line 378.
Package textcomp Info: Setting lmr sub-encoding to TS1/0 on input line 379.
Package textcomp Info: Setting lmdh sub-encoding to TS1/0 on input line 380.
Package textcomp Info: Setting lmss sub-encoding to TS1/0 on input line 381.
Package textcomp Info: Setting lmssq sub-encoding to TS1/0 on input line 382.
Package textcomp Info: Setting lmvtt sub-encoding to TS1/0 on input line 383.
Package textcomp Info: Setting lmtt sub-encoding to TS1/0 on input line 384.
Package textcomp Info: Setting qhv sub-encoding to TS1/0 on input line 385.
Package textcomp Info: Setting qag sub-encoding to TS1/0 on input line 386.
Package textcomp Info: Setting qbk sub-encoding to TS1/0 on input line 387.
Package textcomp Info: Setting qcr sub-encoding to TS1/0 on input line 388.
Package textcomp Info: Setting qcs sub-encoding to TS1/0 on input line 389.
Package textcomp Info: Setting qpl sub-encoding to TS1/0 on input line 390.
Package textcomp Info: Setting qtm sub-encoding to TS1/0 on input line 391.
Package textcomp Info: Setting qzc sub-encoding to TS1/0 on input line 392.
Package textcomp Info: Setting qhvc sub-encoding to TS1/0 on input line 393.
Package textcomp Info: Setting futs sub-encoding to TS1/4 on input line 394.
Package textcomp Info: Setting futx sub-encoding to TS1/4 on input line 395.
Package textcomp Info: Setting futj sub-encoding to TS1/4 on input line 396.
Package textcomp Info: Setting hlh sub-encoding to TS1/3 on input line 397.
Package textcomp Info: Setting hls sub-encoding to TS1/3 on input line 398.
Package textcomp Info: Setting hlst sub-encoding to TS1/3 on input line 399.
Package textcomp Info: Setting hlct sub-encoding to TS1/5 on input line 400.
Package textcomp Info: Setting hlx sub-encoding to TS1/5 on input line 401.
Package textcomp Info: Setting hlce sub-encoding to TS1/5 on input line 402.
Package textcomp Info: Setting hlcn sub-encoding to TS1/5 on input line 403.
Package textcomp Info: Setting hlcw sub-encoding to TS1/5 on input line 404.
Package textcomp Info: Setting hlcf sub-encoding to TS1/5 on input line 405.
Package textcomp Info: Setting pplx sub-encoding to TS1/3 on input line 406.
Package textcomp Info: Setting pplj sub-encoding to TS1/3 on input line 407.
Package textcomp Info: Setting ptmx sub-encoding to TS1/4 on input line 408.
Package textcomp Info: Setting ptmj sub-encoding to TS1/4 on input line 409.
)
(/usr/share/texlive/texmf-dist/tex/latex/xcolor/xcolor.sty
Package: xcolor 2016/05/11 v2.12 LaTeX color extensions (UK)

(/usr/share/texlive/texmf-dist/tex/latex/graphics-cfg/color.cfg
File: color.cfg 2016/01/02 v1.6 sample color configuration
)
Package xcolor Info: Driver file: pdftex.def on input line 225.
Package xcolor Info: Model `cmy' substituted by `cmy0' on input line 1348.
Package xcolor Info: Model `hsb' substituted by `rgb' on input line 1352.
Package xcolor Info: Model `RGB' extended on input line 1364.
Package xcolor Info: Model `HTML' substituted by `rgb' on input line 1366.
Package xcolor Info: Model `Hsb' substituted by `hsb' on input line 1367.
Package xcolor Info: Model `tHsb' substituted by `hsb' on input line 1368.
Package xcolor Info: Model `HSB' substituted by `hsb' on input line 1369.
Package xcolor Info: Model `Gray' substituted by `gray' on input line 1370.
Package xcolor Info: Model `wave' substituted by `hsb' on input line 1371.
)
(/usr/share/texlive/texmf-dist/tex/latex/booktabs/booktabs.sty
Package: booktabs 2016/04/27 v1.618033 publication quality tables
\heavyrulewidth=\dimen137
\lightrulewidth=\dimen138
\cmidrulewidth=\dimen139
\belowrulesep=\dimen140
\belowbottomsep=\dimen141
\aboverulesep=\dimen142
\abovetopsep=\dimen143
\cmidrulesep=\dimen144
\cmidrulekern=\dimen145
\defaultaddspace=\dimen146
\@cmidla=\count112
\@cmidlb=\count113
\@aboverulesep=\dimen147
\@belowrulesep=\dimen148
\@thisruleclass=\count114
\@lastruleclass=\count115
\@thisrulewidth=\dimen149
)
(/usr/share/texlive/texmf-dist/tex/latex/cite/cite.sty
LaTeX Info: Redefining \cite on input line 302.
LaTeX Info: Redefining \nocite on input line 332.
Package: cite 2015/02/27  v 5.5
)
(/usr/share/texlive/texmf-dist/tex/latex/hyperref/hyperref.sty
Package: hyperref 2017/03/14 v6.85a Hypertext links for LaTeX

(/usr/share/texlive/texmf-dist/tex/generic/oberdiek/hobsub-hyperref.sty
Package: hobsub-hyperref 2016/05/16 v1.14 Bundle oberdiek, subset hyperref (HO)


(/usr/share/texlive/texmf-dist/tex/generic/oberdiek/hobsub-generic.sty
Package: hobsub-generic 2016/05/16 v1.14 Bundle oberdiek, subset generic (HO)
Package: hobsub 2016/05/16 v1.14 Construct package bundles (HO)
Package: infwarerr 2016/05/16 v1.4 Providing info/warning/error messages (HO)
Package: ltxcmds 2016/05/16 v1.23 LaTeX kernel commands for general use (HO)
Package: ifluatex 2016/05/16 v1.4 Provides the ifluatex switch (HO)
Package ifluatex Info: LuaTeX not detected.
Package: ifvtex 2016/05/16 v1.6 Detect VTeX and its facilities (HO)
Package ifvtex Info: VTeX not detected.
Package: intcalc 2016/05/16 v1.2 Expandable calculations with integers (HO)
Package: ifpdf 2017/03/15 v3.2 Provides the ifpdf switch
Package: etexcmds 2016/05/16 v1.6 Avoid name clashes with e-TeX commands (HO)
Package etexcmds Info: Could not find \expanded.
(etexcmds)             That can mean that you are not using pdfTeX 1.50 or
(etexcmds)             that some package has redefined \expanded.
(etexcmds)             In the latter case, load this package earlier.
Package: kvsetkeys 2016/05/16 v1.17 Key value parser (HO)
Package: kvdefinekeys 2016/05/16 v1.4 Define keys (HO)
Package: pdftexcmds 2017/03/19 v0.25 Utility functions of pdfTeX for LuaTeX (HO
)
Package pdftexcmds Info: LuaTeX not detected.
Package pdftexcmds Info: \pdf@primitive is available.
Package pdftexcmds Info: \pdf@ifprimitive is available.
Package pdftexcmds Info: \pdfdraftmode found.
Package: pdfescape 2016/05/16 v1.14 Implements pdfTeX's escape features (HO)
Package: bigintcalc 2016/05/16 v1.4 Expandable calculations on big integers (HO
)
Package: bitset 2016/05/16 v1.2 Handle bit-vector datatype (HO)
Package: uniquecounter 2016/05/16 v1.3 Provide unlimited unique counter (HO)
)
Package hobsub Info: Skipping package `hobsub' (already loaded).
Package: letltxmacro 2016/05/16 v1.5 Let assignment for LaTeX macros (HO)
Package: hopatch 2016/05/16 v1.3 Wrapper for package hooks (HO)
Package: xcolor-patch 2016/05/16 xcolor patch
Package: atveryend 2016/05/16 v1.9 Hooks at the very end of document (HO)
Package atveryend Info: \enddocument detected (standard20110627).
Package: atbegshi 2016/06/09 v1.18 At begin shipout hook (HO)
Package: refcount 2016/05/16 v3.5 Data extraction from label references (HO)
Package: hycolor 2016/05/16 v1.8 Color options for hyperref/bookmark (HO)
)
(/usr/share/texlive/texmf-dist/tex/generic/ifxetex/ifxetex.sty
Package: ifxetex 2010/09/12 v0.6 Provides ifxetex conditional
)
(/usr/share/texlive/texmf-dist/tex/latex/oberdiek/auxhook.sty
Package: auxhook 2016/05/16 v1.4 Hooks for auxiliary files (HO)
)
(/usr/share/texlive/texmf-dist/tex/latex/oberdiek/kvoptions.sty
Package: kvoptions 2016/05/16 v3.12 Key value format for package options (HO)
)
\@linkdim=\dimen150
\Hy@linkcounter=\count116
\Hy@pagecounter=\count117

(/usr/share/texlive/texmf-dist/tex/latex/hyperref/pd1enc.def
File: pd1enc.def 2017/03/14 v6.85a Hyperref: PDFDocEncoding definition (HO)
)
\Hy@SavedSpaceFactor=\count118

(/usr/share/texlive/texmf-dist/tex/latex/latexconfig/hyperref.cfg
File: hyperref.cfg 2002/06/06 v1.2 hyperref configuration of TeXLive
)
Package hyperref Info: Hyper figures OFF on input line 4498.
Package hyperref Info: Link nesting OFF on input line 4503.
Package hyperref Info: Hyper index ON on input line 4506.
Package hyperref Info: Plain pages OFF on input line 4513.
Package hyperref Info: Backreferencing OFF on input line 4518.
Package hyperref Info: Implicit mode ON; LaTeX internals redefined.
Package hyperref Info: Bookmarks ON on input line 4751.
\c@Hy@tempcnt=\count119

(/usr/share/texlive/texmf-dist/tex/latex/url/url.sty
\Urlmuskip=\muskip11
Package: url 2013/09/16  ver 3.4  Verb mode for urls, etc.
)
LaTeX Info: Redefining \url on input line 5104.
\XeTeXLinkMargin=\dimen151
\Fld@menulength=\count120
\Field@Width=\dimen152
\Fld@charsize=\dimen153
Package hyperref Info: Hyper figures OFF on input line 6358.
Package hyperref Info: Link nesting OFF on input line 6363.
Package hyperref Info: Hyper index ON on input line 6366.
Package hyperref Info: backreferencing OFF on input line 6373.
Package hyperref Info: Link coloring OFF on input line 6378.
Package hyperref Info: Link coloring with OCG OFF on input line 6383.
Package hyperref Info: PDF/A mode OFF on input line 6388.
LaTeX Info: Redefining \ref on input line 6428.
LaTeX Info: Redefining \pageref on input line 6432.
\Hy@abspage=\count121
\c@Item=\count122
\c@Hfootnote=\count123
)

Package hyperref Message: Driver (autodetected): hpdftex.

(/usr/share/texlive/texmf-dist/tex/latex/hyperref/hpdftex.def
File: hpdftex.def 2017/03/14 v6.85a Hyperref driver for pdfTeX
\Fld@listcount=\count124
\c@bookmark@seq@number=\count125

(/usr/share/texlive/texmf-dist/tex/latex/oberdiek/rerunfilecheck.sty
Package: rerunfilecheck 2016/05/16 v1.8 Rerun checks for auxiliary files (HO)
Package uniquecounter Info: New unique counter `rerunfilecheck' on input line 2
82.
)
\Hy@SectionHShift=\skip49
)
(/usr/share/texlive/texmf-dist/tex/latex/tools/bm.sty
Package: bm 2017/01/16 v1.2c Bold Symbol Support (DPC/FMi)
\symboldoperators=\mathgroup6
\symboldletters=\mathgroup7
\symboldsymbols=\mathgroup8
LaTeX Font Info:    Redeclaring math alphabet \mathbf on input line 141.
LaTeX Info: Redefining \bm on input line 207.
)
(./Latest_Paper_1_strengthened.aux)
\openout1 = `Latest_Paper_1_strengthened.aux'.

LaTeX Font Info:    Checking defaults for OML/cmm/m/it on input line 29.
LaTeX Font Info:    ... okay on input line 29.
LaTeX Font Info:    Checking defaults for T1/cmr/m/n on input line 29.
LaTeX Font Info:    ... okay on input line 29.
LaTeX Font Info:    Checking defaults for OT1/cmr/m/n on input line 29.
LaTeX Font Info:    ... okay on input line 29.
LaTeX Font Info:    Checking defaults for OMS/cmsy/m/n on input line 29.
LaTeX Font Info:    ... okay on input line 29.
LaTeX Font Info:    Checking defaults for OMX/cmex/m/n on input line 29.
LaTeX Font Info:    ... okay on input line 29.
LaTeX Font Info:    Checking defaults for U/cmr/m/n on input line 29.
LaTeX Font Info:    ... okay on input line 29.
LaTeX Font Info:    Checking defaults for TS1/cmr/m/n on input line 29.
LaTeX Font Info:    Try loading font information for TS1+cmr on input line 29.

(/usr/share/texlive/texmf-dist/tex/latex/base/ts1cmr.fd
File: ts1cmr.fd 2014/09/29 v2.5h Standard LaTeX font definitions
)
LaTeX Font Info:    ... okay on input line 29.
LaTeX Font Info:    Checking defaults for PD1/pdf/m/n on input line 29.
LaTeX Font Info:    ... okay on input line 29.

-- Lines per column: 58 (exact).
(/usr/share/texlive/texmf-dist/tex/context/base/mkii/supp-pdf.mkii
[Loading MPS to PDF converter (version 2006.09.02).]
\scratchcounter=\count126
\scratchdimen=\dimen154
\scratchbox=\box32
\nofMPsegments=\count127
\nofMParguments=\count128
\everyMPshowfont=\toks24
\MPscratchCnt=\count129
\MPscratchDim=\dimen155
\MPnumerator=\count130
\makeMPintoPDFobject=\count131
\everyMPtoPDFconversion=\toks25
) (/usr/share/texlive/texmf-dist/tex/latex/oberdiek/epstopdf-base.sty
Package: epstopdf-base 2016/05/15 v2.6 Base part for package epstopdf

(/usr/share/texlive/texmf-dist/tex/latex/oberdiek/grfext.sty
Package: grfext 2016/05/16 v1.2 Manage graphics extensions (HO)
)
Package epstopdf-base Info: Redefining graphics rule for `.eps' on input line 4
38.
Package grfext Info: Graphics extension search list:
(grfext)             [.pdf,.png,.jpg,.mps,.jpeg,.jbig2,.jb2,.PDF,.PNG,.JPG,.JPE
G,.JBIG2,.JB2,.eps]
(grfext)             \AppendGraphicsExtensions on input line 456.

(/usr/share/texlive/texmf-dist/tex/latex/latexconfig/epstopdf-sys.cfg
File: epstopdf-sys.cfg 2010/07/13 v1.3 Configuration of (r)epstopdf for TeX Liv
e
))
\AtBeginShipoutBox=\box33
Package hyperref Info: Link coloring OFF on input line 29.

(/usr/share/texlive/texmf-dist/tex/latex/hyperref/nameref.sty
Package: nameref 2016/05/21 v2.44 Cross-referencing by name of section

(/usr/share/texlive/texmf-dist/tex/generic/oberdiek/gettitlestring.sty
Package: gettitlestring 2016/05/16 v1.5 Cleanup title references (HO)
)
\c@section@level=\count132
)
LaTeX Info: Redefining \ref on input line 29.
LaTeX Info: Redefining \pageref on input line 29.
LaTeX Info: Redefining \nameref on input line 29.

(./Latest_Paper_1_strengthened.out) (./Latest_Paper_1_strengthened.out)
\@outlinefile=\write3
\openout3 = `Latest_Paper_1_strengthened.out'.


Underfull \hbox (badness 2393) in paragraph at lines 41--43
[]\OT1/ptm/b/it/9 Index Terms\OT1/ptm/b/n/9 ---Active Con-tours, Navier-Stokes 
Equa-tions,
 []

[1{/usr/share/texlive/texmf-dist/fonts/map/pdftex/updmap/pdftex.map}


]
LaTeX Font Info:    Try loading font information for U+msa on input line 77.

(/usr/share/texlive/texmf-dist/tex/latex/amsfonts/umsa.fd
File: umsa.fd 2013/01/14 v3.01 AMS symbols A
)
LaTeX Font Info:    Try loading font information for U+msb on input line 77.

(/usr/share/texlive/texmf-dist/tex/latex/amsfonts/umsb.fd
File: umsb.fd 2013/01/14 v3.01 AMS symbols B
)
Underfull \hbox (badness 10000) in paragraph at lines 90--92
[]\OT1/ptm/m/n/10 We pa-ram-e-ter-ize our physics en-gine by $\OML/cmm/m/it/10 
^^R \OT1/cmr/m/n/10 =
 []

[2]
Overfull \hbox (14.38118pt too wide) detected at line 139
[]\OML/cmm/m/it/10 E[] \OT1/cmr/m/n/10 = \OML/cmm/m/it/10 E[] \OT1/cmr/m/n/10 +
 ^^A\OML/cmm/m/it/10 t[]^^V\OT1/cmr/m/n/10 ^^A\OML/cmm/m/it/10 E[] \OT1/cmr/m/n
/10 + (\OML/cmm/m/it/10 ^^U \OT1/cmr/m/n/10 + \OML/cmm/m/it/10 ^^V\OT1/cmr/m/n/
10 ) [](\OMS/cmsy/m/n/10 r\OML/cmm/m/it/10 E[]\OT1/cmr/m/n/10 ) + \OML/cmm/m/it
/10 q \OMS/cmsy/m/n/10 ^^A \OT1/cmr/m/n/10 (\OML/cmm/m/it/10 F \OMS/cmsy/m/n/10
 ^^@ \OML/cmm/m/it/10 E[]\OT1/cmr/m/n/10 )[]\OML/cmm/m/it/10 ;
 []


Overfull \hbox (39.10147pt too wide) detected at line 166
[]\OML/cmm/m/it/10 E[]\OT1/cmr/m/n/10 (\OML/cmm/m/it/10 C\OT1/cmr/m/n/10 ) = []
[] [][]\OML/cmm/m/it/10  [][] \OT1/cmr/m/n/10 + \OML/cmm/m/it/10 ^^L [][] [] d
s \OT1/cmr/m/n/10 + [][] \OML/cmm/m/it/10 E[]\OT1/cmr/m/n/10 (\OML/cmm/m/it/10 
C\OT1/cmr/m/n/10 (\OML/cmm/m/it/10 s\OT1/cmr/m/n/10 )) \OML/cmm/m/it/10 ds:
 []

[3]
Overfull \hbox (68.25552pt too wide) detected at line 198
[]\OML/cmm/m/it/10 S\OT1/cmr/m/n/10 (\OML/cmm/m/it/10 ^^R\OT1/cmr/m/n/10 ) = \O
ML/cmm/m/it/10 w[] \OMS/cmsy/m/n/10 G\OT1/cmr/m/n/10 (\OML/cmm/m/it/10 M; I\OT1
/cmr/m/n/10 ) + \OML/cmm/m/it/10 w[] \OMS/cmsy/m/n/10 C\OT1/cmr/m/n/10 (\OML/cm
m/m/it/10 M; I\OT1/cmr/m/n/10 ) + \OML/cmm/m/it/10 w[] []\OT1/cmr/m/n/10 (1 + \
OML/cmm/m/it/10 N\OT1/cmr/m/n/10 (\OML/cmm/m/it/10 M\OT1/cmr/m/n/10 )) \OMS/cms
y/m/n/10 ^^@ P[]\OT1/cmr/m/n/10 (\OML/cmm/m/it/10 M\OT1/cmr/m/n/10 ) \OMS/cmsy/
m/n/10 ^^@ P[]\OT1/cmr/m/n/10 (\OML/cmm/m/it/10 M\OT1/cmr/m/n/10 )\OML/cmm/m/it
/10 ;
 []


Package hyperref Warning: Token not allowed in a PDF string (PDFDocEncoding):
(hyperref)                removing `math shift' on input line 202.


Package hyperref Warning: Token not allowed in a PDF string (PDFDocEncoding):
(hyperref)                removing `math shift' on input line 202.


Package hyperref Warning: Token not allowed in a PDF string (PDFDocEncoding):
(hyperref)                removing `math shift' on input line 209.


Package hyperref Warning: Token not allowed in a PDF string (PDFDocEncoding):
(hyperref)                removing `math shift' on input line 209.

Package hyperref Info: bookmark level for unknown algorithm defaults to 0 on in
put line 228.
LaTeX Font Info:    Try loading font information for OMS+ptm on input line 241.

(/usr/share/texlive/texmf-dist/tex/latex/psnfss/omsptm.fd
File: omsptm.fd 
)
LaTeX Font Info:    Font shape `OMS/ptm/m/n' in size <10> not available
(Font)              Font shape `OMS/cmsy/m/n' tried instead on input line 241.
 [4]
Underfull \hbox (badness 1418) in paragraph at lines 301--302
[]\OT1/ptm/m/n/10 Classical thresh-old-ing and color-index seg-men-ta-tions
 []

<../figs_from_outputs/exp_v1/optimizer_status_bar.png, id=346, 462.528pt x 346.
896pt>
File: ../figs_from_outputs/exp_v1/optimizer_status_bar.png Graphic file (type p
ng)
<use ../figs_from_outputs/exp_v1/optimizer_status_bar.png>
Package pdftex.def Info: ../figs_from_outputs/exp_v1/optimizer_status_bar.png  
used on input line 321. on input line 321.
Package pdftex.def Info: Requested size: 252.0pt x 189.00427pt on input line 32
1.
<../figs_from_outputs/exp_v1/optimizer_elapsed_seconds_hist.png, id=347, 462.52
8pt x 346.896pt>
File: ../figs_from_outputs/exp_v1/optimizer_elapsed_seconds_hist.png Graphic fi
le (type png)
<use ../figs_from_outputs/exp_v1/optimizer_elapsed_seconds_hist.png>
Package pdftex.def Info: ../figs_from_outputs/exp_v1/optimizer_elapsed_seconds_
hist.png  used on input line 328. on input line 328.
Package pdftex.def Info: Requested size: 252.0pt x 189.00427pt on input line 32
8.
<../figs_from_outputs/exp_v1/optimizer_score_hist.png, id=348, 462.528pt x 346.
896pt>
File: ../figs_from_outputs/exp_v1/optimizer_score_hist.png Graphic file (type p
ng)
<use ../figs_from_outputs/exp_v1/optimizer_score_hist.png>
Package pdftex.def Info: ../figs_from_outputs/exp_v1/optimizer_score_hist.png  
used on input line 335. on input line 335.
Package pdftex.def Info: Requested size: 252.0pt x 189.00427pt on input line 33
5.
[5 <../figs_from_outputs/exp_v1/optimizer_status_bar.png (PNG copy)> <../figs_f
rom_outputs/exp_v1/optimizer_elapsed_seconds_hist.png (PNG copy)>]
<../figs_from_outputs/exp_v1/threshold_sweep_plot.png, id=355, 462.528pt x 346.
896pt>
File: ../figs_from_outputs/exp_v1/threshold_sweep_plot.png Graphic file (type p
ng)
<use ../figs_from_outputs/exp_v1/threshold_sweep_plot.png>
Package pdftex.def Info: ../figs_from_outputs/exp_v1/threshold_sweep_plot.png  
used on input line 352. on input line 352.
Package pdftex.def Info: Requested size: 252.0pt x 189.00427pt on input line 35
2.
<../figs_from_outputs/exp_v1/montage_teacher_student.png, id=356, 4197.6825pt x
 1314.9125pt>
File: ../figs_from_outputs/exp_v1/montage_teacher_student.png Graphic file (typ
e png)
<use ../figs_from_outputs/exp_v1/montage_teacher_student.png>
Package pdftex.def Info: ../figs_from_outputs/exp_v1/montage_teacher_student.pn
g  used on input line 359. on input line 359.
Package pdftex.def Info: Requested size: 516.0pt x 161.63496pt on input line 35
9.
<../figs_from_outputs/exp_v1/montage_disagreement_roi.png, id=357, 5519.62125pt
 x 2278.5125pt>
File: ../figs_from_outputs/exp_v1/montage_disagreement_roi.png Graphic file (ty
pe png)
<use ../figs_from_outputs/exp_v1/montage_disagreement_roi.png>
Package pdftex.def Info: ../figs_from_outputs/exp_v1/montage_disagreement_roi.p
ng  used on input line 366. on input line 366.
Package pdftex.def Info: Requested size: 516.0pt x 212.9842pt on input line 366
.

Underfull \hbox (badness 1776) in paragraph at lines 376--377
[]\OT1/ptm/m/n/10 Coalescing le-sions: stronger rigid-ity to avoid over-
 []

<../figs_from_outputs/exp_v1/scatter_energy_threshold_vs_lesion_count.png, id=3
61, 361.35pt x 289.08pt>
File: ../figs_from_outputs/exp_v1/scatter_energy_threshold_vs_lesion_count.png 
Graphic file (type png)
<use ../figs_from_outputs/exp_v1/scatter_energy_threshold_vs_lesion_count.png>
Package pdftex.def Info: ../figs_from_outputs/exp_v1/scatter_energy_threshold_v
s_lesion_count.png  used on input line 382. on input line 382.
Package pdftex.def Info: Requested size: 252.0pt x 201.60033pt on input line 38
2.
<../figs_from_outputs/exp_v1/scatter_beta_vs_area_frac.png, id=362, 361.35pt x 
289.08pt>
File: ../figs_from_outputs/exp_v1/scatter_beta_vs_area_frac.png Graphic file (t
ype png)
<use ../figs_from_outputs/exp_v1/scatter_beta_vs_area_frac.png>
Package pdftex.def Info: ../figs_from_outputs/exp_v1/scatter_beta_vs_area_frac.
png  used on input line 389. on input line 389.
Package pdftex.def Info: Requested size: 252.0pt x 201.60033pt on input line 38
9.
<../figs_from_outputs/9leaf/surface_DSC_0198_segment_1_segmented_smoothed__surf
ace_energy_threshold_vs_beta.png, id=370, 635.07263pt x 461.02237pt>
File: ../figs_from_outputs/9leaf/surface_DSC_0198_segment_1_segmented_smoothed_
_surface_energy_threshold_vs_beta.png Graphic file (type png)
<use ../figs_from_outputs/9leaf/surface_DSC_0198_segment_1_segmented_smoothed__
surface_energy_threshold_vs_beta.png>
Package pdftex.def Info: ../figs_from_outputs/9leaf/surface_DSC_0198_segment_1_
segmented_smoothed__surface_energy_threshold_vs_beta.png  used on input line 44
8. on input line 448.
Package pdftex.def Info: Requested size: 252.0pt x 182.93544pt on input line 44
8.
<../figs_from_outputs/9leaf/surface_DSC_0379_segment_1_segmented_smoothed__surf
ace_energy_threshold_vs_beta.png, id=371, 635.07263pt x 461.02237pt>
File: ../figs_from_outputs/9leaf/surface_DSC_0379_segment_1_segmented_smoothed_
_surface_energy_threshold_vs_beta.png Graphic file (type png)
<use ../figs_from_outputs/9leaf/surface_DSC_0379_segment_1_segmented_smoothed__
surface_energy_threshold_vs_beta.png>
Package pdftex.def Info: ../figs_from_outputs/9leaf/surface_DSC_0379_segment_1_
segmented_smoothed__surface_energy_threshold_vs_beta.png  used on input line 45
5. on input line 455.
Package pdftex.def Info: Requested size: 252.0pt x 182.93544pt on input line 45
5.
<../figs_from_outputs/9leaf/surface_DSC_0261_segment_1_segmented_smoothed__surf
ace_energy_threshold_vs_beta.png, id=372, 641.9985pt x 461.02237pt>
File: ../figs_from_outputs/9leaf/surface_DSC_0261_segment_1_segmented_smoothed_
_surface_energy_threshold_vs_beta.png Graphic file (type png)
<use ../figs_from_outputs/9leaf/surface_DSC_0261_segment_1_segmented_smoothed__
surface_energy_threshold_vs_beta.png>
Package pdftex.def Info: ../figs_from_outputs/9leaf/surface_DSC_0261_segment_1_
segmented_smoothed__surface_energy_threshold_vs_beta.png  used on input line 46
2. on input line 462.
Package pdftex.def Info: Requested size: 252.0pt x 180.96574pt on input line 46
2.
[6 <../figs_from_outputs/exp_v1/optimizer_score_hist.png (PNG copy)> <../figs_f
rom_outputs/exp_v1/threshold_sweep_plot.png (PNG copy)>]
<../figs_from_outputs/9leaf/traj_DSC_0198_segment_1_segmented_smoothed__traject
ory_best_score_so_far.png, id=386, 552.56438pt x 327.92513pt>
File: ../figs_from_outputs/9leaf/traj_DSC_0198_segment_1_segmented_smoothed__tr
ajectory_best_score_so_far.png Graphic file (type png)
<use ../figs_from_outputs/9leaf/traj_DSC_0198_segment_1_segmented_smoothed__tra
jectory_best_score_so_far.png>
Package pdftex.def Info: ../figs_from_outputs/9leaf/traj_DSC_0198_segment_1_seg
mented_smoothed__trajectory_best_score_so_far.png  used on input line 472. on i
nput line 472.
Package pdftex.def Info: Requested size: 252.0pt x 149.5514pt on input line 472
.
<../figs_from_outputs/manifold/pca2d_global_local_dD.png, id=389, 589.6575pt x 
506.547pt>
File: ../figs_from_outputs/manifold/pca2d_global_local_dD.png Graphic file (typ
e png)
<use ../figs_from_outputs/manifold/pca2d_global_local_dD.png>
Package pdftex.def Info: ../figs_from_outputs/manifold/pca2d_global_local_dD.pn
g  used on input line 491. on input line 491.
Package pdftex.def Info: Requested size: 252.0pt x 216.48152pt on input line 49
1.
<../figs_from_outputs/manifold/mean_delta_parameters.png, id=391, 618.894pt x 3
91.9005pt>
File: ../figs_from_outputs/manifold/mean_delta_parameters.png Graphic file (typ
e png)
<use ../figs_from_outputs/manifold/mean_delta_parameters.png>
Package pdftex.def Info: ../figs_from_outputs/manifold/mean_delta_parameters.pn
g  used on input line 501. on input line 501.
Package pdftex.def Info: Requested size: 252.0pt x 159.56798pt on input line 50
1.
 [7 <../figs_from_outputs/exp_v1/montage_teacher_student.png (PNG copy)> <../fi
gs_from_outputs/exp_v1/montage_disagreement_roi.png (PNG copy)>]
<../figs_from_outputs/solid3d/pca3d_covariance_ellipsoids.png, id=402, 485.1945
pt x 475.011pt>
File: ../figs_from_outputs/solid3d/pca3d_covariance_ellipsoids.png Graphic file
 (type png)
<use ../figs_from_outputs/solid3d/pca3d_covariance_ellipsoids.png>
Package pdftex.def Info: ../figs_from_outputs/solid3d/pca3d_covariance_ellipsoi
ds.png  used on input line 511. on input line 511.
Package pdftex.def Info: Requested size: 252.0pt x 246.70996pt on input line 51
1.
 [8 <../figs_from_outputs/exp_v1/scatter_energy_threshold_vs_lesion_count.png (
PNG copy)> <../figs_from_outputs/exp_v1/scatter_beta_vs_area_frac.png (PNG copy
)>]
<../figs_from_outputs/exp_v1/qual_grid_teacher_student.png, id=415, 2031.59pt x
 1256.695pt>
File: ../figs_from_outputs/exp_v1/qual_grid_teacher_student.png Graphic file (t
ype png)
<use ../figs_from_outputs/exp_v1/qual_grid_teacher_student.png>
Package pdftex.def Info: ../figs_from_outputs/exp_v1/qual_grid_teacher_student.
png  used on input line 533. on input line 533.
Package pdftex.def Info: Requested size: 516.0pt x 319.17781pt on input line 53
3.
 [9 <../figs_from_outputs/9leaf/surface_DSC_0198_segment_1_segmented_smoothed__
surface_energy_threshold_vs_beta.png (PNG copy)> <../figs_from_outputs/9leaf/su
rface_DSC_0379_segment_1_segmented_smoothed__surface_energy_threshold_vs_beta.p
ng (PNG copy)> <../figs_from_outputs/9leaf/surface_DSC_0261_segment_1_segmented
_smoothed__surface_energy_threshold_vs_beta.png (PNG copy)> <../figs_from_outpu
ts/9leaf/traj_DSC_0198_segment_1_segmented_smoothed__trajectory_best_score_so_f
ar.png (PNG copy)>] [10 <../figs_from_outputs/manifold/pca2d_global_local_dD.pn
g (PNG copy)> <../figs_from_outputs/manifold/mean_delta_parameters.png (PNG cop
y)> <../figs_from_outputs/solid3d/pca3d_covariance_ellipsoids.png (PNG copy)>]
<../figs_from_outputs/exp_v1/hist_area_frac_error.png, id=445, 722.7pt x 289.08
pt>
File: ../figs_from_outputs/exp_v1/hist_area_frac_error.png Graphic file (type p
ng)
<use ../figs_from_outputs/exp_v1/hist_area_frac_error.png>
Package pdftex.def Info: ../figs_from_outputs/exp_v1/hist_area_frac_error.png  
used on input line 622. on input line 622.
Package pdftex.def Info: Requested size: 252.0pt x 100.80016pt on input line 62
2.
<../figs_from_outputs/exp_v1/hist_count_error.png, id=446, 722.7pt x 289.08pt>
File: ../figs_from_outputs/exp_v1/hist_count_error.png Graphic file (type png)
<use ../figs_from_outputs/exp_v1/hist_count_error.png>
Package pdftex.def Info: ../figs_from_outputs/exp_v1/hist_count_error.png  used
 on input line 629. on input line 629.
Package pdftex.def Info: Requested size: 252.0pt x 100.80016pt on input line 62
9.
<../figs_from_outputs/exp_v1/scatter_teacher_vs_pred_area_frac.png, id=447, 722
.7pt x 325.215pt>
File: ../figs_from_outputs/exp_v1/scatter_teacher_vs_pred_area_frac.png Graphic
 file (type png)
<use ../figs_from_outputs/exp_v1/scatter_teacher_vs_pred_area_frac.png>
Package pdftex.def Info: ../figs_from_outputs/exp_v1/scatter_teacher_vs_pred_ar
ea_frac.png  used on input line 636. on input line 636.
Package pdftex.def Info: Requested size: 252.0pt x 113.40018pt on input line 63
6.

Underfull \vbox (badness 4156) has occurred while \output is active []

 [11 <../figs_from_outputs/exp_v1/qual_grid_teacher_student.png (PNG copy)> <..
/figs_from_outputs/exp_v1/hist_area_frac_error.png (PNG copy)>]
Underfull \hbox (badness 1472) in paragraph at lines 666--667
\OT1/ptm/m/n/10 and the em-pir-i-cal dis-tri-bu-tions of op-ti-mized pa-ram-e-t
ers.
 []


Underfull \vbox (badness 1087) has occurred while \output is active []

 [12 <../figs_from_outputs/exp_v1/hist_count_error.png (PNG copy)> <../figs_fro
m_outputs/exp_v1/scatter_teacher_vs_pred_area_frac.png (PNG copy)>]
<../figs_from_outputs/exp_v1/n_contours_hist.png, id=474, 462.528pt x 346.896pt
>
File: ../figs_from_outputs/exp_v1/n_contours_hist.png Graphic file (type png)
<use ../figs_from_outputs/exp_v1/n_contours_hist.png>
Package pdftex.def Info: ../figs_from_outputs/exp_v1/n_contours_hist.png  used 
on input line 672. on input line 672.
Package pdftex.def Info: Requested size: 252.84283pt x 189.63417pt on input lin
e 672.
<../figs_from_outputs/exp_v1/area_px_hist.png, id=475, 462.528pt x 346.896pt>
File: ../figs_from_outputs/exp_v1/area_px_hist.png Graphic file (type png)
<use ../figs_from_outputs/exp_v1/area_px_hist.png>
Package pdftex.def Info: ../figs_from_outputs/exp_v1/area_px_hist.png  used on 
input line 677. on input line 677.
Package pdftex.def Info: Requested size: 252.84283pt x 189.63417pt on input lin
e 677.
<../figs_from_outputs/exp_v1/param_mu_hist.png, id=476, 462.528pt x 346.896pt>
File: ../figs_from_outputs/exp_v1/param_mu_hist.png Graphic file (type png)
<use ../figs_from_outputs/exp_v1/param_mu_hist.png>
Package pdftex.def Info: ../figs_from_outputs/exp_v1/param_mu_hist.png  used on
 input line 687. on input line 687.
Package pdftex.def Info: Requested size: 165.12378pt x 123.84499pt on input lin
e 687.
<../figs_from_outputs/exp_v1/param_lambda_hist.png, id=477, 462.528pt x 346.896
pt>
File: ../figs_from_outputs/exp_v1/param_lambda_hist.png Graphic file (type png)

<use ../figs_from_outputs/exp_v1/param_lambda_hist.png>
Package pdftex.def Info: ../figs_from_outputs/exp_v1/param_lambda_hist.png  use
d on input line 689. on input line 689.
Package pdftex.def Info: Requested size: 165.12378pt x 123.84499pt on input lin
e 689.
<../figs_from_outputs/exp_v1/param_diffusion_rate_hist.png, id=478, 462.528pt x
 346.896pt>
File: ../figs_from_outputs/exp_v1/param_diffusion_rate_hist.png Graphic file (t
ype png)
<use ../figs_from_outputs/exp_v1/param_diffusion_rate_hist.png>
Package pdftex.def Info: ../figs_from_outputs/exp_v1/param_diffusion_rate_hist.
png  used on input line 691. on input line 691.
Package pdftex.def Info: Requested size: 165.12378pt x 123.84499pt on input lin
e 691.
<../figs_from_outputs/exp_v1/param_alpha_hist.png, id=479, 462.528pt x 346.896p
t>
File: ../figs_from_outputs/exp_v1/param_alpha_hist.png Graphic file (type png)
<use ../figs_from_outputs/exp_v1/param_alpha_hist.png>
Package pdftex.def Info: ../figs_from_outputs/exp_v1/param_alpha_hist.png  used
 on input line 696. on input line 696.
Package pdftex.def Info: Requested size: 165.12378pt x 123.84499pt on input lin
e 696.
<../figs_from_outputs/exp_v1/param_beta_hist.png, id=480, 462.528pt x 346.896pt
>
File: ../figs_from_outputs/exp_v1/param_beta_hist.png Graphic file (type png)
<use ../figs_from_outputs/exp_v1/param_beta_hist.png>
Package pdftex.def Info: ../figs_from_outputs/exp_v1/param_beta_hist.png  used 
on input line 698. on input line 698.
Package pdftex.def Info: Requested size: 165.12378pt x 123.84499pt on input lin
e 698.
<../figs_from_outputs/exp_v1/param_gamma_hist.png, id=481, 462.528pt x 346.896p
t>
File: ../figs_from_outputs/exp_v1/param_gamma_hist.png Graphic file (type png)
<use ../figs_from_outputs/exp_v1/param_gamma_hist.png>
Package pdftex.def Info: ../figs_from_outputs/exp_v1/param_gamma_hist.png  used
 on input line 700. on input line 700.
Package pdftex.def Info: Requested size: 165.12378pt x 123.84499pt on input lin
e 700.
<../figs_from_outputs/exp_v1/param_energy_threshold_hist.png, id=482, 462.528pt
 x 346.896pt>
File: ../figs_from_outputs/exp_v1/param_energy_threshold_hist.png Graphic file 
(type png)
<use ../figs_from_outputs/exp_v1/param_energy_threshold_hist.png>
Package pdftex.def Info: ../figs_from_outputs/exp_v1/param_energy_threshold_his
t.png  used on input line 705. on input line 705.
Package pdftex.def Info: Requested size: 252.84283pt x 189.63417pt on input lin
e 705.

Underfull \hbox (badness 2035) in paragraph at lines 714--715
[]\OT1/ptm/m/n/10 This sec-tion presents ad-di-tional trace-based objective-
 []

<../figs_from_outputs/9leaf/traj_DSC_0166_segment_1_segmented_smoothed__traject
ory_best_score_so_far.png, id=484, 552.56438pt x 327.92513pt>
File: ../figs_from_outputs/9leaf/traj_DSC_0166_segment_1_segmented_smoothed__tr
ajectory_best_score_so_far.png Graphic file (type png)
<use ../figs_from_outputs/9leaf/traj_DSC_0166_segment_1_segmented_smoothed__tra
jectory_best_score_so_far.png>
Package pdftex.def Info: ../figs_from_outputs/9leaf/traj_DSC_0166_segment_1_seg
mented_smoothed__trajectory_best_score_so_far.png  used on input line 720. on i
nput line 720.
Package pdftex.def Info: Requested size: 252.84283pt x 150.05179pt on input lin
e 720.
<../figs_from_outputs/9leaf/traj_DSC_0163_segment_1_segmented_smoothed__traject
ory_best_score_so_far.png, id=485, 552.56438pt x 327.92513pt>
File: ../figs_from_outputs/9leaf/traj_DSC_0163_segment_1_segmented_smoothed__tr
ajectory_best_score_so_far.png Graphic file (type png)
<use ../figs_from_outputs/9leaf/traj_DSC_0163_segment_1_segmented_smoothed__tra
jectory_best_score_so_far.png>
Package pdftex.def Info: ../figs_from_outputs/9leaf/traj_DSC_0163_segment_1_seg
mented_smoothed__trajectory_best_score_so_far.png  used on input line 725. on i
nput line 725.
Package pdftex.def Info: Requested size: 252.84283pt x 150.05179pt on input lin
e 725.
<../figs_from_outputs/9leaf/traj_DSC_0274_segment_1_segmented_smoothed__traject
ory_best_score_so_far.png, id=486, 552.56438pt x 327.92513pt>
File: ../figs_from_outputs/9leaf/traj_DSC_0274_segment_1_segmented_smoothed__tr
ajectory_best_score_so_far.png Graphic file (type png)
<use ../figs_from_outputs/9leaf/traj_DSC_0274_segment_1_segmented_smoothed__tra
jectory_best_score_so_far.png>
Package pdftex.def Info: ../figs_from_outputs/9leaf/traj_DSC_0274_segment_1_seg
mented_smoothed__trajectory_best_score_so_far.png  used on input line 736. on i
nput line 736.
Package pdftex.def Info: Requested size: 252.84283pt x 150.05179pt on input lin
e 736.
<../figs_from_outputs/9leaf/traj_DSC_0205_segment_1_segmented_smoothed__traject
ory_best_score_so_far.png, id=487, 552.56438pt x 327.92513pt>
File: ../figs_from_outputs/9leaf/traj_DSC_0205_segment_1_segmented_smoothed__tr
ajectory_best_score_so_far.png Graphic file (type png)
<use ../figs_from_outputs/9leaf/traj_DSC_0205_segment_1_segmented_smoothed__tra
jectory_best_score_so_far.png>
Package pdftex.def Info: ../figs_from_outputs/9leaf/traj_DSC_0205_segment_1_seg
mented_smoothed__trajectory_best_score_so_far.png  used on input line 741. on i
nput line 741.
Package pdftex.def Info: Requested size: 252.84283pt x 150.05179pt on input lin
e 741.
<../figs_from_outputs/9leaf/traj_DSC_0185_segment_1_segmented_smoothed__traject
ory_best_score_so_far.png, id=488, 562.20038pt x 327.92513pt>
File: ../figs_from_outputs/9leaf/traj_DSC_0185_segment_1_segmented_smoothed__tr
ajectory_best_score_so_far.png Graphic file (type png)
<use ../figs_from_outputs/9leaf/traj_DSC_0185_segment_1_segmented_smoothed__tra
jectory_best_score_so_far.png>
Package pdftex.def Info: ../figs_from_outputs/9leaf/traj_DSC_0185_segment_1_seg
mented_smoothed__trajectory_best_score_so_far.png  used on input line 752. on i
nput line 752.
Package pdftex.def Info: Requested size: 252.84283pt x 147.47987pt on input lin
e 752.
<../figs_from_outputs/9leaf/traj_DSC_0199_segment_1_segmented_smoothed__traject
ory_best_score_so_far.png, id=489, 568.524pt x 327.92513pt>
File: ../figs_from_outputs/9leaf/traj_DSC_0199_segment_1_segmented_smoothed__tr
ajectory_best_score_so_far.png Graphic file (type png)
<use ../figs_from_outputs/9leaf/traj_DSC_0199_segment_1_segmented_smoothed__tra
jectory_best_score_so_far.png>
Package pdftex.def Info: ../figs_from_outputs/9leaf/traj_DSC_0199_segment_1_seg
mented_smoothed__trajectory_best_score_so_far.png  used on input line 757. on i
nput line 757.
Package pdftex.def Info: Requested size: 252.84283pt x 145.83865pt on input lin
e 757.
<../figs_from_outputs/solid3d/pca3d_convex_hull_global_local.png, id=491, 1156.
32pt x 925.056pt>
File: ../figs_from_outputs/solid3d/pca3d_convex_hull_global_local.png Graphic f
ile (type png)
<use ../figs_from_outputs/solid3d/pca3d_convex_hull_global_local.png>
Package pdftex.def Info: ../figs_from_outputs/solid3d/pca3d_convex_hull_global_
local.png  used on input line 772. on input line 772.
Package pdftex.def Info: Requested size: 252.84283pt x 202.27081pt on input lin
e 772.
<../figs_from_outputs/solid3d/pca3d_positive_vs_negative_dD_surfaces.png, id=49
2, 1156.32pt x 925.056pt>
File: ../figs_from_outputs/solid3d/pca3d_positive_vs_negative_dD_surfaces.png G
raphic file (type png)
<use ../figs_from_outputs/solid3d/pca3d_positive_vs_negative_dD_surfaces.png>
Package pdftex.def Info: ../figs_from_outputs/solid3d/pca3d_positive_vs_negativ
e_dD_surfaces.png  used on input line 777. on input line 777.
Package pdftex.def Info: Requested size: 252.84283pt x 202.27081pt on input lin
e 777.
<../figs_from_outputs/manifold/tsne2d_delta_ddgroup.png, id=493, 609.696pt x 50
5.233pt>
File: ../figs_from_outputs/manifold/tsne2d_delta_ddgroup.png Graphic file (type
 png)
<use ../figs_from_outputs/manifold/tsne2d_delta_ddgroup.png>
Package pdftex.def Info: ../figs_from_outputs/manifold/tsne2d_delta_ddgroup.png
  used on input line 788. on input line 788.
Package pdftex.def Info: Requested size: 252.84283pt x 209.5213pt on input line
 788.
<../figs_from_outputs/manifold/pca_centroid_shift_groups.png, id=494, 743.3955p
t x 506.547pt>
File: ../figs_from_outputs/manifold/pca_centroid_shift_groups.png Graphic file 
(type png)
<use ../figs_from_outputs/manifold/pca_centroid_shift_groups.png>
Package pdftex.def Info: ../figs_from_outputs/manifold/pca_centroid_shift_group
s.png  used on input line 793. on input line 793.
Package pdftex.def Info: Requested size: 252.84283pt x 172.28552pt on input lin
e 793.
[13

] [14 <../figs_from_outputs/exp_v1/n_contours_hist.png (PNG copy)> <../figs_fro
m_outputs/exp_v1/area_px_hist.png (PNG copy)>] [15 <../figs_from_outputs/exp_v1
/param_mu_hist.png (PNG copy)> <../figs_from_outputs/exp_v1/param_lambda_hist.p
ng (PNG copy)> <../figs_from_outputs/exp_v1/param_diffusion_rate_hist.png (PNG 
copy)> <../figs_from_outputs/exp_v1/param_alpha_hist.png (PNG copy)> <../figs_f
rom_outputs/exp_v1/param_beta_hist.png (PNG copy)> <../figs_from_outputs/exp_v1
/param_gamma_hist.png (PNG copy)> <../figs_from_outputs/exp_v1/param_energy_thr
eshold_hist.png (PNG copy)>] [16 <../figs_from_outputs/9leaf/traj_DSC_0166_segm
ent_1_segmented_smoothed__trajectory_best_score_so_far.png (PNG copy)> <../figs
_from_outputs/9leaf/traj_DSC_0163_segment_1_segmented_smoothed__trajectory_best
_score_so_far.png (PNG copy)> <../figs_from_outputs/9leaf/traj_DSC_0274_segment
_1_segmented_smoothed__trajectory_best_score_so_far.png (PNG copy)> <../figs_fr
om_outputs/9leaf/traj_DSC_0205_segment_1_segmented_smoothed__trajectory_best_sc
ore_so_far.png (PNG copy)> <../figs_from_outputs/9leaf/traj_DSC_0185_segment_1_
segmented_smoothed__trajectory_best_score_so_far.png (PNG copy)> <../figs_from_
outputs/9leaf/traj_DSC_0199_segment_1_segmented_smoothed__trajectory_best_score
_so_far.png (PNG copy)>] [17 <../figs_from_outputs/solid3d/pca3d_convex_hull_gl
obal_local.png (PNG copy)> <../figs_from_outputs/solid3d/pca3d_positive_vs_nega
tive_dD_surfaces.png (PNG copy)> <../figs_from_outputs/manifold/tsne2d_delta_dd
group.png (PNG copy)> <../figs_from_outputs/manifold/pca_centroid_shift_groups.
png (PNG copy)>] (./Latest_Paper_1_strengthened.bbl
Underfull \hbox (badness 1616) in paragraph at lines 49--52
[]\OT1/ptm/m/n/8 M. Oquab, T. Darcet, T. Moutakanni, H. Vo \OT1/ptm/m/it/8 et a
l.\OT1/ptm/m/n/8 , ``DI-NOv2:
 []


Underfull \hbox (badness 2735) in paragraph at lines 124--127
[]\OT1/ptm/m/n/8 N. Hansen and A. Os-ter-meier, ``Com-pletely de-ran-dom-ized s
elf-
 []

)
Package atveryend Info: Empty hook `BeforeClearDocument' on input line 803.
 [18



]
Package atveryend Info: Empty hook `AfterLastShipout' on input line 803.
 (./Latest_Paper_1_strengthened.aux)
Package atveryend Info: Executing hook `AtVeryEndDocument' on input line 803.
Package atveryend Info: Executing hook `AtEndAfterFileList' on input line 803.
Package rerunfilecheck Info: File `Latest_Paper_1_strengthened.out' has not cha
nged.
(rerunfilecheck)             Checksum: 93DB28151D7783401ED752BD4A611A17;4248.
Package atveryend Info: Empty hook `AtVeryVeryEnd' on input line 803.
 ) 
Here is how much of TeX's memory you used:
 8647 strings out of 494917
 137235 string characters out of 6180699
 222699 words of memory out of 5000000
 11600 multiletter control sequences out of 15000+600000
 52323 words of font info for 108 fonts, out of 8000000 for 9000
 14 hyphenation exceptions out of 8191
 28i,13n,35p,2041b,548s stack positions out of 5000i,500n,10000p,200000b,80000s
{/usr/share/texlive/texmf-dist/fonts/enc/dvips/base/8r.enc}</usr/share/texliv
e/texmf-dist/fonts/type1/public/amsfonts/cm/cmbx10.pfb></usr/share/texlive/texm
f-dist/fonts/type1/public/amsfonts/cm/cmex10.pfb></usr/share/texlive/texmf-dist
/fonts/type1/public/amsfonts/cm/cmmi10.pfb></usr/share/texlive/texmf-dist/fonts
/type1/public/amsfonts/cm/cmmi6.pfb></usr/share/texlive/texmf-dist/fonts/type1/
public/amsfonts/cm/cmmi7.pfb></usr/share/texlive/texmf-dist/fonts/type1/public/
amsfonts/cm/cmmi8.pfb></usr/share/texlive/texmf-dist/fonts/type1/public/amsfont
s/cm/cmmib10.pfb></usr/share/texlive/texmf-dist/fonts/type1/public/amsfonts/cm/
cmr10.pfb></usr/share/texlive/texmf-dist/fonts/type1/public/amsfonts/cm/cmr6.pf
b></usr/share/texlive/texmf-dist/fonts/type1/public/amsfonts/cm/cmr7.pfb></usr/
share/texlive/texmf-dist/fonts/type1/public/amsfonts/cm/cmr8.pfb></usr/share/te
xlive/texmf-dist/fonts/type1/public/amsfonts/cm/cmsy10.pfb></usr/share/texlive/
texmf-dist/fonts/type1/public/amsfonts/cm/cmsy7.pfb></usr/share/texlive/texmf-d
ist/fonts/type1/public/amsfonts/cm/cmsy8.pfb></usr/share/texlive/texmf-dist/fon
ts/type1/public/amsfonts/symbols/msbm10.pfb></usr/share/texlive/texmf-dist/font
s/type1/urw/times/utmb8a.pfb></usr/share/texlive/texmf-dist/fonts/type1/urw/tim
es/utmbi8a.pfb></usr/share/texlive/texmf-dist/fonts/type1/urw/times/utmr8a.pfb>
</usr/share/texlive/texmf-dist/fonts/type1/urw/times/utmri8a.pfb>
Output written on Latest_Paper_1_strengthened.pdf (18 pages, 20438094 bytes).
PDF statistics:
 654 PDF objects out of 1000 (max. 8388607)
 571 compressed objects within 6 object streams
 201 named destinations out of 1000 (max. 500000)
 607 words of extra memory for PDF output out of 10000 (max. 10000000)

