Loading model on cuda...
Found 174 images
[1/174] Done: DSC_0018_segment_1_segmented_smoothed.tif
[2/174] Done: DSC_0024_segment_1_segmented_smoothed.tif
[3/174] Done: DSC_0034_segment_1_segmented_smoothed.tif
[4/174] Done: DSC_0036_segment_1_segmented_smoothed.tif
[5/174] Done: DSC_0037_segment_1_segmented_smoothed.tif
[6/174] Done: DSC_0040_segment_1_segmented_smoothed.tif
[7/174] Done: DSC_0044_segment_1_segmented_smoothed.tif
[8/174] Done: DSC_0050_segment_1_segmented_smoothed.tif
[9/174] Done: DSC_0057_segment_1_segmented_smoothed.tif
[10/174] Done: DSC_0059_segment_1_segmented_smoothed.tif
[11/174] Done: DSC_0060_segment_1_segmented_smoothed.tif
[12/174] Done: DSC_0064_segment_1_segmented_smoothed.tif
[13/174] Done: DSC_0068_segment_1_segmented_smoothed.tif
[14/174] Done: DSC_0069_segment_1_segmented_smoothed.tif
[15/174] Done: DSC_0070_segment_1_segmented_smoothed.tif
[16/174] Done: DSC_0084_segment_1_segmented_smoothed.tif
[17/174] Done: DSC_0089_segment_1_segmented_smoothed.tif
[18/174] Done: DSC_0090_segment_1_segmented_smoothed.tif
[19/174] Done: DSC_0091_segment_1_segmented_smoothed.tif
[20/174] Done: DSC_0092_segment_1_segmented_smoothed.tif
[21/174] Done: DSC_0093_segment_1_segmented_smoothed.tif
[22/174] Done: DSC_0094_segment_1_segmented_smoothed.tif
[23/174] Done: DSC_0096_segment_1_segmented_smoothed.tif
[24/174] Done: DSC_0099_segment_1_segmented_smoothed.tif
[25/174] Done: DSC_0100_segment_1_segmented_smoothed.tif
[26/174] Done: DSC_0103_segment_1_segmented_smoothed.tif
[27/174] Done: DSC_0105_segment_1_segmented_smoothed.tif
[28/174] Done: DSC_0106_segment_1_segmented_smoothed.tif
[29/174] Done: DSC_0107_segment_1_segmented_smoothed.tif
[30/174] Done: DSC_0109_segment_1_segmented_smoothed.tif
[31/174] Done: DSC_0110_segment_1_segmented_smoothed.tif
[32/174] Done: DSC_0111_segment_1_segmented_smoothed.tif
[33/174] Done: DSC_0112_segment_1_segmented_smoothed.tif
[34/174] Done: DSC_0113_segment_1_segmented_smoothed.tif
[35/174] Done: DSC_0114_segment_1_segmented_smoothed.tif
[36/174] Done: DSC_0118_segment_1_segmented_smoothed.tif
[37/174] Done: DSC_0119_segment_1_segmented_smoothed.tif
[38/174] Done: DSC_0120_segment_1_segmented_smoothed.tif
[39/174] Done: DSC_0121_segment_1_segmented_smoothed.tif
[40/174] Done: DSC_0122_segment_1_segmented_smoothed.tif
[41/174] Done: DSC_0127_segment_1_segmented_smoothed.tif
[42/174] Done: DSC_0128_segment_1_segmented_smoothed.tif
[43/174] Done: DSC_0129_segment_1_segmented_smoothed.tif
[44/174] Done: DSC_0130_segment_1_segmented_smoothed.tif
[45/174] Done: DSC_0132_segment_1_segmented_smoothed.tif
[46/174] Done: DSC_0133_segment_1_segmented_smoothed.tif
[47/174] Done: DSC_0135_segment_1_segmented_smoothed.tif
[48/174] Done: DSC_0137_segment_1_segmented_smoothed.tif
[49/174] Done: DSC_0138_segment_1_segmented_smoothed.tif
[50/174] Done: DSC_0139_segment_1_segmented_smoothed.tif
[51/174] Done: DSC_0140_segment_1_segmented_smoothed.tif
[52/174] Done: DSC_0142_segment_1_segmented_smoothed.tif
[53/174] Done: DSC_0146_segment_1_segmented_smoothed.tif
[54/174] Done: DSC_0147_segment_1_segmented_smoothed.tif
[55/174] Done: DSC_0148_segment_1_segmented_smoothed.tif
[56/174] Done: DSC_0149_segment_1_segmented_smoothed.tif
[57/174] Done: DSC_0154_segment_1_segmented_smoothed.tif
[58/174] Done: DSC_0156_segment_1_segmented_smoothed.tif
[59/174] Done: DSC_0157_segment_1_segmented_smoothed.tif
[60/174] Done: DSC_0160_segment_1_segmented_smoothed.tif
[61/174] Done: DSC_0161_segment_1_segmented_smoothed.tif
[62/174] Done: DSC_0162_segment_1_segmented_smoothed.tif
[63/174] Done: DSC_0163_segment_1_segmented_smoothed.tif
[64/174] Done: DSC_0165_segment_1_segmented_smoothed.tif
[65/174] Done: DSC_0166_segment_1_segmented_smoothed.tif
[66/174] Done: DSC_0171_segment_1_segmented_smoothed.tif
[67/174] Done: DSC_0172_segment_1_segmented_smoothed.tif
[68/174] Done: DSC_0173_segment_1_segmented_smoothed.tif
[69/174] Done: DSC_0174_segment_1_segmented_smoothed.tif
[70/174] Done: DSC_0175_segment_1_segmented_smoothed.tif
[71/174] Done: DSC_0176_segment_1_segmented_smoothed.tif
[72/174] Done: DSC_0178_segment_1_segmented_smoothed.tif
[73/174] Done: DSC_0180_segment_1_segmented_smoothed.tif
[74/174] Done: DSC_0181_segment_1_segmented_smoothed.tif
[75/174] Done: DSC_0182_segment_1_segmented_smoothed.tif
[76/174] Done: DSC_0183_segment_1_segmented_smoothed.tif
[77/174] Done: DSC_0184_segment_1_segmented_smoothed.tif
[78/174] Done: DSC_0185_segment_1_segmented_smoothed.tif
[79/174] Done: DSC_0186_segment_1_segmented_smoothed.tif
[80/174] Done: DSC_0187_segment_1_segmented_smoothed.tif
[81/174] Done: DSC_0188_segment_1_segmented_smoothed.tif
[82/174] Done: DSC_0191_segment_1_segmented_smoothed.tif
[83/174] Done: DSC_0192_segment_1_segmented_smoothed.tif
[84/174] Done: DSC_0198_segment_1_segmented_smoothed.tif
[85/174] Done: DSC_0199_segment_1_segmented_smoothed.tif
[86/174] Done: DSC_0201_segment_1_segmented_smoothed.tif
[87/174] Done: DSC_0203_segment_1_segmented_smoothed.tif
[88/174] Done: DSC_0205_segment_1_segmented_smoothed.tif
[89/174] Done: DSC_0206_segment_1_segmented_smoothed.tif
[90/174] Done: DSC_0208_segment_1_segmented_smoothed.tif
[91/174] Done: DSC_0209_segment_1_segmented_smoothed.tif
[92/174] Done: DSC_0210_segment_1_segmented_smoothed.tif
[93/174] Done: DSC_0211_segment_1_segmented_smoothed.tif
[94/174] Done: DSC_0213_segment_1_segmented_smoothed.tif
[95/174] Done: DSC_0217_segment_1_segmented_smoothed.tif
[96/174] Done: DSC_0218_segment_1_segmented_smoothed.tif
[97/174] Done: DSC_0220_segment_1_segmented_smoothed.tif
[98/174] Done: DSC_0222_segment_1_segmented_smoothed.tif
[99/174] Done: DSC_0223_segment_1_segmented_smoothed.tif
[100/174] Done: DSC_0225_segment_1_segmented_smoothed.tif
[101/174] Done: DSC_0226_segment_1_segmented_smoothed.tif
[102/174] Done: DSC_0227_segment_1_segmented_smoothed.tif
[103/174] Done: DSC_0232_segment_1_segmented_smoothed.tif
[104/174] Done: DSC_0235_segment_1_segmented_smoothed.tif
[105/174] Done: DSC_0239_segment_1_segmented_smoothed.tif
[106/174] Done: DSC_0240_segment_1_segmented_smoothed.tif
[107/174] Done: DSC_0241_segment_1_segmented_smoothed.tif
[108/174] Done: DSC_0242_segment_1_segmented_smoothed.tif
[109/174] Done: DSC_0243_segment_1_segmented_smoothed.tif
[110/174] Done: DSC_0248_segment_1_segmented_smoothed.tif
[111/174] Done: DSC_0249_segment_1_segmented_smoothed.tif
[112/174] Done: DSC_0251_segment_1_segmented_smoothed.tif
[113/174] Done: DSC_0251_segment_1_segmented_smoothed__1.tif
[114/174] Done: DSC_0252_segment_1_segmented_smoothed.tif
[115/174] Done: DSC_0252_segment_1_segmented_smoothed__1.tif
[116/174] Done: DSC_0253_segment_1_segmented_smoothed.tif
[117/174] Done: DSC_0254_segment_1_segmented_smoothed.tif
[118/174] Done: DSC_0256_segment_1_segmented_smoothed.tif
[119/174] Done: DSC_0256_segment_1_segmented_smoothed__1.tif
[120/174] Done: DSC_0257_segment_1_segmented_smoothed.tif
[121/174] Done: DSC_0257_segment_1_segmented_smoothed__1.tif
[122/174] Done: DSC_0258_segment_1_segmented_smoothed.tif
[123/174] Done: DSC_0260_segment_1_segmented_smoothed.tif
[124/174] Done: DSC_0260_segment_1_segmented_smoothed__1.tif
[125/174] Done: DSC_0261_segment_1_segmented_smoothed.tif
[126/174] Done: DSC_0262_segment_1_segmented_smoothed.tif
[127/174] Done: DSC_0263_segment_1_segmented_smoothed.tif
[128/174] Done: DSC_0264_segment_1_segmented_smoothed.tif
[129/174] Done: DSC_0265_segment_1_segmented_smoothed.tif
[130/174] Done: DSC_0267_segment_1_segmented_smoothed.tif
[131/174] Done: DSC_0268_segment_1_segmented_smoothed.tif
[132/174] Done: DSC_0269_segment_1_segmented_smoothed.tif
[133/174] Done: DSC_0270_segment_1_segmented_smoothed.tif
[134/174] Done: DSC_0272_segment_1_segmented_smoothed.tif
[135/174] Done: DSC_0273_segment_1_segmented_smoothed.tif
[136/174] Done: DSC_0274_segment_1_segmented_smoothed.tif
[137/174] Done: DSC_0275_segment_1_segmented_smoothed.tif
[138/174] Done: DSC_0277_segment_1_segmented_smoothed.tif
[139/174] Done: DSC_0278_segment_1_segmented_smoothed.tif
[140/174] Done: DSC_0279_segment_1_segmented_smoothed.tif
[141/174] Done: DSC_0283_segment_1_segmented_smoothed.tif
[142/174] Done: DSC_0284_segment_1_segmented_smoothed.tif
[143/174] Done: DSC_0285_segment_1_segmented_smoothed.tif
[144/174] Done: DSC_0286_segment_1_segmented_smoothed.tif
[145/174] Done: DSC_0287_segment_1_segmented_smoothed.tif
[146/174] Done: DSC_0288_segment_1_segmented_smoothed.tif
[147/174] Done: DSC_0363_segment_1_segmented_smoothed.tif
[148/174] Done: DSC_0364_segment_1_segmented_smoothed.tif
[149/174] Done: DSC_0365_segment_1_segmented_smoothed.tif
[150/174] Done: DSC_0370_segment_1_segmented_smoothed.tif
[151/174] Done: DSC_0371_segment_1_segmented_smoothed.tif
[152/174] Done: DSC_0372_segment_1_segmented_smoothed.tif
[153/174] Done: DSC_0374_segment_1_segmented_smoothed.tif
[154/174] Done: DSC_0376_segment_1_segmented_smoothed.tif
[155/174] Done: DSC_0378_segment_1_segmented_smoothed.tif
[156/174] Done: DSC_0379_segment_1_segmented_smoothed.tif
[157/174] Done: DSC_0380_segment_1_segmented_smoothed.tif
[158/174] Done: DSC_0381_segment_1_segmented_smoothed.tif
[159/174] Done: DSC_0386_segment_1_segmented_smoothed.tif
[160/174] Done: DSC_0389_segment_1_segmented_smoothed.tif
[161/174] Done: DSC_0394_segment_1_segmented_smoothed.tif
[162/174] Done: DSC_0397_segment_1_segmented_smoothed.tif
[163/174] Done: DSC_0398_segment_1_segmented_smoothed.tif
[164/174] Done: DSC_0400_segment_1_segmented_smoothed.tif
[165/174] Done: DSC_0401_segment_1_segmented_smoothed.tif
[166/174] Done: DSC_0402_segment_1_segmented_smoothed.tif
[167/174] Done: DSC_0404_segment_1_segmented_smoothed.tif
[168/174] Done: DSC_0406_segment_1_segmented_smoothed.tif
[169/174] Done: DSC_0407_segment_1_segmented_smoothed.tif
[170/174] Done: DSC_0408_segment_1_segmented_smoothed.tif
[171/174] Done: DSC_0412_segment_1_segmented_smoothed.tif
[172/174] Done: DSC_0416_segment_1_segmented_smoothed.tif
[173/174] Done: DSC_0417_segment_1_segmented_smoothed.tif
[174/174] Done: DSC_0419_segment_1_segmented_smoothed.tif

Done. Results saved in: experiments/exp_v1/outputs/unet_infer_on_leaves
