This is pdfTeX, Version 3.14159265-2.6-1.40.19 (TeX Live 2018) (preloaded format=pdflatex 2026.3.12)  25 MAR 2026 21:41
entering extended mode
 restricted \write18 enabled.
 %&-line parsing enabled.
**main_physics_learning.tex
(./main_physics_learning.tex
LaTeX2e <2017-04-15>
Babel <3.17> and hyphenation patterns for 3 language(s) loaded.
(/usr/share/texlive/texmf-dist/tex/latex/base/article.cls
Document Class: article 2014/09/29 v1.4h Standard LaTeX document class
(/usr/share/texlive/texmf-dist/tex/latex/base/size11.clo
File: size11.clo 2014/09/29 v1.4h Standard LaTeX file (size option)
)
\c@part=\count79
\c@section=\count80
\c@subsection=\count81
\c@subsubsection=\count82
\c@paragraph=\count83
\c@subparagraph=\count84
\c@figure=\count85
\c@table=\count86
\abovecaptionskip=\skip41
\belowcaptionskip=\skip42
\bibindent=\dimen102
)
(/usr/share/texlive/texmf-dist/tex/latex/geometry/geometry.sty
Package: geometry 2010/09/12 v5.6 Page Geometry

(/usr/share/texlive/texmf-dist/tex/latex/graphics/keyval.sty
Package: keyval 2014/10/28 v1.15 key=value parser (DPC)
\KV@toks@=\toks14
)
(/usr/share/texlive/texmf-dist/tex/generic/oberdiek/ifpdf.sty
Package: ifpdf 2017/03/15 v3.2 Provides the ifpdf switch
)
(/usr/share/texlive/texmf-dist/tex/generic/oberdiek/ifvtex.sty
Package: ifvtex 2016/05/16 v1.6 Detect VTeX and its facilities (HO)
Package ifvtex Info: VTeX not detected.
)
(/usr/share/texlive/texmf-dist/tex/generic/ifxetex/ifxetex.sty
Package: ifxetex 2010/09/12 v0.6 Provides ifxetex conditional
)
\Gm@cnth=\count87
\Gm@cntv=\count88
\c@Gm@tempcnt=\count89
\Gm@bindingoffset=\dimen103
\Gm@wd@mp=\dimen104
\Gm@odd@mp=\dimen105
\Gm@even@mp=\dimen106
\Gm@layoutwidth=\dimen107
\Gm@layoutheight=\dimen108
\Gm@layouthoffset=\dimen109
\Gm@layoutvoffset=\dimen110
\Gm@dimlist=\toks15
)
(/usr/share/texlive/texmf-dist/tex/latex/base/fontenc.sty
Package: fontenc 2017/04/05 v2.0i Standard LaTeX package

(/usr/share/texlive/texmf-dist/tex/latex/base/t1enc.def
File: t1enc.def 2017/04/05 v2.0i Standard LaTeX file
LaTeX Font Info:    Redeclaring font encoding T1 on input line 48.
))
(/usr/share/texlive/texmf-dist/tex/latex/amsmath/amsmath.sty
Package: amsmath 2017/09/02 v2.17a AMS math features
\@mathmargin=\skip43

For additional information on amsmath, use the `?' option.
(/usr/share/texlive/texmf-dist/tex/latex/amsmath/amstext.sty
Package: amstext 2000/06/29 v2.01 AMS text

(/usr/share/texlive/texmf-dist/tex/latex/amsmath/amsgen.sty
File: amsgen.sty 1999/11/30 v2.0 generic functions
\@emptytoks=\toks16
\ex@=\dimen111
))
(/usr/share/texlive/texmf-dist/tex/latex/amsmath/amsbsy.sty
Package: amsbsy 1999/11/29 v1.2d Bold Symbols
\pmbraise@=\dimen112
)
(/usr/share/texlive/texmf-dist/tex/latex/amsmath/amsopn.sty
Package: amsopn 2016/03/08 v2.02 operator names
)
\inf@bad=\count90
LaTeX Info: Redefining \frac on input line 213.
\uproot@=\count91
\leftroot@=\count92
LaTeX Info: Redefining \overline on input line 375.
\classnum@=\count93
\DOTSCASE@=\count94
LaTeX Info: Redefining \ldots on input line 472.
LaTeX Info: Redefining \dots on input line 475.
LaTeX Info: Redefining \cdots on input line 596.
\Mathstrutbox@=\box26
\strutbox@=\box27
\big@size=\dimen113
LaTeX Font Info:    Redeclaring font encoding OML on input line 712.
LaTeX Font Info:    Redeclaring font encoding OMS on input line 713.
\macc@depth=\count95
\c@MaxMatrixCols=\count96
\dotsspace@=\muskip10
\c@parentequation=\count97
\dspbrk@lvl=\count98
\tag@help=\toks17
\row@=\count99
\column@=\count100
\maxfields@=\count101
\andhelp@=\toks18
\eqnshift@=\dimen114
\alignsep@=\dimen115
\tagshift@=\dimen116
\tagwidth@=\dimen117
\totwidth@=\dimen118
\lineht@=\dimen119
\@envbody=\toks19
\multlinegap=\skip44
\multlinetaggap=\skip45
\mathdisplay@stack=\toks20
LaTeX Info: Redefining \[ on input line 2817.
LaTeX Info: Redefining \] on input line 2818.
)
(/usr/share/texlive/texmf-dist/tex/latex/amsfonts/amssymb.sty
Package: amssymb 2013/01/14 v3.01 AMS font symbols

(/usr/share/texlive/texmf-dist/tex/latex/amsfonts/amsfonts.sty
Package: amsfonts 2013/01/14 v3.01 Basic AMSFonts support
\symAMSa=\mathgroup4
\symAMSb=\mathgroup5
LaTeX Font Info:    Overwriting math alphabet `\mathfrak' in version `bold'
(Font)                  U/euf/m/n --> U/euf/b/n on input line 106.
))
(/usr/share/texlive/texmf-dist/tex/latex/graphics/graphicx.sty
Package: graphicx 2017/06/01 v1.1a Enhanced LaTeX Graphics (DPC,SPQR)

(/usr/share/texlive/texmf-dist/tex/latex/graphics/graphics.sty
Package: graphics 2017/06/25 v1.2c Standard LaTeX Graphics (DPC,SPQR)

(/usr/share/texlive/texmf-dist/tex/latex/graphics/trig.sty
Package: trig 2016/01/03 v1.10 sin cos tan (DPC)
)
(/usr/share/texlive/texmf-dist/tex/latex/graphics-cfg/graphics.cfg
File: graphics.cfg 2016/06/04 v1.11 sample graphics configuration
)
Package graphics Info: Driver file: pdftex.def on input line 99.

(/usr/share/texlive/texmf-dist/tex/latex/graphics-def/pdftex.def
File: pdftex.def 2017/06/24 v1.0g Graphics/color driver for pdftex
))
\Gin@req@height=\dimen120
\Gin@req@width=\dimen121
)
(/usr/share/texlive/texmf-dist/tex/latex/booktabs/booktabs.sty
Package: booktabs 2016/04/27 v1.618033 publication quality tables
\heavyrulewidth=\dimen122
\lightrulewidth=\dimen123
\cmidrulewidth=\dimen124
\belowrulesep=\dimen125
\belowbottomsep=\dimen126
\aboverulesep=\dimen127
\abovetopsep=\dimen128
\cmidrulesep=\dimen129
\cmidrulekern=\dimen130
\defaultaddspace=\dimen131
\@cmidla=\count102
\@cmidlb=\count103
\@aboverulesep=\dimen132
\@belowrulesep=\dimen133
\@thisruleclass=\count104
\@lastruleclass=\count105
\@thisrulewidth=\dimen134
)
(/usr/share/texlive/texmf-dist/tex/latex/natbib/natbib.sty
Package: natbib 2010/09/13 8.31b (PWD, AO)
\bibhang=\skip46
\bibsep=\skip47
LaTeX Info: Redefining \cite on input line 694.
\c@NAT@ctr=\count106
)
(/usr/share/texlive/texmf-dist/tex/latex/hyperref/hyperref.sty
Package: hyperref 2017/03/14 v6.85a Hypertext links for LaTeX

(/usr/share/texlive/texmf-dist/tex/generic/oberdiek/hobsub-hyperref.sty
Package: hobsub-hyperref 2016/05/16 v1.14 Bundle oberdiek, subset hyperref (HO)


(/usr/share/texlive/texmf-dist/tex/generic/oberdiek/hobsub-generic.sty
Package: hobsub-generic 2016/05/16 v1.14 Bundle oberdiek, subset generic (HO)
Package: hobsub 2016/05/16 v1.14 Construct package bundles (HO)
Package: infwarerr 2016/05/16 v1.4 Providing info/warning/error messages (HO)
Package: ltxcmds 2016/05/16 v1.23 LaTeX kernel commands for general use (HO)
Package: ifluatex 2016/05/16 v1.4 Provides the ifluatex switch (HO)
Package ifluatex Info: LuaTeX not detected.
Package hobsub Info: Skipping package `ifvtex' (already loaded).
Package: intcalc 2016/05/16 v1.2 Expandable calculations with integers (HO)
Package hobsub Info: Skipping package `ifpdf' (already loaded).
Package: etexcmds 2016/05/16 v1.6 Avoid name clashes with e-TeX commands (HO)
Package etexcmds Info: Could not find \expanded.
(etexcmds)             That can mean that you are not using pdfTeX 1.50 or
(etexcmds)             that some package has redefined \expanded.
(etexcmds)             In the latter case, load this package earlier.
Package: kvsetkeys 2016/05/16 v1.17 Key value parser (HO)
Package: kvdefinekeys 2016/05/16 v1.4 Define keys (HO)
Package: pdftexcmds 2017/03/19 v0.25 Utility functions of pdfTeX for LuaTeX (HO
)
Package pdftexcmds Info: LuaTeX not detected.
Package pdftexcmds Info: \pdf@primitive is available.
Package pdftexcmds Info: \pdf@ifprimitive is available.
Package pdftexcmds Info: \pdfdraftmode found.
Package: pdfescape 2016/05/16 v1.14 Implements pdfTeX's escape features (HO)
Package: bigintcalc 2016/05/16 v1.4 Expandable calculations on big integers (HO
)
Package: bitset 2016/05/16 v1.2 Handle bit-vector datatype (HO)
Package: uniquecounter 2016/05/16 v1.3 Provide unlimited unique counter (HO)
)
Package hobsub Info: Skipping package `hobsub' (already loaded).
Package: letltxmacro 2016/05/16 v1.5 Let assignment for LaTeX macros (HO)
Package: hopatch 2016/05/16 v1.3 Wrapper for package hooks (HO)
Package: xcolor-patch 2016/05/16 xcolor patch
Package: atveryend 2016/05/16 v1.9 Hooks at the very end of document (HO)
Package atveryend Info: \enddocument detected (standard20110627).
Package: atbegshi 2016/06/09 v1.18 At begin shipout hook (HO)
Package: refcount 2016/05/16 v3.5 Data extraction from label references (HO)
Package: hycolor 2016/05/16 v1.8 Color options for hyperref/bookmark (HO)
)
(/usr/share/texlive/texmf-dist/tex/latex/oberdiek/auxhook.sty
Package: auxhook 2016/05/16 v1.4 Hooks for auxiliary files (HO)
)
(/usr/share/texlive/texmf-dist/tex/latex/oberdiek/kvoptions.sty
Package: kvoptions 2016/05/16 v3.12 Key value format for package options (HO)
)
\@linkdim=\dimen135
\Hy@linkcounter=\count107
\Hy@pagecounter=\count108

(/usr/share/texlive/texmf-dist/tex/latex/hyperref/pd1enc.def
File: pd1enc.def 2017/03/14 v6.85a Hyperref: PDFDocEncoding definition (HO)
)
\Hy@SavedSpaceFactor=\count109

(/usr/share/texlive/texmf-dist/tex/latex/latexconfig/hyperref.cfg
File: hyperref.cfg 2002/06/06 v1.2 hyperref configuration of TeXLive
)
Package hyperref Info: Hyper figures OFF on input line 4498.
Package hyperref Info: Link nesting OFF on input line 4503.
Package hyperref Info: Hyper index ON on input line 4506.
Package hyperref Info: Plain pages OFF on input line 4513.
Package hyperref Info: Backreferencing OFF on input line 4518.
Package hyperref Info: Implicit mode ON; LaTeX internals redefined.
Package hyperref Info: Bookmarks ON on input line 4751.
\c@Hy@tempcnt=\count110

(/usr/share/texlive/texmf-dist/tex/latex/url/url.sty
\Urlmuskip=\muskip11
Package: url 2013/09/16  ver 3.4  Verb mode for urls, etc.
)
LaTeX Info: Redefining \url on input line 5104.
\XeTeXLinkMargin=\dimen136
\Fld@menulength=\count111
\Field@Width=\dimen137
\Fld@charsize=\dimen138
Package hyperref Info: Hyper figures OFF on input line 6358.
Package hyperref Info: Link nesting OFF on input line 6363.
Package hyperref Info: Hyper index ON on input line 6366.
Package hyperref Info: backreferencing OFF on input line 6373.
Package hyperref Info: Link coloring OFF on input line 6378.
Package hyperref Info: Link coloring with OCG OFF on input line 6383.
Package hyperref Info: PDF/A mode OFF on input line 6388.
LaTeX Info: Redefining \ref on input line 6428.
LaTeX Info: Redefining \pageref on input line 6432.
\Hy@abspage=\count112
\c@Item=\count113
\c@Hfootnote=\count114
)

Package hyperref Message: Driver (autodetected): hpdftex.

(/usr/share/texlive/texmf-dist/tex/latex/hyperref/hpdftex.def
File: hpdftex.def 2017/03/14 v6.85a Hyperref driver for pdfTeX
\Fld@listcount=\count115
\c@bookmark@seq@number=\count116

(/usr/share/texlive/texmf-dist/tex/latex/oberdiek/rerunfilecheck.sty
Package: rerunfilecheck 2016/05/16 v1.8 Rerun checks for auxiliary files (HO)
Package uniquecounter Info: New unique counter `rerunfilecheck' on input line 2
82.
)
\Hy@SectionHShift=\skip48
)
(/usr/share/texlive/texmf-dist/tex/latex/float/float.sty
Package: float 2001/11/08 v1.3d Float enhancements (AL)
\c@float@type=\count117
\float@exts=\toks21
\float@box=\box28
\@float@everytoks=\toks22
\@floatcapt=\box29
)
(/usr/share/texlive/texmf-dist/tex/latex/caption/subcaption.sty
Package: subcaption 2016/05/22 v1.1-161 Sub-captions (AR)

(/usr/share/texlive/texmf-dist/tex/latex/caption/caption.sty
Package: caption 2016/02/21 v3.3-144 Customizing captions (AR)

(/usr/share/texlive/texmf-dist/tex/latex/caption/caption3.sty
Package: caption3 2016/05/22 v1.7-166 caption3 kernel (AR)
Package caption3 Info: TeX engine: e-TeX on input line 67.
\captionmargin=\dimen139
\captionmargin@=\dimen140
\captionwidth=\dimen141
\caption@tempdima=\dimen142
\caption@indent=\dimen143
\caption@parindent=\dimen144
\caption@hangindent=\dimen145
)
\c@ContinuedFloat=\count118
Package caption Info: float package is loaded.
Package caption Info: hyperref package is loaded.
)
\c@subfigure=\count119
\c@subtable=\count120
)
(/usr/share/texlive/texmf-dist/tex/latex/enumitem/enumitem.sty
Package: enumitem 2011/09/28 v3.5.2 Customized lists
\labelindent=\skip49
\enit@outerparindent=\dimen146
\enit@toks=\toks23
\enit@inbox=\box30
\enitdp@description=\count121
)
(/usr/share/texlive/texmf-dist/tex/latex/xcolor/xcolor.sty
Package: xcolor 2016/05/11 v2.12 LaTeX color extensions (UK)

(/usr/share/texlive/texmf-dist/tex/latex/graphics-cfg/color.cfg
File: color.cfg 2016/01/02 v1.6 sample color configuration
)
Package xcolor Info: Driver file: pdftex.def on input line 225.
Package xcolor Info: Model `cmy' substituted by `cmy0' on input line 1348.
Package xcolor Info: Model `hsb' substituted by `rgb' on input line 1352.
Package xcolor Info: Model `RGB' extended on input line 1364.
Package xcolor Info: Model `HTML' substituted by `rgb' on input line 1366.
Package xcolor Info: Model `Hsb' substituted by `hsb' on input line 1367.
Package xcolor Info: Model `tHsb' substituted by `hsb' on input line 1368.
Package xcolor Info: Model `HSB' substituted by `hsb' on input line 1369.
Package xcolor Info: Model `Gray' substituted by `gray' on input line 1370.
Package xcolor Info: Model `wave' substituted by `hsb' on input line 1371.
)
(/usr/share/texlive/texmf-dist/tex/latex/tools/array.sty
Package: array 2016/10/06 v2.4d Tabular extension package (FMi)
\col@sep=\dimen147
\extrarowheight=\dimen148
\NC@list=\toks24
\extratabsurround=\skip50
\backup@length=\skip51
)
(/usr/share/texlive/texmf-dist/tex/latex/tools/longtable.sty
Package: longtable 2014/10/28 v4.11 Multi-page Table package (DPC)
\LTleft=\skip52
\LTright=\skip53
\LTpre=\skip54
\LTpost=\skip55
\LTchunksize=\count122
\LTcapwidth=\dimen149
\LT@head=\box31
\LT@firsthead=\box32
\LT@foot=\box33
\LT@lastfoot=\box34
\LT@cols=\count123
\LT@rows=\count124
\c@LT@tables=\count125
\c@LT@chunks=\count126
\LT@p@ftn=\toks25
)
(/usr/share/texlive/texmf-dist/tex/latex/tools/tabularx.sty
Package: tabularx 2016/02/03 v2.11 `tabularx' package (DPC)
\TX@col@width=\dimen150
\TX@old@table=\dimen151
\TX@old@col=\dimen152
\TX@target=\dimen153
\TX@delta=\dimen154
\TX@cols=\count127
\TX@ftn=\toks26
)
Package hyperref Info: Option `colorlinks' set `true' on input line 17.

(./main_physics_learning.aux)
\openout1 = `main_physics_learning.aux'.

LaTeX Font Info:    Checking defaults for OML/cmm/m/it on input line 28.
LaTeX Font Info:    ... okay on input line 28.
LaTeX Font Info:    Checking defaults for T1/cmr/m/n on input line 28.
LaTeX Font Info:    ... okay on input line 28.
LaTeX Font Info:    Checking defaults for OT1/cmr/m/n on input line 28.
LaTeX Font Info:    ... okay on input line 28.
LaTeX Font Info:    Checking defaults for OMS/cmsy/m/n on input line 28.
LaTeX Font Info:    ... okay on input line 28.
LaTeX Font Info:    Checking defaults for OMX/cmex/m/n on input line 28.
LaTeX Font Info:    ... okay on input line 28.
LaTeX Font Info:    Checking defaults for U/cmr/m/n on input line 28.
LaTeX Font Info:    ... okay on input line 28.
LaTeX Font Info:    Checking defaults for PD1/pdf/m/n on input line 28.
LaTeX Font Info:    ... okay on input line 28.

*geometry* driver: auto-detecting
*geometry* detected driver: pdftex
*geometry* verbose mode - [ preamble ] result:
* driver: pdftex
* paper: a4paper
* layout: <same size as paper>
* layoutoffset:(h,v)=(0.0pt,0.0pt)
* modes: 
* h-part:(L,W,R)=(72.26999pt, 452.9679pt, 72.26999pt)
* v-part:(T,H,B)=(72.26999pt, 700.50687pt, 72.26999pt)
* \paperwidth=597.50787pt
* \paperheight=845.04684pt
* \textwidth=452.9679pt
* \textheight=700.50687pt
* \oddsidemargin=0.0pt
* \evensidemargin=0.0pt
* \topmargin=-37.0pt
* \headheight=12.0pt
* \headsep=25.0pt
* \topskip=11.0pt
* \footskip=30.0pt
* \marginparwidth=50.0pt
* \marginparsep=10.0pt
* \columnsep=10.0pt
* \skip\footins=10.0pt plus 4.0pt minus 2.0pt
* \hoffset=0.0pt
* \voffset=0.0pt
* \mag=1000
* \@twocolumnfalse
* \@twosidefalse
* \@mparswitchfalse
* \@reversemarginfalse
* (1in=72.27pt=25.4mm, 1cm=28.453pt)

(/usr/share/texlive/texmf-dist/tex/context/base/mkii/supp-pdf.mkii
[Loading MPS to PDF converter (version 2006.09.02).]
\scratchcounter=\count128
\scratchdimen=\dimen155
\scratchbox=\box35
\nofMPsegments=\count129
\nofMParguments=\count130
\everyMPshowfont=\toks27
\MPscratchCnt=\count131
\MPscratchDim=\dimen156
\MPnumerator=\count132
\makeMPintoPDFobject=\count133
\everyMPtoPDFconversion=\toks28
) (/usr/share/texlive/texmf-dist/tex/latex/oberdiek/epstopdf-base.sty
Package: epstopdf-base 2016/05/15 v2.6 Base part for package epstopdf

(/usr/share/texlive/texmf-dist/tex/latex/oberdiek/grfext.sty
Package: grfext 2016/05/16 v1.2 Manage graphics extensions (HO)
)
Package epstopdf-base Info: Redefining graphics rule for `.eps' on input line 4
38.
Package grfext Info: Graphics extension search list:
(grfext)             [.pdf,.png,.jpg,.mps,.jpeg,.jbig2,.jb2,.PDF,.PNG,.JPG,.JPE
G,.JBIG2,.JB2,.eps]
(grfext)             \AppendGraphicsExtensions on input line 456.

(/usr/share/texlive/texmf-dist/tex/latex/latexconfig/epstopdf-sys.cfg
File: epstopdf-sys.cfg 2010/07/13 v1.3 Configuration of (r)epstopdf for TeX Liv
e
))
\AtBeginShipoutBox=\box36
Package hyperref Info: Link coloring ON on input line 28.

(/usr/share/texlive/texmf-dist/tex/latex/hyperref/nameref.sty
Package: nameref 2016/05/21 v2.44 Cross-referencing by name of section

(/usr/share/texlive/texmf-dist/tex/generic/oberdiek/gettitlestring.sty
Package: gettitlestring 2016/05/16 v1.5 Cleanup title references (HO)
)
\c@section@level=\count134
)
LaTeX Info: Redefining \ref on input line 28.
LaTeX Info: Redefining \pageref on input line 28.
LaTeX Info: Redefining \nameref on input line 28.

(./main_physics_learning.out) (./main_physics_learning.out)
\@outlinefile=\write3
\openout3 = `main_physics_learning.out'.

Package caption Info: Begin \AtBeginDocument code.
Package caption Info: longtable package is loaded.

(/usr/share/texlive/texmf-dist/tex/latex/caption/ltcaption.sty
Package: ltcaption 2013/06/09 v1.4-94 longtable captions (AR)
)
Package caption Info: End \AtBeginDocument code.
LaTeX Font Info:    Try loading font information for U+msa on input line 30.

(/usr/share/texlive/texmf-dist/tex/latex/amsfonts/umsa.fd
File: umsa.fd 2013/01/14 v3.01 AMS symbols A
)
LaTeX Font Info:    Try loading font information for U+msb on input line 30.

(/usr/share/texlive/texmf-dist/tex/latex/amsfonts/umsb.fd
File: umsb.fd 2013/01/14 v3.01 AMS symbols B
) [1

{/usr/share/texlive/texmf-dist/fonts/map/pdftex/updmap/pdftex.map}]
LaTeX Font Info:    Try loading font information for T1+cmtt on input line 81.

(/usr/share/texlive/texmf-dist/tex/latex/base/t1cmtt.fd
File: t1cmtt.fd 2014/09/29 v2.5h Standard LaTeX font definitions
)
Overfull \hbox (105.04652pt too wide) in paragraph at lines 81--81
[]|\T1/cmtt/m/n/10 integrated_full_vs_patch_manuscript.pdf| 
 []


Underfull \hbox (badness 3547) in paragraph at lines 81--81
\T1/cmr/m/n/10 wise in-fer-ence un-der
 []


Underfull \hbox (badness 10000) in paragraph at lines 81--81
[]|\T1/cmr/m/n/10 Shared refinement-
 []


Underfull \hbox (badness 10000) in paragraph at lines 81--81
\T1/cmr/m/n/10 budget and per-
 []


Underfull \hbox (badness 6910) in paragraph at lines 81--81
\T1/cmr/m/n/10 parameter com-par-i-son
 []


Underfull \hbox (badness 4378) in paragraph at lines 81--82
[]|\T1/cmr/m/n/10 Reuse au-dited re-fine-
 []


Underfull \hbox (badness 10000) in paragraph at lines 81--82
\T1/cmr/m/n/10 ment/runtime and
 []


Underfull \hbox (badness 10000) in paragraph at lines 81--82
\T1/cmr/m/n/10 parameter-difficulty
 []


Underfull \hbox (badness 10000) in paragraph at lines 81--82
\T1/cmr/m/n/10 ing and de-ploy-ment
 []


Overfull \hbox (120.79268pt too wide) in paragraph at lines 82--82
[]|\T1/cmtt/m/n/10 main_integrated_full_vs_patch_codex_v1.pdf| 
 []


Underfull \hbox (badness 10000) in paragraph at lines 82--82
[]|\T1/cmr/m/n/10 Corroborative shadow
 []


Underfull \hbox (badness 10000) in paragraph at lines 82--83
[]|\T1/cmr/m/n/10 Use as con-sis-tency
 []


Underfull \hbox (badness 10000) in paragraph at lines 82--83
\T1/cmr/m/n/10 fig-ure fam-ily copied
 []


Overfull \hbox (52.55934pt too wide) in paragraph at lines 83--83
[]|\T1/cmtt/m/n/10 main_speciesref_fixed-1-1.pdf| 
 []


Underfull \hbox (badness 10000) in paragraph at lines 83--83
[]|\T1/cmr/m/n/10 Selective semi-
 []


Underfull \hbox (badness 10000) in paragraph at lines 83--83
\T1/cmr/m/n/10 amortized runtime-
 []


Underfull \hbox (badness 10000) in paragraph at lines 83--83
\T1/cmr/m/n/10 quality trade-off,
 []


Underfull \hbox (badness 10000) in paragraph at lines 83--83
[]|\T1/cmr/m/n/10 Shared vo-cab-u-lary
 []


Underfull \hbox (badness 10000) in paragraph at lines 83--83
\T1/cmr/m/n/10 around amor-ti-za-tion
 []


Underfull \hbox (badness 2012) in paragraph at lines 83--84
\T1/cmr/m/n/10 its; ex-clude coverage-
 []


Underfull \hbox (badness 10000) in paragraph at lines 84--84
[]|\T1/cmr/m/n/10 Optimizer/manifold
 []


Underfull \hbox (badness 6188) in paragraph at lines 84--84
[]|\T1/cmr/m/n/10 Geometry and op-ti-
 []


Underfull \hbox (badness 2418) in paragraph at lines 84--84
\T1/cmr/m/n/10 miza-tion be-hav-ior of
 []


Underfull \hbox (badness 10000) in paragraph at lines 84--85
[]|\T1/cmr/m/n/10 PCA, 3D ge-om-e-try,
 []


Underfull \hbox (badness 3907) in paragraph at lines 84--85
\T1/cmr/m/n/10 trace plots, ob-jec-tive
 []


Overfull \hbox (2.70044pt too wide) in paragraph at lines 77--87
 [][] 
 []


Overfull \hbox (7.51869pt too wide) in paragraph at lines 92--93
\T1/cmr/m/n/10.95 learn-abil-ity: low-dimensional or-ga-ni-za-tion, sys-tem-ati
c global-to-local dis-place-ment, and above-
 []

[2] [3] [4]
<../figs_from_outputs/A_fig1_manifold_pca2d_global_local_dD.png, id=198, 589.65
75pt x 506.547pt>
File: ../figs_from_outputs/A_fig1_manifold_pca2d_global_local_dD.png Graphic fi
le (type png)
<use ../figs_from_outputs/A_fig1_manifold_pca2d_global_local_dD.png>
Package pdftex.def Info: ../figs_from_outputs/A_fig1_manifold_pca2d_global_loca
l_dD.png  used on input line 184. on input line 184.
Package pdftex.def Info: Requested size: 217.42265pt x 186.77791pt on input lin
e 184.
<../figs_from_outputs/A_fig2_solid3d_convex_hull_global_local.png, id=200, 2409
.0pt x 1927.2pt>
File: ../figs_from_outputs/A_fig2_solid3d_convex_hull_global_local.png Graphic 
file (type png)
<use ../figs_from_outputs/A_fig2_solid3d_convex_hull_global_local.png>
Package pdftex.def Info: ../figs_from_outputs/A_fig2_solid3d_convex_hull_global
_local.png  used on input line 189. on input line 189.
Package pdftex.def Info: Requested size: 217.42265pt x 173.91103pt on input lin
e 189.
<../figs_from_outputs/A_fig3_gapfill_geometry_summary_compact.png, id=201, 722.
7pt x 303.534pt>
File: ../figs_from_outputs/A_fig3_gapfill_geometry_summary_compact.png Graphic 
file (type png)
<use ../figs_from_outputs/A_fig3_gapfill_geometry_summary_compact.png>
Package pdftex.def Info: ../figs_from_outputs/A_fig3_gapfill_geometry_summary_c
ompact.png  used on input line 196. on input line 196.
Package pdftex.def Info: Requested size: 262.7222pt x 110.34204pt on input line
 196.

Underfull \hbox (badness 10000) in paragraph at lines 214--215
[]|\T1/cmr/m/n/10 Systematic dis-place-ment,
 []


Underfull \hbox (badness 2846) in paragraph at lines 215--216
[]|\T1/cmr/m/n/10 Above the 0.33 ran-dom
 []


Overfull \hbox (11.50298pt too wide) in paragraph at lines 219--219
[]|\T1/cmtt/m/n/10 energy_threshold| 
 []

[5 <../figs_from_outputs/A_fig1_manifold_pca2d_global_local_dD.png> <../figs_fr
om_outputs/A_fig2_solid3d_convex_hull_global_local.png> <../figs_from_outputs/A
_fig3_gapfill_geometry_summary_compact.png>]
<../figs_from_outputs/A_fig5_manifold_embedding_consistency.png, id=210, 1076.1
66pt x 356.751pt>
File: ../figs_from_outputs/A_fig5_manifold_embedding_consistency.png Graphic fi
le (type png)
<use ../figs_from_outputs/A_fig5_manifold_embedding_consistency.png>
Package pdftex.def Info: ../figs_from_outputs/A_fig5_manifold_embedding_consist
ency.png  used on input line 237. on input line 237.
Package pdftex.def Info: Requested size: 217.42265pt x 72.07292pt on input line
 237.
<../figs_from_outputs/A_fig6_manifold_mean_delta_parameters.png, id=211, 618.89
4pt x 391.9005pt>
File: ../figs_from_outputs/A_fig6_manifold_mean_delta_parameters.png Graphic fi
le (type png)
<use ../figs_from_outputs/A_fig6_manifold_mean_delta_parameters.png>
Package pdftex.def Info: ../figs_from_outputs/A_fig6_manifold_mean_delta_parame
ters.png  used on input line 242. on input line 242.
Package pdftex.def Info: Requested size: 217.42265pt x 137.67552pt on input lin
e 242.
<../figs_from_outputs/A_fig7_manifold_pca3d_global_local_dD.png, id=212, 546.29
55pt x 475.011pt>
File: ../figs_from_outputs/A_fig7_manifold_pca3d_global_local_dD.png Graphic fi
le (type png)
<use ../figs_from_outputs/A_fig7_manifold_pca3d_global_local_dD.png>
Package pdftex.def Info: ../figs_from_outputs/A_fig7_manifold_pca3d_global_loca
l_dD.png  used on input line 249. on input line 249.
Package pdftex.def Info: Requested size: 217.42265pt x 189.05153pt on input lin
e 249.
<../figs_from_outputs/A_fig8_solid3d_covariance_ellipsoids.png, id=213, 485.194
5pt x 475.011pt>
File: ../figs_from_outputs/A_fig8_solid3d_covariance_ellipsoids.png Graphic fil
e (type png)
<use ../figs_from_outputs/A_fig8_solid3d_covariance_ellipsoids.png>
Package pdftex.def Info: ../figs_from_outputs/A_fig8_solid3d_covariance_ellipso
ids.png  used on input line 254. on input line 254.
Package pdftex.def Info: Requested size: 217.42265pt x 212.86147pt on input lin
e 254.
 [6]
<../figs_from_outputs/A_fig9_solid3d_pos_neg_dD.png, id=220, 2409.0pt x 1927.2p
t>
File: ../figs_from_outputs/A_fig9_solid3d_pos_neg_dD.png Graphic file (type png
)
<use ../figs_from_outputs/A_fig9_solid3d_pos_neg_dD.png>
Package pdftex.def Info: ../figs_from_outputs/A_fig9_solid3d_pos_neg_dD.png  us
ed on input line 265. on input line 265.
Package pdftex.def Info: Requested size: 217.42265pt x 173.91103pt on input lin
e 265.
<../figs_from_outputs/A_fig10_solid3d_raw_threshold_beta_mu.png, id=221, 2409.0
pt x 1927.2pt>
File: ../figs_from_outputs/A_fig10_solid3d_raw_threshold_beta_mu.png Graphic fi
le (type png)
<use ../figs_from_outputs/A_fig10_solid3d_raw_threshold_beta_mu.png>
Package pdftex.def Info: ../figs_from_outputs/A_fig10_solid3d_raw_threshold_bet
a_mu.png  used on input line 270. on input line 270.
Package pdftex.def Info: Requested size: 217.42265pt x 173.91103pt on input lin
e 270.
 [7 <../figs_from_outputs/A_fig5_manifold_embedding_consistency.png> <../figs_f
rom_outputs/A_fig6_manifold_mean_delta_parameters.png> <../figs_from_outputs/A_
fig7_manifold_pca3d_global_local_dD.png> <../figs_from_outputs/A_fig8_solid3d_c
ovariance_ellipsoids.png>]
[8 <../figs_from_outputs/A_fig9_solid3d_pos_neg_dD.png> <../figs_from_outputs/A
_fig10_solid3d_raw_threshold_beta_mu.png>]
<../figs_from_outputs/A_fig26_scatter_beta_vs_area_frac.png, id=242, 361.35pt x
 289.08pt>
File: ../figs_from_outputs/A_fig26_scatter_beta_vs_area_frac.png Graphic file (
type png)
<use ../figs_from_outputs/A_fig26_scatter_beta_vs_area_frac.png>
Package pdftex.def Info: ../figs_from_outputs/A_fig26_scatter_beta_vs_area_frac
.png  used on input line 317. on input line 317.
Package pdftex.def Info: Requested size: 217.42265pt x 173.93895pt on input lin
e 317.
<../figs_from_outputs/A_fig27_scatter_energy_threshold_vs_lesion_count.png, id=
243, 361.35pt x 289.08pt>
File: ../figs_from_outputs/A_fig27_scatter_energy_threshold_vs_lesion_count.png
 Graphic file (type png)
<use ../figs_from_outputs/A_fig27_scatter_energy_threshold_vs_lesion_count.png>

Package pdftex.def Info: ../figs_from_outputs/A_fig27_scatter_energy_threshold_
vs_lesion_count.png  used on input line 322. on input line 322.
Package pdftex.def Info: Requested size: 217.42265pt x 173.93895pt on input lin
e 322.
<../figs_from_outputs/A_fig29_threshold_sweep_plot.png, id=244, 462.528pt x 346
.896pt>
File: ../figs_from_outputs/A_fig29_threshold_sweep_plot.png Graphic file (type 
png)
<use ../figs_from_outputs/A_fig29_threshold_sweep_plot.png>
Package pdftex.def Info: ../figs_from_outputs/A_fig29_threshold_sweep_plot.png 
 used on input line 329. on input line 329.
Package pdftex.def Info: Requested size: 262.7222pt x 197.04994pt on input line
 329.

Overfull \hbox (5.78654pt too wide) in paragraph at lines 336--336
[]\T1/cmr/bx/n/12 Semi-Amortized Re-fine-ment Con-verts Struc-tured Ini-tial-iz
a-tion Into Prac-
 []

<../figs_from_outputs/A_fig4_gapfill_refinement_contraction_curve.png, id=247, 
542.025pt x 303.534pt>
File: ../figs_from_outputs/A_fig4_gapfill_refinement_contraction_curve.png Grap
hic file (type png)
<use ../figs_from_outputs/A_fig4_gapfill_refinement_contraction_curve.png>
Package pdftex.def Info: ../figs_from_outputs/A_fig4_gapfill_refinement_contrac
tion_curve.png  used on input line 348. on input line 348.
Package pdftex.def Info: Requested size: 353.31439pt x 197.86443pt on input lin
e 348.
[9 <../figs_from_outputs/A_fig26_scatter_beta_vs_area_frac.png (PNG copy)> <../
figs_from_outputs/A_fig27_scatter_energy_threshold_vs_lesion_count.png (PNG cop
y)> <../figs_from_outputs/A_fig29_threshold_sweep_plot.png (PNG copy)>]
[10 <../figs_from_outputs/A_fig4_gapfill_refinement_contraction_curve.png>]
<../figs_from_outputs/A_fig11_montage_teacher_student.png, id=265, 4197.6825pt 
x 1314.9125pt>
File: ../figs_from_outputs/A_fig11_montage_teacher_student.png Graphic file (ty
pe png)
<use ../figs_from_outputs/A_fig11_montage_teacher_student.png>
Package pdftex.def Info: ../figs_from_outputs/A_fig11_montage_teacher_student.p
ng  used on input line 438. on input line 438.
Package pdftex.def Info: Requested size: 217.42265pt x 68.09695pt on input line
 438.
<../figs_from_outputs/A_fig12_montage_disagreement_roi.png, id=266, 5519.62125p
t x 2278.5125pt>
File: ../figs_from_outputs/A_fig12_montage_disagreement_roi.png Graphic file (t
ype png)
<use ../figs_from_outputs/A_fig12_montage_disagreement_roi.png>
Package pdftex.def Info: ../figs_from_outputs/A_fig12_montage_disagreement_roi.
png  used on input line 443. on input line 443.
Package pdftex.def Info: Requested size: 217.42265pt x 89.73428pt on input line
 443.
<../figs_from_outputs/A_fig13_qual_grid_teacher_student.png, id=267, 2031.59pt 
x 1256.695pt>
File: ../figs_from_outputs/A_fig13_qual_grid_teacher_student.png Graphic file (
type png)
<use ../figs_from_outputs/A_fig13_qual_grid_teacher_student.png>
Package pdftex.def Info: ../figs_from_outputs/A_fig13_qual_grid_teacher_student
.png  used on input line 450. on input line 450.
Package pdftex.def Info: Requested size: 317.07614pt x 196.128pt on input line 
450.

[11]
<../figs_from_outputs/A_fig30_leaf0163_surface_beta.png, id=274, 635.07263pt x 
461.02237pt>
File: ../figs_from_outputs/A_fig30_leaf0163_surface_beta.png Graphic file (type
 png)
<use ../figs_from_outputs/A_fig30_leaf0163_surface_beta.png>
Package pdftex.def Info: ../figs_from_outputs/A_fig30_leaf0163_surface_beta.png
  used on input line 467. on input line 467.
Package pdftex.def Info: Requested size: 140.41893pt x 101.93172pt on input lin
e 467.
<../figs_from_outputs/A_fig31_leaf0163_surface_mu.png, id=275, 628.44788pt x 46
1.02237pt>
File: ../figs_from_outputs/A_fig31_leaf0163_surface_mu.png Graphic file (type p
ng)
<use ../figs_from_outputs/A_fig31_leaf0163_surface_mu.png>
Package pdftex.def Info: ../figs_from_outputs/A_fig31_leaf0163_surface_mu.png  
used on input line 472. on input line 472.
Package pdftex.def Info: Requested size: 140.41893pt x 103.00803pt on input lin
e 472.
<../figs_from_outputs/A_fig32_leaf0163_trajectory.png, id=276, 552.56438pt x 32
7.92513pt>
File: ../figs_from_outputs/A_fig32_leaf0163_trajectory.png Graphic file (type p
ng)
<use ../figs_from_outputs/A_fig32_leaf0163_trajectory.png>
Package pdftex.def Info: ../figs_from_outputs/A_fig32_leaf0163_trajectory.png  
used on input line 477. on input line 477.
Package pdftex.def Info: Requested size: 140.41893pt x 83.33208pt on input line
 477.
<../figs_from_outputs/A_fig33_leaf0205_surface_beta.png, id=277, 635.07263pt x 
461.02237pt>
File: ../figs_from_outputs/A_fig33_leaf0205_surface_beta.png Graphic file (type
 png)
<use ../figs_from_outputs/A_fig33_leaf0205_surface_beta.png>
Package pdftex.def Info: ../figs_from_outputs/A_fig33_leaf0205_surface_beta.png
  used on input line 484. on input line 484.
Package pdftex.def Info: Requested size: 140.41893pt x 101.93172pt on input lin
e 484.
<../figs_from_outputs/A_fig34_leaf0205_surface_mu.png, id=278, 628.44788pt x 46
1.02237pt>
File: ../figs_from_outputs/A_fig34_leaf0205_surface_mu.png Graphic file (type p
ng)
<use ../figs_from_outputs/A_fig34_leaf0205_surface_mu.png>
Package pdftex.def Info: ../figs_from_outputs/A_fig34_leaf0205_surface_mu.png  
used on input line 489. on input line 489.
Package pdftex.def Info: Requested size: 140.41893pt x 103.00803pt on input lin
e 489.
<../figs_from_outputs/A_fig35_leaf0205_trajectory.png, id=279, 552.56438pt x 32
7.92513pt>
File: ../figs_from_outputs/A_fig35_leaf0205_trajectory.png Graphic file (type p
ng)
<use ../figs_from_outputs/A_fig35_leaf0205_trajectory.png>
Package pdftex.def Info: ../figs_from_outputs/A_fig35_leaf0205_trajectory.png  
used on input line 494. on input line 494.
Package pdftex.def Info: Requested size: 140.41893pt x 83.33208pt on input line
 494.
<../figs_from_outputs/A_fig36_leaf0274_surface_beta.png, id=280, 635.07263pt x 
461.02237pt>
File: ../figs_from_outputs/A_fig36_leaf0274_surface_beta.png Graphic file (type
 png)
<use ../figs_from_outputs/A_fig36_leaf0274_surface_beta.png>
Package pdftex.def Info: ../figs_from_outputs/A_fig36_leaf0274_surface_beta.png
  used on input line 501. on input line 501.
Package pdftex.def Info: Requested size: 140.41893pt x 101.93172pt on input lin
e 501.
<../figs_from_outputs/A_fig37_leaf0274_surface_mu.png, id=281, 628.44788pt x 46
1.02237pt>
File: ../figs_from_outputs/A_fig37_leaf0274_surface_mu.png Graphic file (type p
ng)
<use ../figs_from_outputs/A_fig37_leaf0274_surface_mu.png>
Package pdftex.def Info: ../figs_from_outputs/A_fig37_leaf0274_surface_mu.png  
used on input line 506. on input line 506.
Package pdftex.def Info: Requested size: 140.41893pt x 103.00803pt on input lin
e 506.
<../figs_from_outputs/A_fig38_leaf0274_trajectory.png, id=282, 552.56438pt x 32
7.92513pt>
File: ../figs_from_outputs/A_fig38_leaf0274_trajectory.png Graphic file (type p
ng)
<use ../figs_from_outputs/A_fig38_leaf0274_trajectory.png>
Package pdftex.def Info: ../figs_from_outputs/A_fig38_leaf0274_trajectory.png  
used on input line 511. on input line 511.
Package pdftex.def Info: Requested size: 140.41893pt x 83.33208pt on input line
 511.
 [12 <../figs_from_outputs/A_fig11_montage_teacher_student.png (PNG copy)> <../
figs_from_outputs/A_fig12_montage_disagreement_roi.png (PNG copy)> <../figs_fro
m_outputs/A_fig13_qual_grid_teacher_student.png (PNG copy)>] [13 <../figs_from_
outputs/A_fig30_leaf0163_surface_beta.png (PNG copy)> <../figs_from_outputs/A_f
ig31_leaf0163_surface_mu.png (PNG copy)> <../figs_from_outputs/A_fig32_leaf0163
_trajectory.png (PNG copy)> <../figs_from_outputs/A_fig33_leaf0205_surface_beta
.png (PNG copy)> <../figs_from_outputs/A_fig34_leaf0205_surface_mu.png (PNG cop
y)> <../figs_from_outputs/A_fig35_leaf0205_trajectory.png (PNG copy)> <../figs_
from_outputs/A_fig36_leaf0274_surface_beta.png (PNG copy)> <../figs_from_output
s/A_fig37_leaf0274_surface_mu.png (PNG copy)> <../figs_from_outputs/A_fig38_lea
f0274_trajectory.png (PNG copy)>] [14]
<../figs_from_outputs/A_figA1_centroid_shift_groups.png, id=298, 743.3955pt x 5
06.547pt>
File: ../figs_from_outputs/A_figA1_centroid_shift_groups.png Graphic file (type
 png)
<use ../figs_from_outputs/A_figA1_centroid_shift_groups.png>
Package pdftex.def Info: ../figs_from_outputs/A_figA1_centroid_shift_groups.png
  used on input line 566. on input line 566.
Package pdftex.def Info: Requested size: 217.42265pt x 148.147pt on input line 
566.
<../figs_from_outputs/A_figA2_radar_group_means.png, id=299, 662.256pt x 582.75
9pt>
File: ../figs_from_outputs/A_figA2_radar_group_means.png Graphic file (type png
)
<use ../figs_from_outputs/A_figA2_radar_group_means.png>
Package pdftex.def Info: ../figs_from_outputs/A_figA2_radar_group_means.png  us
ed on input line 571. on input line 571.
Package pdftex.def Info: Requested size: 217.42265pt x 191.32404pt on input lin
e 571.
<../figs_from_outputs/A_figA3_tsne2d_delta_ddgroup.png, id=300, 609.696pt x 505
.233pt>
File: ../figs_from_outputs/A_figA3_tsne2d_delta_ddgroup.png Graphic file (type 
png)
<use ../figs_from_outputs/A_figA3_tsne2d_delta_ddgroup.png>
Package pdftex.def Info: ../figs_from_outputs/A_figA3_tsne2d_delta_ddgroup.png 
 used on input line 578. on input line 578.
Package pdftex.def Info: Requested size: 271.7835pt x 225.21729pt on input line
 578.
<../figs_from_outputs/A_figA4_parallel_delta_patchtype.png, id=301, 835.047pt x
 451.6875pt>
File: ../figs_from_outputs/A_figA4_parallel_delta_patchtype.png Graphic file (t
ype png)
<use ../figs_from_outputs/A_figA4_parallel_delta_patchtype.png>
Package pdftex.def Info: ../figs_from_outputs/A_figA4_parallel_delta_patchtype.
png  used on input line 589. on input line 589.
Package pdftex.def Info: Requested size: 217.42265pt x 117.60828pt on input lin
e 589.

Underfull \hbox (badness 1895) in paragraph at lines 590--590
[]\T1/cmr/m/n/10 (a) |Parallel-coordinate dis-place-ment by patch
 []

<../figs_from_outputs/A_figA5_param3d_delta_correlation.png, id=302, 563.3775pt
 x 498.006pt>
File: ../figs_from_outputs/A_figA5_param3d_delta_correlation.png Graphic file (
type png)
<use ../figs_from_outputs/A_figA5_param3d_delta_correlation.png>
Package pdftex.def Info: ../figs_from_outputs/A_figA5_param3d_delta_correlation
.png  used on input line 594. on input line 594.
Package pdftex.def Info: Requested size: 217.42265pt x 192.19263pt on input lin
e 594.
<../figs_from_outputs/A_figA6_param3d_delta_pairplot.png, id=303, 1148.1075pt x
 994.698pt>
File: ../figs_from_outputs/A_figA6_param3d_delta_pairplot.png Graphic file (typ
e png)
<use ../figs_from_outputs/A_figA6_param3d_delta_pairplot.png>
Package pdftex.def Info: ../figs_from_outputs/A_figA6_param3d_delta_pairplot.pn
g  used on input line 601. on input line 601.
Package pdftex.def Info: Requested size: 217.42265pt x 188.37228pt on input lin
e 601.
<../figs_from_outputs/A_figA7_density_isosurfaces.png, id=304, 485.1945pt x 475
.011pt>
File: ../figs_from_outputs/A_figA7_density_isosurfaces.png Graphic file (type p
ng)
<use ../figs_from_outputs/A_figA7_density_isosurfaces.png>
Package pdftex.def Info: ../figs_from_outputs/A_figA7_density_isosurfaces.png  
used on input line 606. on input line 606.
Package pdftex.def Info: Requested size: 217.42265pt x 212.86147pt on input lin
e 606.
[15

 <../figs_from_outputs/A_figA1_centroid_shift_groups.png> <../figs_from_outputs
/A_figA2_radar_group_means.png> <../figs_from_outputs/A_figA3_tsne2d_delta_ddgr
oup.png>] [16 <../figs_from_outputs/A_figA4_parallel_delta_patchtype.png> <../f
igs_from_outputs/A_figA5_param3d_delta_correlation.png> <../figs_from_outputs/A
_figA6_param3d_delta_pairplot.png> <../figs_from_outputs/A_figA7_density_isosur
faces.png>]
Overfull \hbox (5.58076pt too wide) in paragraph at lines 615--619
\T1/cmr/m/n/10.95 optimizer-score his-togram, elapsed-time his-togram, and sta-
tus bar show that the target-generation
 []

<../figs_from_outputs/A_fig14_optimizer_score_hist.png, id=322, 462.528pt x 346
.896pt>
File: ../figs_from_outputs/A_fig14_optimizer_score_hist.png Graphic file (type 
png)
<use ../figs_from_outputs/A_fig14_optimizer_score_hist.png>
Package pdftex.def Info: ../figs_from_outputs/A_fig14_optimizer_score_hist.png 
 used on input line 624. on input line 624.
Package pdftex.def Info: Requested size: 217.42265pt x 163.0676pt on input line
 624.
<../figs_from_outputs/A_fig15_optimizer_elapsed_seconds_hist.png, id=323, 462.5
28pt x 346.896pt>
File: ../figs_from_outputs/A_fig15_optimizer_elapsed_seconds_hist.png Graphic f
ile (type png)
<use ../figs_from_outputs/A_fig15_optimizer_elapsed_seconds_hist.png>
Package pdftex.def Info: ../figs_from_outputs/A_fig15_optimizer_elapsed_seconds
_hist.png  used on input line 629. on input line 629.
Package pdftex.def Info: Requested size: 217.42265pt x 163.0676pt on input line
 629.
<../figs_from_outputs/A_fig16_optimizer_status_bar.png, id=324, 462.528pt x 346
.896pt>
File: ../figs_from_outputs/A_fig16_optimizer_status_bar.png Graphic file (type 
png)
<use ../figs_from_outputs/A_fig16_optimizer_status_bar.png>
Package pdftex.def Info: ../figs_from_outputs/A_fig16_optimizer_status_bar.png 
 used on input line 636. on input line 636.
Package pdftex.def Info: Requested size: 217.42265pt x 163.0676pt on input line
 636.
<../figs_from_outputs/A_fig17_area_px_hist.png, id=325, 462.528pt x 346.896pt>
File: ../figs_from_outputs/A_fig17_area_px_hist.png Graphic file (type png)
<use ../figs_from_outputs/A_fig17_area_px_hist.png>
Package pdftex.def Info: ../figs_from_outputs/A_fig17_area_px_hist.png  used on
 input line 641. on input line 641.
Package pdftex.def Info: Requested size: 217.42265pt x 163.0676pt on input line
 641.
<../figs_from_outputs/A_fig18_n_contours_hist.png, id=326, 462.528pt x 346.896p
t>
File: ../figs_from_outputs/A_fig18_n_contours_hist.png Graphic file (type png)
<use ../figs_from_outputs/A_fig18_n_contours_hist.png>
Package pdftex.def Info: ../figs_from_outputs/A_fig18_n_contours_hist.png  used
 on input line 648. on input line 648.
Package pdftex.def Info: Requested size: 217.42265pt x 163.0676pt on input line
 648.
<../figs_from_outputs/A_fig19_param_mu_hist.png, id=327, 462.528pt x 346.896pt>

File: ../figs_from_outputs/A_fig19_param_mu_hist.png Graphic file (type png)
<use ../figs_from_outputs/A_fig19_param_mu_hist.png>
Package pdftex.def Info: ../figs_from_outputs/A_fig19_param_mu_hist.png  used o
n input line 659. on input line 659.
Package pdftex.def Info: Requested size: 140.41893pt x 105.31349pt on input lin
e 659.
<../figs_from_outputs/A_fig20_param_lambda_hist.png, id=328, 462.528pt x 346.89
6pt>
File: ../figs_from_outputs/A_fig20_param_lambda_hist.png Graphic file (type png
)
<use ../figs_from_outputs/A_fig20_param_lambda_hist.png>
Package pdftex.def Info: ../figs_from_outputs/A_fig20_param_lambda_hist.png  us
ed on input line 664. on input line 664.
Package pdftex.def Info: Requested size: 140.41893pt x 105.31349pt on input lin
e 664.
<../figs_from_outputs/A_fig21_param_diffusion_rate_hist.png, id=329, 462.528pt 
x 346.896pt>
File: ../figs_from_outputs/A_fig21_param_diffusion_rate_hist.png Graphic file (
type png)
<use ../figs_from_outputs/A_fig21_param_diffusion_rate_hist.png>
Package pdftex.def Info: ../figs_from_outputs/A_fig21_param_diffusion_rate_hist
.png  used on input line 669. on input line 669.
Package pdftex.def Info: Requested size: 140.41893pt x 105.31349pt on input lin
e 669.
<../figs_from_outputs/A_fig22_param_alpha_hist.png, id=330, 462.528pt x 346.896
pt>
File: ../figs_from_outputs/A_fig22_param_alpha_hist.png Graphic file (type png)

<use ../figs_from_outputs/A_fig22_param_alpha_hist.png>
Package pdftex.def Info: ../figs_from_outputs/A_fig22_param_alpha_hist.png  use
d on input line 676. on input line 676.
Package pdftex.def Info: Requested size: 140.41893pt x 105.31349pt on input lin
e 676.
<../figs_from_outputs/A_fig23_param_beta_hist.png, id=331, 462.528pt x 346.896p
t>
File: ../figs_from_outputs/A_fig23_param_beta_hist.png Graphic file (type png)
<use ../figs_from_outputs/A_fig23_param_beta_hist.png>
Package pdftex.def Info: ../figs_from_outputs/A_fig23_param_beta_hist.png  used
 on input line 681. on input line 681.
Package pdftex.def Info: Requested size: 140.41893pt x 105.31349pt on input lin
e 681.
<../figs_from_outputs/A_fig24_param_gamma_hist.png, id=332, 462.528pt x 346.896
pt>
File: ../figs_from_outputs/A_fig24_param_gamma_hist.png Graphic file (type png)

<use ../figs_from_outputs/A_fig24_param_gamma_hist.png>
Package pdftex.def Info: ../figs_from_outputs/A_fig24_param_gamma_hist.png  use
d on input line 686. on input line 686.
Package pdftex.def Info: Requested size: 140.41893pt x 105.31349pt on input lin
e 686.
<../figs_from_outputs/A_fig25_param_energy_threshold_hist.png, id=333, 462.528p
t x 346.896pt>
File: ../figs_from_outputs/A_fig25_param_energy_threshold_hist.png Graphic file
 (type png)
<use ../figs_from_outputs/A_fig25_param_energy_threshold_hist.png>
Package pdftex.def Info: ../figs_from_outputs/A_fig25_param_energy_threshold_hi
st.png  used on input line 693. on input line 693.
Package pdftex.def Info: Requested size: 190.24568pt x 142.68349pt on input lin
e 693.
[17

 <../figs_from_outputs/A_fig14_optimizer_score_hist.png (PNG copy)> <../figs_fr
om_outputs/A_fig15_optimizer_elapsed_seconds_hist.png (PNG copy)> <../figs_from
_outputs/A_fig16_optimizer_status_bar.png (PNG copy)> <../figs_from_outputs/A_f
ig17_area_px_hist.png (PNG copy)> <../figs_from_outputs/A_fig18_n_contours_hist
.png (PNG copy)>]
<../figs_from_outputs/A_fig28_scatter_teacher_vs_pred_area_frac.png, id=339, 72
2.7pt x 325.215pt>
File: ../figs_from_outputs/A_fig28_scatter_teacher_vs_pred_area_frac.png Graphi
c file (type png)
<use ../figs_from_outputs/A_fig28_scatter_teacher_vs_pred_area_frac.png>
Package pdftex.def Info: ../figs_from_outputs/A_fig28_scatter_teacher_vs_pred_a
rea_frac.png  used on input line 704. on input line 704.
Package pdftex.def Info: Requested size: 217.42265pt x 97.83818pt on input line
 704.
File: ../figs_from_outputs/A_fig29_threshold_sweep_plot.png Graphic file (type 
png)
<use ../figs_from_outputs/A_fig29_threshold_sweep_plot.png>
Package pdftex.def Info: ../figs_from_outputs/A_fig29_threshold_sweep_plot.png 
 used on input line 709. on input line 709.
Package pdftex.def Info: Requested size: 217.42265pt x 163.0676pt on input line
 709.
 [18 <../figs_from_outputs/A_fig19_param_mu_hist.png (PNG copy)> <../figs_from_
outputs/A_fig20_param_lambda_hist.png (PNG copy)> <../figs_from_outputs/A_fig21
_param_diffusion_rate_hist.png (PNG copy)> <../figs_from_outputs/A_fig22_param_
alpha_hist.png (PNG copy)> <../figs_from_outputs/A_fig23_param_beta_hist.png (P
NG copy)> <../figs_from_outputs/A_fig24_param_gamma_hist.png (PNG copy)> <../fi
gs_from_outputs/A_fig25_param_energy_threshold_hist.png (PNG copy)>] (./main_ph
ysics_learning.bbl [19 <../figs_from_outputs/A_fig28_scatter_teacher_vs_pred_ar
ea_frac.png (PNG copy)>])
Package atveryend Info: Empty hook `BeforeClearDocument' on input line 718.
 [20]
Package atveryend Info: Empty hook `AfterLastShipout' on input line 718.
 (./main_physics_learning.aux)
Package atveryend Info: Executing hook `AtVeryEndDocument' on input line 718.
Package atveryend Info: Executing hook `AtEndAfterFileList' on input line 718.
Package rerunfilecheck Info: File `main_physics_learning.out' has not changed.
(rerunfilecheck)             Checksum: BA7C50E9447DCAC0ED8DEF9BCA5F0AF3;1834.
Package atveryend Info: Empty hook `AtVeryVeryEnd' on input line 718.
 ) 
Here is how much of TeX's memory you used:
 9443 strings out of 494917
 146531 string characters out of 6180699
 233624 words of memory out of 5000000
 12497 multiletter control sequences out of 15000+600000
 22560 words of font info for 67 fonts, out of 8000000 for 9000
 14 hyphenation exceptions out of 8191
 42i,11n,51p,450b,483s stack positions out of 5000i,500n,10000p,200000b,80000s
{/usr/share/texlive/texmf-dist/fonts/enc/dvips/cm-super/cm-super-t1.enc}</usr
/share/texlive/texmf-dist/fonts/type1/public/amsfonts/cm/cmmi10.pfb></usr/share
/texlive/texmf-dist/fonts/type1/public/amsfonts/cm/cmmi8.pfb></usr/share/texliv
e/texmf-dist/fonts/type1/public/amsfonts/cm/cmmib10.pfb></usr/share/texlive/tex
mf-dist/fonts/type1/public/amsfonts/cmextra/cmmib8.pfb></usr/share/texlive/texm
f-dist/fonts/type1/public/amsfonts/cm/cmr10.pfb></usr/share/texlive/texmf-dist/
fonts/type1/public/amsfonts/cm/cmr8.pfb></usr/share/texlive/texmf-dist/fonts/ty
pe1/public/amsfonts/cm/cmsy10.pfb></usr/share/texlive/texmf-dist/fonts/type1/pu
blic/amsfonts/cm/cmsy8.pfb></usr/share/texlive/texmf-dist/fonts/type1/public/am
sfonts/symbols/msbm10.pfb></usr/share/texlive/texmf-dist/fonts/type1/public/cm-
super/sfbx1000.pfb></usr/share/texlive/texmf-dist/fonts/type1/public/cm-super/s
fbx1095.pfb></usr/share/texlive/texmf-dist/fonts/type1/public/cm-super/sfbx1200
.pfb></usr/share/texlive/texmf-dist/fonts/type1/public/cm-super/sfbx1440.pfb></
usr/share/texlive/texmf-dist/fonts/type1/public/cm-super/sfrm1000.pfb></usr/sha
re/texlive/texmf-dist/fonts/type1/public/cm-super/sfrm1095.pfb></usr/share/texl
ive/texmf-dist/fonts/type1/public/cm-super/sfrm1200.pfb></usr/share/texlive/tex
mf-dist/fonts/type1/public/cm-super/sfrm1728.pfb></usr/share/texlive/texmf-dist
/fonts/type1/public/cm-super/sfti1095.pfb></usr/share/texlive/texmf-dist/fonts/
type1/public/cm-super/sftt1000.pfb></usr/share/texlive/texmf-dist/fonts/type1/p
ublic/cm-super/sftt1095.pfb>
Output written on main_physics_learning.pdf (20 pages, 24700588 bytes).
PDF statistics:
 444 PDF objects out of 1000 (max. 8388607)
 336 compressed objects within 4 object streams
 91 named destinations out of 1000 (max. 500000)
 402 words of extra memory for PDF output out of 10000 (max. 10000000)

